# zsim stats
===
root: # Stats
 contention: # Contention simulation stats
  domain-0: # Domain stats
   time: 259202901 # Weave simulation time
 time: # Simulator time breakdown
  init: 6974427509857
  bound: 15190412921
  weave: 629821494
  ff: 0
 trigger: 20000 # Reason for this stats dump
 phase: 6433 # Simulated phases
 westmere: # Core stats
  westmere-0: # Core stats
   cycles: 64330635 # Simulated unhalted cycles
   cCycles: 5654296 # Cycles due to contention stalls
   instrs: 100013659 # Simulated instructions
   uops: 142689226 # Retired micro-ops
   bbls: 4786391 # Basic blocks
   approxInstrs: 437 # Instrs with approx uop decoding
   mispredBranches: 23034 # Mispredicted branches
   condBranches: 4718761 # conditional branches
 l1i: # Cache stats
  l1i-0: # Filter cache stats
   fhGETS: 9441344 # Filtered GETS hits
   fhGETX: 0 # Filtered GETX hits
   hGETS: 20681 # GETS hits
   hGETX: 0 # GETX hits
   mGETS: 1895 # GETS misses
   mGETXIM: 0 # GETX I->M misses
   mGETXSM: 0 # GETX S->M misses (upgrade misses)
   PUTS: 0 # Clean evictions (from lower level)
   PUTX: 0 # Dirty evictions (from lower level)
   INV: 0 # Invalidates (from upper level)
   INVX: 0 # Downgrades (from upper level)
   FWD: 0 # Forwards (from upper level)
   latGETnl: 104954 # GET request latency on next level
   latGETnet: 0 # GET request latency on network to next level
 l1d: # Cache stats
  l1d-0: # Filter cache stats
   fhGETS: 27167646 # Filtered GETS hits
   fhGETX: 9095264 # Filtered GETX hits
   hGETS: 15668862 # GETS hits
   hGETX: 5960633 # GETX hits
   mGETS: 242664 # GETS misses
   mGETXIM: 291924 # GETX I->M misses
   mGETXSM: 0 # GETX S->M misses (upgrade misses)
   PUTS: 0 # Clean evictions (from lower level)
   PUTX: 0 # Dirty evictions (from lower level)
   INV: 0 # Invalidates (from upper level)
   INVX: 0 # Downgrades (from upper level)
   FWD: 0 # Forwards (from upper level)
   latGETnl: 26850120 # GET request latency on next level
   latGETnet: 0 # GET request latency on network to next level
 l2: # Cache stats
  l2-0: # Cache stats
   hGETS: 214835 # GETS hits
   hGETX: 1467 # GETX hits
   mGETS: 29724 # GETS misses
   mGETXIM: 290457 # GETX I->M misses
   mGETXSM: 0 # GETX S->M misses (upgrade misses)
   PUTS: 242904 # Clean evictions (from lower level)
   PUTX: 292634 # Dirty evictions (from lower level)
   INV: 0 # Invalidates (from upper level)
   INVX: 0 # Downgrades (from upper level)
   FWD: 0 # Forwards (from upper level)
   latGETnl: 21590244 # GET request latency on next level
   latGETnet: 0 # GET request latency on network to next level
 l3: # Cache stats
  l3-0: # Cache stats
   hGETS: 25087 # GETS hits
   hGETX: 140584 # GETX hits
   mGETS: 4637 # GETS misses
   mGETXIM: 149873 # GETX I->M misses
   mGETXSM: 0 # GETX S->M misses (upgrade misses)
   PUTS: 27359 # Clean evictions (from lower level)
   PUTX: 288726 # Dirty evictions (from lower level)
   INV: 0 # Invalidates (from upper level)
   INVX: 0 # Downgrades (from upper level)
   FWD: 0 # Forwards (from upper level)
   latGETnl: 13905900 # GET request latency on next level
   latGETnet: 0 # GET request latency on network to next level
 mem: # Memory controller stats
  mem-0: # Memory controller stats
   rd: 38643 # Read requests
   wr: 29934 # Write requests
   rdlat: 5828762 # Total latency experienced by read requests
   wrlat: 4384531 # Total latency experienced by write requests
   rdhits: 5 # Read row hits
   wrhits: 281 # Write row hits
   mlh: # latency histogram for memory requests
    0: 0
    1: 0
    2: 0
    3: 0
    4: 0
    5: 0
    6: 0
    7: 0
    8: 0
    9: 0
    10: 0
    11: 1
    12: 2
    13: 29082
    14: 3375
    15: 39
    16: 39
    17: 17
    18: 11
    19: 15
    20: 18
    21: 8
    22: 41
    23: 5522
    24: 23
    25: 46
    26: 14
    27: 21
    28: 22
    29: 25
    30: 16
    31: 27
    32: 22
    33: 17
    34: 25
    35: 21
    36: 23
    37: 13
    38: 5
    39: 21
    40: 16
    41: 8
    42: 15
    43: 6
    44: 8
    45: 3
    46: 6
    47: 36
    48: 8
    49: 13
    50: 3
    51: 1
    52: 5
    53: 4
    54: 0
    55: 0
    56: 0
    57: 0
    58: 0
    59: 0
    60: 0
    61: 0
    62: 0
    63: 0
    64: 0
    65: 0
    66: 0
    67: 0
    68: 0
    69: 0
    70: 0
    71: 0
    72: 0
    73: 0
    74: 0
    75: 0
    76: 0
    77: 0
    78: 0
    79: 0
    80: 0
    81: 0
    82: 0
    83: 0
    84: 0
    85: 0
    86: 0
    87: 0
    88: 0
    89: 0
    90: 0
    91: 0
    92: 0
    93: 0
    94: 0
    95: 0
    96: 0
    97: 0
    98: 0
    99: 0
  mem-1: # Memory controller stats
   rd: 38654 # Read requests
   wr: 29955 # Write requests
   rdlat: 5848186 # Total latency experienced by read requests
   wrlat: 4396929 # Total latency experienced by write requests
   rdhits: 6 # Read row hits
   wrhits: 287 # Write row hits
   mlh: # latency histogram for memory requests
    0: 0
    1: 0
    2: 0
    3: 0
    4: 0
    5: 0
    6: 0
    7: 0
    8: 0
    9: 0
    10: 0
    11: 0
    12: 2
    13: 29024
    14: 3381
    15: 45
    16: 26
    17: 15
    18: 9
    19: 16
    20: 12
    21: 10
    22: 43
    23: 5529
    24: 25
    25: 63
    26: 21
    27: 15
    28: 41
    29: 22
    30: 14
    31: 14
    32: 18
    33: 23
    34: 21
    35: 22
    36: 17
    37: 21
    38: 17
    39: 11
    40: 17
    41: 16
    42: 26
    43: 15
    44: 4
    45: 2
    46: 6
    47: 45
    48: 15
    49: 6
    50: 10
    51: 4
    52: 10
    53: 1
    54: 0
    55: 0
    56: 0
    57: 0
    58: 0
    59: 0
    60: 0
    61: 0
    62: 0
    63: 0
    64: 0
    65: 0
    66: 0
    67: 0
    68: 0
    69: 0
    70: 0
    71: 0
    72: 0
    73: 0
    74: 0
    75: 0
    76: 0
    77: 0
    78: 0
    79: 0
    80: 0
    81: 0
    82: 0
    83: 0
    84: 0
    85: 0
    86: 0
    87: 0
    88: 0
    89: 0
    90: 0
    91: 0
    92: 0
    93: 0
    94: 0
    95: 0
    96: 0
    97: 0
    98: 0
    99: 0
  mem-2: # Memory controller stats
   rd: 38609 # Read requests
   wr: 29886 # Write requests
   rdlat: 5826743 # Total latency experienced by read requests
   wrlat: 4380837 # Total latency experienced by write requests
   rdhits: 3 # Read row hits
   wrhits: 275 # Write row hits
   mlh: # latency histogram for memory requests
    0: 0
    1: 0
    2: 0
    3: 0
    4: 0
    5: 0
    6: 0
    7: 0
    8: 0
    9: 0
    10: 0
    11: 2
    12: 0
    13: 28999
    14: 3377
    15: 39
    16: 46
    17: 21
    18: 11
    19: 16
    20: 17
    21: 16
    22: 39
    23: 5567
    24: 36
    25: 47
    26: 17
    27: 11
    28: 19
    29: 19
    30: 22
    31: 18
    32: 25
    33: 20
    34: 21
    35: 10
    36: 10
    37: 17
    38: 14
    39: 22
    40: 10
    41: 14
    42: 16
    43: 8
    44: 2
    45: 2
    46: 6
    47: 36
    48: 11
    49: 4
    50: 4
    51: 6
    52: 8
    53: 4
    54: 0
    55: 0
    56: 0
    57: 0
    58: 0
    59: 0
    60: 0
    61: 0
    62: 0
    63: 0
    64: 0
    65: 0
    66: 0
    67: 0
    68: 0
    69: 0
    70: 0
    71: 0
    72: 0
    73: 0
    74: 0
    75: 0
    76: 0
    77: 0
    78: 0
    79: 0
    80: 0
    81: 0
    82: 0
    83: 0
    84: 0
    85: 0
    86: 0
    87: 0
    88: 0
    89: 0
    90: 0
    91: 0
    92: 0
    93: 0
    94: 0
    95: 0
    96: 0
    97: 0
    98: 0
    99: 0
  mem-3: # Memory controller stats
   rd: 38603 # Read requests
   wr: 29902 # Write requests
   rdlat: 5836201 # Total latency experienced by read requests
   wrlat: 4399387 # Total latency experienced by write requests
   rdhits: 6 # Read row hits
   wrhits: 259 # Write row hits
   mlh: # latency histogram for memory requests
    0: 0
    1: 0
    2: 0
    3: 0
    4: 0
    5: 0
    6: 0
    7: 0
    8: 0
    9: 0
    10: 0
    11: 2
    12: 3
    13: 29021
    14: 3346
    15: 47
    16: 35
    17: 17
    18: 12
    19: 18
    20: 11
    21: 11
    22: 43
    23: 5572
    24: 24
    25: 38
    26: 10
    27: 16
    28: 17
    29: 11
    30: 12
    31: 17
    32: 16
    33: 10
    34: 22
    35: 19
    36: 22
    37: 16
    38: 20
    39: 21
    40: 18
    41: 15
    42: 22
    43: 8
    44: 7
    45: 5
    46: 7
    47: 44
    48: 14
    49: 8
    50: 4
    51: 9
    52: 10
    53: 3
    54: 0
    55: 0
    56: 0
    57: 0
    58: 0
    59: 0
    60: 0
    61: 0
    62: 0
    63: 0
    64: 0
    65: 0
    66: 0
    67: 0
    68: 0
    69: 0
    70: 0
    71: 0
    72: 0
    73: 0
    74: 0
    75: 0
    76: 0
    77: 0
    78: 0
    79: 0
    80: 0
    81: 0
    82: 0
    83: 0
    84: 0
    85: 0
    86: 0
    87: 0
    88: 0
    89: 0
    90: 0
    91: 0
    92: 0
    93: 0
    94: 0
    95: 0
    96: 0
    97: 0
    98: 0
    99: 0
 sched: # Scheduler stats
  thCr: 1 # Threads created
  thFn: 1 # Threads finished
  schedEvs: 1 # Schedule events
  waitEvs: 0 # Wait events
  handoffEvs: 0 # Handoff events
  sleepEvs: 0 # Sleep events
  idlePhases: 0 # Phases with no thread active
  idlePeriods: 0 # Periods with no thread active
  occHist: # Occupancy histogram
   0: 0
   1: 6433
  rqSzHist: # Run queue size histogram
   0: 6433
   1: 0
   2: 0
   3: 0
   4: 0
   5: 0
   6: 0
   7: 0
   8: 0
   9: 0
   10: 0
   11: 0
   12: 0
   13: 0
   14: 0
   15: 0
   16: 0
 procCycles: # Per-process unhalted core cycles
  0: 64330635
  1: 0
  2: 0
  3: 0
  4: 0
  5: 0
  6: 0
  7: 0
  8: 0
  9: 0
  10: 0
  11: 0
  12: 0
  13: 0
  14: 0
  15: 0
  16: 0
  17: 0
  18: 0
  19: 0
  20: 0
  21: 0
  22: 0
  23: 0
  24: 0
  25: 0
  26: 0
  27: 0
  28: 0
  29: 0
  30: 0
  31: 0
  32: 0
  33: 0
  34: 0
  35: 0
  36: 0
  37: 0
  38: 0
  39: 0
  40: 0
  41: 0
  42: 0
  43: 0
  44: 0
  45: 0
  46: 0
  47: 0
  48: 0
  49: 0
  50: 0
  51: 0
  52: 0
  53: 0
  54: 0
  55: 0
  56: 0
  57: 0
  58: 0
  59: 0
  60: 0
  61: 0
  62: 0
  63: 0
 procInstrs: # Per-process instructions
  0: 100013659
  1: 0
  2: 0
  3: 0
  4: 0
  5: 0
  6: 0
  7: 0
  8: 0
  9: 0
  10: 0
  11: 0
  12: 0
  13: 0
  14: 0
  15: 0
  16: 0
  17: 0
  18: 0
  19: 0
  20: 0
  21: 0
  22: 0
  23: 0
  24: 0
  25: 0
  26: 0
  27: 0
  28: 0
  29: 0
  30: 0
  31: 0
  32: 0
  33: 0
  34: 0
  35: 0
  36: 0
  37: 0
  38: 0
  39: 0
  40: 0
  41: 0
  42: 0
  43: 0
  44: 0
  45: 0
  46: 0
  47: 0
  48: 0
  49: 0
  50: 0
  51: 0
  52: 0
  53: 0
  54: 0
  55: 0
  56: 0
  57: 0
  58: 0
  59: 0
  60: 0
  61: 0
  62: 0
  63: 0
 heartbeats: # Per-process heartbeats
  0: 0
  1: 0
  2: 0
  3: 0
  4: 0
  5: 0
  6: 0
  7: 0
  8: 0
  9: 0
  10: 0
  11: 0
  12: 0
  13: 0
  14: 0
  15: 0
  16: 0
  17: 0
  18: 0
  19: 0
  20: 0
  21: 0
  22: 0
  23: 0
  24: 0
  25: 0
  26: 0
  27: 0
  28: 0
  29: 0
  30: 0
  31: 0
  32: 0
  33: 0
  34: 0
  35: 0
  36: 0
  37: 0
  38: 0
  39: 0
  40: 0
  41: 0
  42: 0
  43: 0
  44: 0
  45: 0
  46: 0
  47: 0
  48: 0
  49: 0
  50: 0
  51: 0
  52: 0
  53: 0
  54: 0
  55: 0
  56: 0
  57: 0
  58: 0
  59: 0
  60: 0
  61: 0
  62: 0
  63: 0
===
