# zsim stats
===
root: # Stats
 contention: # Contention simulation stats
  domain-0: # Domain stats
   time: 495704549 # Weave simulation time
 time: # Simulator time breakdown
  init: 11210411879192
  bound: 11359826095
  weave: 635249873
  ff: 0
 trigger: 20000 # Reason for this stats dump
 phase: 8416 # Simulated phases
 westmere: # Core stats
  westmere-0: # Core stats
   cycles: 84161053 # Simulated unhalted cycles
   cCycles: 9869157 # Cycles due to contention stalls
   instrs: 100008691 # Simulated instructions
   uops: 132224919 # Retired micro-ops
   bbls: 1458068 # Basic blocks
   approxInstrs: 967633 # Instrs with approx uop decoding
   mispredBranches: 1055 # Mispredicted branches
   condBranches: 120271 # conditional branches
 l1i: # Cache stats
  l1i-0: # Filter cache stats
   fhGETS: 6773452 # Filtered GETS hits
   fhGETX: 0 # Filtered GETX hits
   hGETS: 4032341 # GETS hits
   hGETX: 0 # GETX hits
   mGETS: 2051 # GETS misses
   mGETXIM: 0 # GETX I->M misses
   mGETXSM: 0 # GETX S->M misses (upgrade misses)
   PUTS: 0 # Clean evictions (from lower level)
   PUTX: 0 # Dirty evictions (from lower level)
   INV: 1860 # Invalidates (from upper level)
   INVX: 0 # Downgrades (from upper level)
   FWD: 0 # Forwards (from upper level)
   latGETnl: 253784 # GET request latency on next level
   latGETnet: 0 # GET request latency on network to next level
 l1d: # Cache stats
  l1d-0: # Filter cache stats
   fhGETS: 37141052 # Filtered GETS hits
   fhGETX: 9740422 # Filtered GETX hits
   hGETS: 5063865 # GETS hits
   hGETX: 1468863 # GETX hits
   mGETS: 618128 # GETS misses
   mGETXIM: 140030 # GETX I->M misses
   mGETXSM: 0 # GETX S->M misses (upgrade misses)
   PUTS: 0 # Clean evictions (from lower level)
   PUTX: 0 # Dirty evictions (from lower level)
   INV: 121 # Invalidates (from upper level)
   INVX: 0 # Downgrades (from upper level)
   FWD: 0 # Forwards (from upper level)
   latGETnl: 62234404 # GET request latency on next level
   latGETnet: 0 # GET request latency on network to next level
 l2: # Cache stats
  l2-0: # Cache stats
   hGETS: 257958 # GETS hits
   hGETX: 4 # GETX hits
   mGETS: 362221 # GETS misses
   mGETXIM: 140026 # GETX I->M misses
   mGETXSM: 0 # GETX S->M misses (upgrade misses)
   PUTS: 616370 # Clean evictions (from lower level)
   PUTX: 141155 # Dirty evictions (from lower level)
   INV: 2414 # Invalidates (from upper level)
   INVX: 0 # Downgrades (from upper level)
   FWD: 0 # Forwards (from upper level)
   latGETnl: 54886098 # GET request latency on next level
   latGETnet: 0 # GET request latency on network to next level
 l3: # Cache stats
  l3-0: # Cache stats
   hGETS: 20548 # GETS hits
   hGETX: 5786 # GETX hits
   mGETS: 341673 # GETS misses
   mGETXIM: 134240 # GETX I->M misses
   mGETXSM: 0 # GETX S->M misses (upgrade misses)
   PUTS: 356209 # Clean evictions (from lower level)
   PUTX: 139528 # Dirty evictions (from lower level)
   INV: 0 # Invalidates (from upper level)
   INVX: 0 # Downgrades (from upper level)
   FWD: 0 # Forwards (from upper level)
   latGETnl: 42832170 # GET request latency on next level
   latGETnet: 0 # GET request latency on network to next level
 mem: # Memory controller stats
  mem-0: # Memory controller stats
   rd: 118948 # Read requests
   wr: 33712 # Write requests
   rdlat: 17408600 # Total latency experienced by read requests
   wrlat: 5539451 # Total latency experienced by write requests
   rdhits: 10 # Read row hits
   wrhits: 83 # Write row hits
   mlh: # latency histogram for memory requests
    0: 0
    1: 0
    2: 0
    3: 0
    4: 0
    5: 0
    6: 0
    7: 0
    8: 0
    9: 0
    10: 0
    11: 0
    12: 0
    13: 76207
    14: 20745
    15: 6401
    16: 1668
    17: 5079
    18: 1009
    19: 1066
    20: 912
    21: 184
    22: 471
    23: 128
    24: 332
    25: 2873
    26: 371
    27: 116
    28: 158
    29: 73
    30: 56
    31: 56
    32: 53
    33: 45
    34: 55
    35: 84
    36: 59
    37: 59
    38: 74
    39: 65
    40: 71
    41: 61
    42: 69
    43: 64
    44: 44
    45: 16
    46: 20
    47: 44
    48: 50
    49: 24
    50: 20
    51: 12
    52: 15
    53: 4
    54: 7
    55: 7
    56: 7
    57: 4
    58: 4
    59: 4
    60: 2
    61: 0
    62: 0
    63: 0
    64: 0
    65: 0
    66: 0
    67: 0
    68: 0
    69: 0
    70: 0
    71: 0
    72: 0
    73: 0
    74: 0
    75: 0
    76: 0
    77: 0
    78: 0
    79: 0
    80: 0
    81: 0
    82: 0
    83: 0
    84: 0
    85: 0
    86: 0
    87: 0
    88: 0
    89: 0
    90: 0
    91: 0
    92: 0
    93: 0
    94: 0
    95: 0
    96: 0
    97: 0
    98: 0
    99: 0
  mem-1: # Memory controller stats
   rd: 118961 # Read requests
   wr: 33706 # Write requests
   rdlat: 17411281 # Total latency experienced by read requests
   wrlat: 5547543 # Total latency experienced by write requests
   rdhits: 12 # Read row hits
   wrhits: 78 # Write row hits
   mlh: # latency histogram for memory requests
    0: 0
    1: 0
    2: 0
    3: 0
    4: 0
    5: 0
    6: 0
    7: 0
    8: 0
    9: 0
    10: 0
    11: 0
    12: 0
    13: 76201
    14: 20637
    15: 6358
    16: 1675
    17: 5086
    18: 1037
    19: 1077
    20: 936
    21: 192
    22: 483
    23: 137
    24: 329
    25: 2920
    26: 357
    27: 137
    28: 188
    29: 97
    30: 78
    31: 57
    32: 62
    33: 56
    34: 44
    35: 76
    36: 62
    37: 62
    38: 73
    39: 54
    40: 78
    41: 55
    42: 61
    43: 50
    44: 33
    45: 22
    46: 19
    47: 46
    48: 52
    49: 20
    50: 12
    51: 12
    52: 8
    53: 4
    54: 7
    55: 6
    56: 0
    57: 1
    58: 3
    59: 1
    60: 0
    61: 0
    62: 0
    63: 0
    64: 0
    65: 0
    66: 0
    67: 0
    68: 0
    69: 0
    70: 0
    71: 0
    72: 0
    73: 0
    74: 0
    75: 0
    76: 0
    77: 0
    78: 0
    79: 0
    80: 0
    81: 0
    82: 0
    83: 0
    84: 0
    85: 0
    86: 0
    87: 0
    88: 0
    89: 0
    90: 0
    91: 0
    92: 0
    93: 0
    94: 0
    95: 0
    96: 0
    97: 0
    98: 0
    99: 0
  mem-2: # Memory controller stats
   rd: 119003 # Read requests
   wr: 33717 # Write requests
   rdlat: 17382441 # Total latency experienced by read requests
   wrlat: 5537252 # Total latency experienced by write requests
   rdhits: 1 # Read row hits
   wrhits: 95 # Write row hits
   mlh: # latency histogram for memory requests
    0: 0
    1: 0
    2: 0
    3: 0
    4: 0
    5: 0
    6: 0
    7: 0
    8: 0
    9: 0
    10: 0
    11: 0
    12: 0
    13: 76384
    14: 20836
    15: 6310
    16: 1655
    17: 5106
    18: 1022
    19: 1001
    20: 934
    21: 137
    22: 456
    23: 173
    24: 343
    25: 2893
    26: 344
    27: 128
    28: 160
    29: 73
    30: 68
    31: 58
    32: 50
    33: 44
    34: 41
    35: 63
    36: 50
    37: 54
    38: 68
    39: 59
    40: 65
    41: 51
    42: 74
    43: 62
    44: 33
    45: 25
    46: 19
    47: 42
    48: 44
    49: 24
    50: 11
    51: 8
    52: 9
    53: 4
    54: 1
    55: 7
    56: 2
    57: 2
    58: 7
    59: 3
    60: 0
    61: 0
    62: 0
    63: 0
    64: 0
    65: 0
    66: 0
    67: 0
    68: 0
    69: 0
    70: 0
    71: 0
    72: 0
    73: 0
    74: 0
    75: 0
    76: 0
    77: 0
    78: 0
    79: 0
    80: 0
    81: 0
    82: 0
    83: 0
    84: 0
    85: 0
    86: 0
    87: 0
    88: 0
    89: 0
    90: 0
    91: 0
    92: 0
    93: 0
    94: 0
    95: 0
    96: 0
    97: 0
    98: 0
    99: 0
  mem-3: # Memory controller stats
   rd: 118996 # Read requests
   wr: 33712 # Write requests
   rdlat: 17412080 # Total latency experienced by read requests
   wrlat: 5535579 # Total latency experienced by write requests
   rdhits: 3 # Read row hits
   wrhits: 80 # Write row hits
   mlh: # latency histogram for memory requests
    0: 0
    1: 0
    2: 0
    3: 0
    4: 0
    5: 0
    6: 0
    7: 0
    8: 0
    9: 0
    10: 0
    11: 1
    12: 0
    13: 76309
    14: 20700
    15: 6336
    16: 1657
    17: 5059
    18: 1023
    19: 1044
    20: 926
    21: 157
    22: 480
    23: 194
    24: 325
    25: 2886
    26: 382
    27: 134
    28: 180
    29: 79
    30: 60
    31: 82
    32: 58
    33: 51
    34: 49
    35: 68
    36: 75
    37: 63
    38: 71
    39: 66
    40: 73
    41: 50
    42: 66
    43: 55
    44: 24
    45: 15
    46: 14
    47: 35
    48: 56
    49: 30
    50: 14
    51: 11
    52: 8
    53: 3
    54: 5
    55: 12
    56: 4
    57: 4
    58: 1
    59: 1
    60: 0
    61: 0
    62: 0
    63: 0
    64: 0
    65: 0
    66: 0
    67: 0
    68: 0
    69: 0
    70: 0
    71: 0
    72: 0
    73: 0
    74: 0
    75: 0
    76: 0
    77: 0
    78: 0
    79: 0
    80: 0
    81: 0
    82: 0
    83: 0
    84: 0
    85: 0
    86: 0
    87: 0
    88: 0
    89: 0
    90: 0
    91: 0
    92: 0
    93: 0
    94: 0
    95: 0
    96: 0
    97: 0
    98: 0
    99: 0
 sched: # Scheduler stats
  thCr: 1 # Threads created
  thFn: 1 # Threads finished
  schedEvs: 1 # Schedule events
  waitEvs: 0 # Wait events
  handoffEvs: 0 # Handoff events
  sleepEvs: 0 # Sleep events
  idlePhases: 0 # Phases with no thread active
  idlePeriods: 0 # Periods with no thread active
  occHist: # Occupancy histogram
   0: 0
   1: 8416
  rqSzHist: # Run queue size histogram
   0: 8416
   1: 0
   2: 0
   3: 0
   4: 0
   5: 0
   6: 0
   7: 0
   8: 0
   9: 0
   10: 0
   11: 0
   12: 0
   13: 0
   14: 0
   15: 0
   16: 0
 procCycles: # Per-process unhalted core cycles
  0: 84161053
  1: 0
  2: 0
  3: 0
  4: 0
  5: 0
  6: 0
  7: 0
  8: 0
  9: 0
  10: 0
  11: 0
  12: 0
  13: 0
  14: 0
  15: 0
  16: 0
  17: 0
  18: 0
  19: 0
  20: 0
  21: 0
  22: 0
  23: 0
  24: 0
  25: 0
  26: 0
  27: 0
  28: 0
  29: 0
  30: 0
  31: 0
  32: 0
  33: 0
  34: 0
  35: 0
  36: 0
  37: 0
  38: 0
  39: 0
  40: 0
  41: 0
  42: 0
  43: 0
  44: 0
  45: 0
  46: 0
  47: 0
  48: 0
  49: 0
  50: 0
  51: 0
  52: 0
  53: 0
  54: 0
  55: 0
  56: 0
  57: 0
  58: 0
  59: 0
  60: 0
  61: 0
  62: 0
  63: 0
 procInstrs: # Per-process instructions
  0: 100008691
  1: 0
  2: 0
  3: 0
  4: 0
  5: 0
  6: 0
  7: 0
  8: 0
  9: 0
  10: 0
  11: 0
  12: 0
  13: 0
  14: 0
  15: 0
  16: 0
  17: 0
  18: 0
  19: 0
  20: 0
  21: 0
  22: 0
  23: 0
  24: 0
  25: 0
  26: 0
  27: 0
  28: 0
  29: 0
  30: 0
  31: 0
  32: 0
  33: 0
  34: 0
  35: 0
  36: 0
  37: 0
  38: 0
  39: 0
  40: 0
  41: 0
  42: 0
  43: 0
  44: 0
  45: 0
  46: 0
  47: 0
  48: 0
  49: 0
  50: 0
  51: 0
  52: 0
  53: 0
  54: 0
  55: 0
  56: 0
  57: 0
  58: 0
  59: 0
  60: 0
  61: 0
  62: 0
  63: 0
 heartbeats: # Per-process heartbeats
  0: 0
  1: 0
  2: 0
  3: 0
  4: 0
  5: 0
  6: 0
  7: 0
  8: 0
  9: 0
  10: 0
  11: 0
  12: 0
  13: 0
  14: 0
  15: 0
  16: 0
  17: 0
  18: 0
  19: 0
  20: 0
  21: 0
  22: 0
  23: 0
  24: 0
  25: 0
  26: 0
  27: 0
  28: 0
  29: 0
  30: 0
  31: 0
  32: 0
  33: 0
  34: 0
  35: 0
  36: 0
  37: 0
  38: 0
  39: 0
  40: 0
  41: 0
  42: 0
  43: 0
  44: 0
  45: 0
  46: 0
  47: 0
  48: 0
  49: 0
  50: 0
  51: 0
  52: 0
  53: 0
  54: 0
  55: 0
  56: 0
  57: 0
  58: 0
  59: 0
  60: 0
  61: 0
  62: 0
  63: 0
===
