# zsim stats
===
root: # Stats
 contention: # Contention simulation stats
  domain-0: # Domain stats
   time: 3628131011 # Weave simulation time
 time: # Simulator time breakdown
  init: 1157120422772
  bound: 17315750677
  weave: 3964165032
  ff: 0
 trigger: 20000 # Reason for this stats dump
 phase: 14728 # Simulated phases
 westmere: # Core stats
  westmere-0: # Core stats
   cycles: 147282555 # Simulated unhalted cycles
   cCycles: 27020183 # Cycles due to contention stalls
   instrs: 100003267 # Simulated instructions
   uops: 114166438 # Retired micro-ops
   bbls: 2330514 # Basic blocks
   approxInstrs: 553210 # Instrs with approx uop decoding
   mispredBranches: 3146 # Mispredicted branches
   condBranches: 916894 # conditional branches
 l1i: # Cache stats
  l1i-0: # Filter cache stats
   fhGETS: 9222923 # Filtered GETS hits
   fhGETX: 0 # Filtered GETX hits
   hGETS: 6 # GETS hits
   hGETX: 0 # GETX hits
   mGETS: 3097 # GETS misses
   mGETXIM: 0 # GETX I->M misses
   mGETXSM: 0 # GETX S->M misses (upgrade misses)
   PUTS: 0 # Clean evictions (from lower level)
   PUTX: 0 # Dirty evictions (from lower level)
   INV: 3020 # Invalidates (from upper level)
   INVX: 0 # Downgrades (from upper level)
   FWD: 0 # Forwards (from upper level)
   latGETnl: 384028 # GET request latency on next level
   latGETnet: 0 # GET request latency on network to next level
 l1d: # Cache stats
  l1d-0: # Filter cache stats
   fhGETS: 17981608 # Filtered GETS hits
   fhGETX: 5283782 # Filtered GETX hits
   hGETS: 1001875 # GETS hits
   hGETX: 873336 # GETX hits
   mGETS: 789134 # GETS misses
   mGETXIM: 4305954 # GETX I->M misses
   mGETXSM: 0 # GETX S->M misses (upgrade misses)
   PUTS: 0 # Clean evictions (from lower level)
   PUTX: 0 # Dirty evictions (from lower level)
   INV: 305 # Invalidates (from upper level)
   INVX: 0 # Downgrades (from upper level)
   FWD: 0 # Forwards (from upper level)
   latGETnl: 403954544 # GET request latency on next level
   latGETnet: 0 # GET request latency on network to next level
 l2: # Cache stats
  l2-0: # Cache stats
   hGETS: 98 # GETS hits
   hGETX: 1998349 # GETX hits
   mGETS: 792133 # GETS misses
   mGETXIM: 2307605 # GETX I->M misses
   mGETXSM: 0 # GETX S->M misses (upgrade misses)
   PUTS: 788416 # Clean evictions (from lower level)
   PUTX: 4305855 # Dirty evictions (from lower level)
   INV: 3336 # Invalidates (from upper level)
   INVX: 0 # Downgrades (from upper level)
   FWD: 0 # Forwards (from upper level)
   latGETnl: 353356722 # GET request latency on next level
   latGETnet: 0 # GET request latency on network to next level
 l3: # Cache stats
  l3-0: # Cache stats
   hGETS: 68 # GETS hits
   hGETX: 81 # GETX hits
   mGETS: 792065 # GETS misses
   mGETXIM: 2307524 # GETX I->M misses
   mGETXSM: 0 # GETX S->M misses (upgrade misses)
   PUTS: 784808 # Clean evictions (from lower level)
   PUTX: 2307502 # Dirty evictions (from lower level)
   INV: 0 # Invalidates (from upper level)
   INVX: 0 # Downgrades (from upper level)
   FWD: 0 # Forwards (from upper level)
   latGETnl: 278963010 # GET request latency on next level
   latGETnet: 0 # GET request latency on network to next level
 mem: # Memory controller stats
  mem-0: # Memory controller stats
   rd: 774896 # Read requests
   wr: 574794 # Write requests
   rdlat: 110654112 # Total latency experienced by read requests
   wrlat: 101559854 # Total latency experienced by write requests
   rdhits: 49 # Read row hits
   wrhits: 12158 # Write row hits
   mlh: # latency histogram for memory requests
    0: 0
    1: 0
    2: 0
    3: 0
    4: 0
    5: 0
    6: 0
    7: 0
    8: 0
    9: 0
    10: 0
    11: 1
    12: 1
    13: 452683
    14: 156531
    15: 107976
    16: 6541
    17: 30452
    18: 1129
    19: 1626
    20: 2462
    21: 3517
    22: 2255
    23: 1722
    24: 848
    25: 556
    26: 372
    27: 540
    28: 470
    29: 379
    30: 369
    31: 385
    32: 361
    33: 382
    34: 351
    35: 301
    36: 252
    37: 191
    38: 212
    39: 414
    40: 264
    41: 284
    42: 300
    43: 154
    44: 103
    45: 54
    46: 77
    47: 66
    48: 166
    49: 71
    50: 25
    51: 12
    52: 10
    53: 10
    54: 12
    55: 3
    56: 2
    57: 1
    58: 0
    59: 1
    60: 1
    61: 0
    62: 0
    63: 1
    64: 0
    65: 0
    66: 0
    67: 0
    68: 0
    69: 0
    70: 0
    71: 0
    72: 0
    73: 0
    74: 0
    75: 0
    76: 0
    77: 0
    78: 0
    79: 0
    80: 0
    81: 0
    82: 0
    83: 0
    84: 0
    85: 0
    86: 0
    87: 0
    88: 0
    89: 0
    90: 0
    91: 0
    92: 0
    93: 0
    94: 0
    95: 0
    96: 0
    97: 0
    98: 0
    99: 0
  mem-1: # Memory controller stats
   rd: 774920 # Read requests
   wr: 574795 # Write requests
   rdlat: 110621229 # Total latency experienced by read requests
   wrlat: 100826057 # Total latency experienced by write requests
   rdhits: 85 # Read row hits
   wrhits: 13317 # Write row hits
   mlh: # latency histogram for memory requests
    0: 0
    1: 0
    2: 0
    3: 0
    4: 0
    5: 0
    6: 0
    7: 0
    8: 0
    9: 0
    10: 0
    11: 1
    12: 3
    13: 452779
    14: 157077
    15: 106422
    16: 8472
    17: 30887
    18: 845
    19: 1585
    20: 2145
    21: 3088
    22: 1982
    23: 1527
    24: 809
    25: 698
    26: 424
    27: 524
    28: 405
    29: 370
    30: 360
    31: 362
    32: 353
    33: 368
    34: 343
    35: 283
    36: 253
    37: 222
    38: 207
    39: 412
    40: 330
    41: 350
    42: 300
    43: 162
    44: 111
    45: 49
    46: 69
    47: 64
    48: 159
    49: 62
    50: 22
    51: 7
    52: 8
    53: 8
    54: 9
    55: 2
    56: 0
    57: 0
    58: 0
    59: 0
    60: 1
    61: 1
    62: 0
    63: 0
    64: 0
    65: 0
    66: 0
    67: 0
    68: 0
    69: 0
    70: 0
    71: 0
    72: 0
    73: 0
    74: 0
    75: 0
    76: 0
    77: 0
    78: 0
    79: 0
    80: 0
    81: 0
    82: 0
    83: 0
    84: 0
    85: 0
    86: 0
    87: 0
    88: 0
    89: 0
    90: 0
    91: 0
    92: 0
    93: 0
    94: 0
    95: 0
    96: 0
    97: 0
    98: 0
    99: 0
  mem-2: # Memory controller stats
   rd: 774910 # Read requests
   wr: 574794 # Write requests
   rdlat: 110691658 # Total latency experienced by read requests
   wrlat: 101553732 # Total latency experienced by write requests
   rdhits: 56 # Read row hits
   wrhits: 12837 # Write row hits
   mlh: # latency histogram for memory requests
    0: 0
    1: 0
    2: 0
    3: 0
    4: 0
    5: 0
    6: 0
    7: 0
    8: 0
    9: 0
    10: 0
    11: 1
    12: 2
    13: 452435
    14: 156065
    15: 108354
    16: 7028
    17: 30076
    18: 1086
    19: 1670
    20: 2515
    21: 3620
    22: 2251
    23: 1704
    24: 842
    25: 576
    26: 421
    27: 538
    28: 487
    29: 393
    30: 359
    31: 366
    32: 334
    33: 398
    34: 352
    35: 283
    36: 245
    37: 219
    38: 201
    39: 407
    40: 278
    41: 327
    42: 310
    43: 157
    44: 91
    45: 50
    46: 71
    47: 86
    48: 176
    49: 70
    50: 19
    51: 4
    52: 7
    53: 11
    54: 15
    55: 0
    56: 0
    57: 0
    58: 2
    59: 0
    60: 4
    61: 2
    62: 1
    63: 0
    64: 0
    65: 0
    66: 1
    67: 0
    68: 0
    69: 0
    70: 0
    71: 0
    72: 0
    73: 0
    74: 0
    75: 0
    76: 0
    77: 0
    78: 0
    79: 0
    80: 0
    81: 0
    82: 0
    83: 0
    84: 0
    85: 0
    86: 0
    87: 0
    88: 0
    89: 0
    90: 0
    91: 0
    92: 0
    93: 0
    94: 0
    95: 0
    96: 0
    97: 0
    98: 0
    99: 0
  mem-3: # Memory controller stats
   rd: 774800 # Read requests
   wr: 574746 # Write requests
   rdlat: 110615706 # Total latency experienced by read requests
   wrlat: 100915271 # Total latency experienced by write requests
   rdhits: 47 # Read row hits
   wrhits: 12650 # Write row hits
   mlh: # latency histogram for memory requests
    0: 0
    1: 0
    2: 0
    3: 0
    4: 0
    5: 0
    6: 0
    7: 0
    8: 0
    9: 0
    10: 0
    11: 0
    12: 4
    13: 452074
    14: 156535
    15: 107331
    16: 8559
    17: 30976
    18: 846
    19: 1587
    20: 2157
    21: 3103
    22: 1998
    23: 1609
    24: 878
    25: 682
    26: 396
    27: 508
    28: 428
    29: 363
    30: 332
    31: 368
    32: 333
    33: 375
    34: 327
    35: 263
    36: 241
    37: 229
    38: 242
    39: 395
    40: 275
    41: 304
    42: 305
    43: 169
    44: 115
    45: 54
    46: 92
    47: 74
    48: 141
    49: 68
    50: 18
    51: 13
    52: 9
    53: 8
    54: 8
    55: 3
    56: 1
    57: 1
    58: 2
    59: 1
    60: 0
    61: 0
    62: 0
    63: 0
    64: 0
    65: 0
    66: 0
    67: 0
    68: 0
    69: 0
    70: 0
    71: 0
    72: 0
    73: 0
    74: 0
    75: 0
    76: 0
    77: 0
    78: 0
    79: 0
    80: 0
    81: 0
    82: 0
    83: 0
    84: 0
    85: 0
    86: 0
    87: 0
    88: 0
    89: 0
    90: 0
    91: 0
    92: 0
    93: 0
    94: 0
    95: 0
    96: 0
    97: 0
    98: 0
    99: 0
 sched: # Scheduler stats
  thCr: 1 # Threads created
  thFn: 1 # Threads finished
  schedEvs: 1 # Schedule events
  waitEvs: 0 # Wait events
  handoffEvs: 0 # Handoff events
  sleepEvs: 0 # Sleep events
  idlePhases: 0 # Phases with no thread active
  idlePeriods: 0 # Periods with no thread active
  occHist: # Occupancy histogram
   0: 0
   1: 14728
  rqSzHist: # Run queue size histogram
   0: 14728
   1: 0
   2: 0
   3: 0
   4: 0
   5: 0
   6: 0
   7: 0
   8: 0
   9: 0
   10: 0
   11: 0
   12: 0
   13: 0
   14: 0
   15: 0
   16: 0
 procCycles: # Per-process unhalted core cycles
  0: 147282555
  1: 0
  2: 0
  3: 0
  4: 0
  5: 0
  6: 0
  7: 0
  8: 0
  9: 0
  10: 0
  11: 0
  12: 0
  13: 0
  14: 0
  15: 0
  16: 0
  17: 0
  18: 0
  19: 0
  20: 0
  21: 0
  22: 0
  23: 0
  24: 0
  25: 0
  26: 0
  27: 0
  28: 0
  29: 0
  30: 0
  31: 0
  32: 0
  33: 0
  34: 0
  35: 0
  36: 0
  37: 0
  38: 0
  39: 0
  40: 0
  41: 0
  42: 0
  43: 0
  44: 0
  45: 0
  46: 0
  47: 0
  48: 0
  49: 0
  50: 0
  51: 0
  52: 0
  53: 0
  54: 0
  55: 0
  56: 0
  57: 0
  58: 0
  59: 0
  60: 0
  61: 0
  62: 0
  63: 0
 procInstrs: # Per-process instructions
  0: 100003267
  1: 0
  2: 0
  3: 0
  4: 0
  5: 0
  6: 0
  7: 0
  8: 0
  9: 0
  10: 0
  11: 0
  12: 0
  13: 0
  14: 0
  15: 0
  16: 0
  17: 0
  18: 0
  19: 0
  20: 0
  21: 0
  22: 0
  23: 0
  24: 0
  25: 0
  26: 0
  27: 0
  28: 0
  29: 0
  30: 0
  31: 0
  32: 0
  33: 0
  34: 0
  35: 0
  36: 0
  37: 0
  38: 0
  39: 0
  40: 0
  41: 0
  42: 0
  43: 0
  44: 0
  45: 0
  46: 0
  47: 0
  48: 0
  49: 0
  50: 0
  51: 0
  52: 0
  53: 0
  54: 0
  55: 0
  56: 0
  57: 0
  58: 0
  59: 0
  60: 0
  61: 0
  62: 0
  63: 0
 heartbeats: # Per-process heartbeats
  0: 0
  1: 0
  2: 0
  3: 0
  4: 0
  5: 0
  6: 0
  7: 0
  8: 0
  9: 0
  10: 0
  11: 0
  12: 0
  13: 0
  14: 0
  15: 0
  16: 0
  17: 0
  18: 0
  19: 0
  20: 0
  21: 0
  22: 0
  23: 0
  24: 0
  25: 0
  26: 0
  27: 0
  28: 0
  29: 0
  30: 0
  31: 0
  32: 0
  33: 0
  34: 0
  35: 0
  36: 0
  37: 0
  38: 0
  39: 0
  40: 0
  41: 0
  42: 0
  43: 0
  44: 0
  45: 0
  46: 0
  47: 0
  48: 0
  49: 0
  50: 0
  51: 0
  52: 0
  53: 0
  54: 0
  55: 0
  56: 0
  57: 0
  58: 0
  59: 0
  60: 0
  61: 0
  62: 0
  63: 0
===
