# zsim stats
===
root: # Stats
 contention: # Contention simulation stats
  domain-0: # Domain stats
   time: 10869247382 # Weave simulation time
 time: # Simulator time breakdown
  init: 629353458682
  bound: 46610134125
  weave: 14907943297
  ff: 0
 trigger: 20000 # Reason for this stats dump
 phase: 65192 # Simulated phases
 westmere: # Core stats
  westmere-0: # Core stats
   cycles: 651922784 # Simulated unhalted cycles
   cCycles: 148301243 # Cycles due to contention stalls
   instrs: 100000840 # Simulated instructions
   uops: 101912713 # Retired micro-ops
   bbls: 27652729 # Basic blocks
   approxInstrs: 22402 # Instrs with approx uop decoding
   mispredBranches: 1591211 # Mispredicted branches
   condBranches: 25800986 # conditional branches
 l1i: # Cache stats
  l1i-0: # Filter cache stats
   fhGETS: 35460108 # Filtered GETS hits
   fhGETX: 0 # Filtered GETX hits
   hGETS: 0 # GETS hits
   hGETX: 0 # GETX hits
   mGETS: 47 # GETS misses
   mGETXIM: 0 # GETX I->M misses
   mGETXSM: 0 # GETX S->M misses (upgrade misses)
   PUTS: 0 # Clean evictions (from lower level)
   PUTX: 0 # Dirty evictions (from lower level)
   INV: 0 # Invalidates (from upper level)
   INVX: 0 # Downgrades (from upper level)
   FWD: 0 # Forwards (from upper level)
   latGETnl: 5828 # GET request latency on next level
   latGETnet: 0 # GET request latency on network to next level
 l1d: # Cache stats
  l1d-0: # Filter cache stats
   fhGETS: 22274501 # Filtered GETS hits
   fhGETX: 2289148 # Filtered GETX hits
   hGETS: 1840498 # GETS hits
   hGETX: 3247900 # GETX hits
   mGETS: 12461795 # GETS misses
   mGETXIM: 254119 # GETX I->M misses
   mGETXSM: 0 # GETX S->M misses (upgrade misses)
   PUTS: 0 # Clean evictions (from lower level)
   PUTX: 0 # Dirty evictions (from lower level)
   INV: 0 # Invalidates (from upper level)
   INVX: 0 # Downgrades (from upper level)
   FWD: 0 # Forwards (from upper level)
   latGETnl: 1101194538 # GET request latency on next level
   latGETnet: 0 # GET request latency on network to next level
 l2: # Cache stats
  l2-0: # Cache stats
   hGETS: 2418969 # GETS hits
   hGETX: 80758 # GETX hits
   mGETS: 10042873 # GETS misses
   mGETXIM: 173361 # GETX I->M misses
   mGETXSM: 0 # GETX S->M misses (upgrade misses)
   PUTS: 9459518 # Clean evictions (from lower level)
   PUTX: 3255884 # Dirty evictions (from lower level)
   INV: 0 # Invalidates (from upper level)
   INVX: 0 # Downgrades (from upper level)
   FWD: 0 # Forwards (from upper level)
   latGETnl: 974040756 # GET request latency on next level
   latGETnet: 0 # GET request latency on network to next level
 l3: # Cache stats
  l3-0: # Cache stats
   hGETS: 2066755 # GETS hits
   hGETX: 51133 # GETX hits
   mGETS: 7976118 # GETS misses
   mGETXIM: 122228 # GETX I->M misses
   mGETXSM: 0 # GETX S->M misses (upgrade misses)
   PUTS: 7439782 # Clean evictions (from lower level)
   PUTX: 2772356 # Dirty evictions (from lower level)
   INV: 0 # Invalidates (from upper level)
   INVX: 0 # Downgrades (from upper level)
   FWD: 0 # Forwards (from upper level)
   latGETnl: 728851140 # GET request latency on next level
   latGETnet: 0 # GET request latency on network to next level
 mem: # Memory controller stats
  mem-0: # Memory controller stats
   rd: 2022653 # Read requests
   wr: 655621 # Write requests
   rdlat: 275257078 # Total latency experienced by read requests
   wrlat: 95494087 # Total latency experienced by write requests
   rdhits: 2318 # Read row hits
   wrhits: 2129 # Write row hits
   mlh: # latency histogram for memory requests
    0: 0
    1: 0
    2: 0
    3: 0
    4: 0
    5: 0
    6: 0
    7: 0
    8: 0
    9: 0
    10: 0
    11: 273
    12: 423
    13: 1785141
    14: 140311
    15: 48823
    16: 13746
    17: 2662
    18: 1045
    19: 966
    20: 1126
    21: 1239
    22: 1000
    23: 1362
    24: 2919
    25: 1852
    26: 515
    27: 587
    28: 665
    29: 710
    30: 1138
    31: 1427
    32: 1163
    33: 1146
    34: 1298
    35: 1457
    36: 1416
    37: 1246
    38: 1102
    39: 1132
    40: 1157
    41: 1049
    42: 1107
    43: 446
    44: 224
    45: 167
    46: 134
    47: 254
    48: 156
    49: 40
    50: 8
    51: 6
    52: 6
    53: 6
    54: 2
    55: 0
    56: 0
    57: 0
    58: 0
    59: 1
    60: 0
    61: 0
    62: 0
    63: 0
    64: 0
    65: 0
    66: 0
    67: 0
    68: 0
    69: 0
    70: 0
    71: 0
    72: 0
    73: 0
    74: 0
    75: 0
    76: 0
    77: 0
    78: 0
    79: 0
    80: 0
    81: 0
    82: 0
    83: 0
    84: 0
    85: 0
    86: 0
    87: 0
    88: 0
    89: 0
    90: 0
    91: 0
    92: 0
    93: 0
    94: 0
    95: 0
    96: 0
    97: 0
    98: 0
    99: 0
  mem-1: # Memory controller stats
   rd: 2019646 # Read requests
   wr: 655147 # Write requests
   rdlat: 274915093 # Total latency experienced by read requests
   wrlat: 95535998 # Total latency experienced by write requests
   rdhits: 2185 # Read row hits
   wrhits: 2172 # Write row hits
   mlh: # latency histogram for memory requests
    0: 0
    1: 0
    2: 0
    3: 0
    4: 0
    5: 0
    6: 0
    7: 0
    8: 0
    9: 1
    10: 0
    11: 237
    12: 511
    13: 1783252
    14: 138807
    15: 48669
    16: 14019
    17: 2627
    18: 1028
    19: 969
    20: 1155
    21: 1222
    22: 925
    23: 1297
    24: 2989
    25: 2123
    26: 476
    27: 562
    28: 608
    29: 736
    30: 1055
    31: 1502
    32: 1112
    33: 1172
    34: 1348
    35: 1424
    36: 1351
    37: 1191
    38: 1181
    39: 1185
    40: 1146
    41: 1108
    42: 1100
    43: 502
    44: 225
    45: 191
    46: 131
    47: 249
    48: 157
    49: 55
    50: 17
    51: 8
    52: 11
    53: 6
    54: 4
    55: 1
    56: 0
    57: 0
    58: 0
    59: 1
    60: 0
    61: 0
    62: 0
    63: 0
    64: 0
    65: 0
    66: 0
    67: 0
    68: 0
    69: 0
    70: 0
    71: 0
    72: 0
    73: 0
    74: 0
    75: 0
    76: 0
    77: 0
    78: 0
    79: 0
    80: 0
    81: 0
    82: 0
    83: 0
    84: 0
    85: 0
    86: 0
    87: 0
    88: 0
    89: 0
    90: 0
    91: 0
    92: 0
    93: 0
    94: 0
    95: 0
    96: 0
    97: 0
    98: 0
    99: 0
  mem-2: # Memory controller stats
   rd: 2039645 # Read requests
   wr: 654808 # Write requests
   rdlat: 277806656 # Total latency experienced by read requests
   wrlat: 95620054 # Total latency experienced by write requests
   rdhits: 2479 # Read row hits
   wrhits: 2188 # Write row hits
   mlh: # latency histogram for memory requests
    0: 0
    1: 0
    2: 0
    3: 0
    4: 0
    5: 0
    6: 0
    7: 0
    8: 0
    9: 0
    10: 0
    11: 289
    12: 680
    13: 1793554
    14: 147348
    15: 49909
    16: 12740
    17: 2258
    18: 993
    19: 932
    20: 1228
    21: 1240
    22: 987
    23: 1502
    24: 3370
    25: 2218
    26: 511
    27: 636
    28: 626
    29: 792
    30: 1175
    31: 1464
    32: 1138
    33: 1231
    34: 1390
    35: 1438
    36: 1321
    37: 1237
    38: 1161
    39: 1258
    40: 1165
    41: 1144
    42: 1138
    43: 547
    44: 251
    45: 159
    46: 135
    47: 236
    48: 148
    49: 45
    50: 15
    51: 16
    52: 8
    53: 4
    54: 6
    55: 0
    56: 1
    57: 0
    58: 0
    59: 0
    60: 0
    61: 1
    62: 0
    63: 0
    64: 0
    65: 0
    66: 0
    67: 0
    68: 0
    69: 0
    70: 0
    71: 0
    72: 0
    73: 0
    74: 0
    75: 0
    76: 0
    77: 0
    78: 0
    79: 0
    80: 0
    81: 0
    82: 0
    83: 0
    84: 0
    85: 0
    86: 0
    87: 0
    88: 0
    89: 0
    90: 0
    91: 0
    92: 0
    93: 0
    94: 0
    95: 0
    96: 0
    97: 0
    98: 0
    99: 0
  mem-3: # Memory controller stats
   rd: 2016340 # Read requests
   wr: 654645 # Write requests
   rdlat: 274476872 # Total latency experienced by read requests
   wrlat: 95378466 # Total latency experienced by write requests
   rdhits: 2380 # Read row hits
   wrhits: 2261 # Write row hits
   mlh: # latency histogram for memory requests
    0: 0
    1: 0
    2: 0
    3: 0
    4: 0
    5: 0
    6: 0
    7: 0
    8: 0
    9: 0
    10: 0
    11: 322
    12: 511
    13: 1778762
    14: 139374
    15: 48824
    16: 14541
    17: 2398
    18: 1000
    19: 900
    20: 1172
    21: 1404
    22: 956
    23: 1386
    24: 3242
    25: 1843
    26: 514
    27: 578
    28: 631
    29: 760
    30: 1104
    31: 1374
    32: 1138
    33: 1204
    34: 1284
    35: 1405
    36: 1306
    37: 1207
    38: 1114
    39: 1166
    40: 1099
    41: 1127
    42: 1122
    43: 554
    44: 220
    45: 172
    46: 132
    47: 253
    48: 141
    49: 44
    50: 16
    51: 8
    52: 9
    53: 15
    54: 5
    55: 2
    56: 1
    57: 0
    58: 0
    59: 0
    60: 0
    61: 0
    62: 0
    63: 0
    64: 0
    65: 0
    66: 0
    67: 0
    68: 0
    69: 0
    70: 0
    71: 0
    72: 0
    73: 0
    74: 0
    75: 0
    76: 0
    77: 0
    78: 0
    79: 0
    80: 0
    81: 0
    82: 0
    83: 0
    84: 0
    85: 0
    86: 0
    87: 0
    88: 0
    89: 0
    90: 0
    91: 0
    92: 0
    93: 0
    94: 0
    95: 0
    96: 0
    97: 0
    98: 0
    99: 0
 sched: # Scheduler stats
  thCr: 1 # Threads created
  thFn: 1 # Threads finished
  schedEvs: 1 # Schedule events
  waitEvs: 0 # Wait events
  handoffEvs: 0 # Handoff events
  sleepEvs: 0 # Sleep events
  idlePhases: 0 # Phases with no thread active
  idlePeriods: 0 # Periods with no thread active
  occHist: # Occupancy histogram
   0: 0
   1: 65192
  rqSzHist: # Run queue size histogram
   0: 65192
   1: 0
   2: 0
   3: 0
   4: 0
   5: 0
   6: 0
   7: 0
   8: 0
   9: 0
   10: 0
   11: 0
   12: 0
   13: 0
   14: 0
   15: 0
   16: 0
 procCycles: # Per-process unhalted core cycles
  0: 651922784
  1: 0
  2: 0
  3: 0
  4: 0
  5: 0
  6: 0
  7: 0
  8: 0
  9: 0
  10: 0
  11: 0
  12: 0
  13: 0
  14: 0
  15: 0
  16: 0
  17: 0
  18: 0
  19: 0
  20: 0
  21: 0
  22: 0
  23: 0
  24: 0
  25: 0
  26: 0
  27: 0
  28: 0
  29: 0
  30: 0
  31: 0
  32: 0
  33: 0
  34: 0
  35: 0
  36: 0
  37: 0
  38: 0
  39: 0
  40: 0
  41: 0
  42: 0
  43: 0
  44: 0
  45: 0
  46: 0
  47: 0
  48: 0
  49: 0
  50: 0
  51: 0
  52: 0
  53: 0
  54: 0
  55: 0
  56: 0
  57: 0
  58: 0
  59: 0
  60: 0
  61: 0
  62: 0
  63: 0
 procInstrs: # Per-process instructions
  0: 100000840
  1: 0
  2: 0
  3: 0
  4: 0
  5: 0
  6: 0
  7: 0
  8: 0
  9: 0
  10: 0
  11: 0
  12: 0
  13: 0
  14: 0
  15: 0
  16: 0
  17: 0
  18: 0
  19: 0
  20: 0
  21: 0
  22: 0
  23: 0
  24: 0
  25: 0
  26: 0
  27: 0
  28: 0
  29: 0
  30: 0
  31: 0
  32: 0
  33: 0
  34: 0
  35: 0
  36: 0
  37: 0
  38: 0
  39: 0
  40: 0
  41: 0
  42: 0
  43: 0
  44: 0
  45: 0
  46: 0
  47: 0
  48: 0
  49: 0
  50: 0
  51: 0
  52: 0
  53: 0
  54: 0
  55: 0
  56: 0
  57: 0
  58: 0
  59: 0
  60: 0
  61: 0
  62: 0
  63: 0
 heartbeats: # Per-process heartbeats
  0: 0
  1: 0
  2: 0
  3: 0
  4: 0
  5: 0
  6: 0
  7: 0
  8: 0
  9: 0
  10: 0
  11: 0
  12: 0
  13: 0
  14: 0
  15: 0
  16: 0
  17: 0
  18: 0
  19: 0
  20: 0
  21: 0
  22: 0
  23: 0
  24: 0
  25: 0
  26: 0
  27: 0
  28: 0
  29: 0
  30: 0
  31: 0
  32: 0
  33: 0
  34: 0
  35: 0
  36: 0
  37: 0
  38: 0
  39: 0
  40: 0
  41: 0
  42: 0
  43: 0
  44: 0
  45: 0
  46: 0
  47: 0
  48: 0
  49: 0
  50: 0
  51: 0
  52: 0
  53: 0
  54: 0
  55: 0
  56: 0
  57: 0
  58: 0
  59: 0
  60: 0
  61: 0
  62: 0
  63: 0
===
