# zsim stats
===
root: # Stats
 contention: # Contention simulation stats
  domain-0: # Domain stats
   time: 3171724260 # Weave simulation time
 time: # Simulator time breakdown
  init: 2251885449903
  bound: 22289844248
  weave: 4180705348
  ff: 0
 trigger: 20000 # Reason for this stats dump
 phase: 17223 # Simulated phases
 westmere: # Core stats
  westmere-0: # Core stats
   cycles: 172231874 # Simulated unhalted cycles
   cCycles: 45647204 # Cycles due to contention stalls
   instrs: 100002446 # Simulated instructions
   uops: 117228043 # Retired micro-ops
   bbls: 8769751 # Basic blocks
   approxInstrs: 737961 # Instrs with approx uop decoding
   mispredBranches: 70862 # Mispredicted branches
   condBranches: 8611235 # conditional branches
 l1i: # Cache stats
  l1i-0: # Filter cache stats
   fhGETS: 11615141 # Filtered GETS hits
   fhGETX: 0 # Filtered GETX hits
   hGETS: 428 # GETS hits
   hGETX: 0 # GETX hits
   mGETS: 3224 # GETS misses
   mGETXIM: 0 # GETX I->M misses
   mGETXSM: 0 # GETX S->M misses (upgrade misses)
   PUTS: 0 # Clean evictions (from lower level)
   PUTX: 0 # Dirty evictions (from lower level)
   INV: 3082 # Invalidates (from upper level)
   INVX: 0 # Downgrades (from upper level)
   FWD: 0 # Forwards (from upper level)
   latGETnl: 398978 # GET request latency on next level
   latGETnet: 0 # GET request latency on network to next level
 l1d: # Cache stats
  l1d-0: # Filter cache stats
   fhGETS: 19335603 # Filtered GETS hits
   fhGETX: 5371253 # Filtered GETX hits
   hGETS: 11484160 # GETS hits
   hGETX: 4695661 # GETX hits
   mGETS: 2471145 # GETS misses
   mGETXIM: 892150 # GETX I->M misses
   mGETXSM: 0 # GETX S->M misses (upgrade misses)
   PUTS: 0 # Clean evictions (from lower level)
   PUTX: 0 # Dirty evictions (from lower level)
   INV: 2206 # Invalidates (from upper level)
   INVX: 0 # Downgrades (from upper level)
   FWD: 0 # Forwards (from upper level)
   latGETnl: 311113672 # GET request latency on next level
   latGETnet: 0 # GET request latency on network to next level
 l2: # Cache stats
  l2-0: # Cache stats
   hGETS: 529930 # GETS hits
   hGETX: 211214 # GETX hits
   mGETS: 1944439 # GETS misses
   mGETXIM: 680936 # GETX I->M misses
   mGETXSM: 0 # GETX S->M misses (upgrade misses)
   PUTS: 2180752 # Clean evictions (from lower level)
   PUTX: 1179921 # Dirty evictions (from lower level)
   INV: 6312 # Invalidates (from upper level)
   INVX: 0 # Downgrades (from upper level)
   FWD: 0 # Forwards (from upper level)
   latGETnl: 277847460 # GET request latency on next level
   latGETnet: 0 # GET request latency on network to next level
 l3: # Cache stats
  l3-0: # Cache stats
   hGETS: 196364 # GETS hits
   hGETX: 41917 # GETX hits
   mGETS: 1748075 # GETS misses
   mGETXIM: 639019 # GETX I->M misses
   mGETXSM: 0 # GETX S->M misses (upgrade misses)
   PUTS: 1710063 # Clean evictions (from lower level)
   PUTX: 904905 # Dirty evictions (from lower level)
   INV: 0 # Invalidates (from upper level)
   INVX: 0 # Downgrades (from upper level)
   FWD: 0 # Forwards (from upper level)
   latGETnl: 214838460 # GET request latency on next level
   latGETnet: 0 # GET request latency on network to next level
 mem: # Memory controller stats
  mem-0: # Memory controller stats
   rd: 596673 # Read requests
   wr: 210453 # Write requests
   rdlat: 88297297 # Total latency experienced by read requests
   wrlat: 33659451 # Total latency experienced by write requests
   rdhits: 258 # Read row hits
   wrhits: 858 # Write row hits
   mlh: # latency histogram for memory requests
    0: 0
    1: 0
    2: 0
    3: 0
    4: 0
    5: 0
    6: 0
    7: 0
    8: 0
    9: 0
    10: 0
    11: 5
    12: 2
    13: 372275
    14: 87469
    15: 56428
    16: 6350
    17: 20435
    18: 10880
    19: 5252
    20: 665
    21: 510
    22: 514
    23: 3586
    24: 14914
    25: 5333
    26: 2224
    27: 780
    28: 296
    29: 413
    30: 392
    31: 347
    32: 320
    33: 359
    34: 442
    35: 2670
    36: 529
    37: 344
    38: 360
    39: 369
    40: 349
    41: 335
    42: 378
    43: 209
    44: 113
    45: 75
    46: 58
    47: 107
    48: 169
    49: 92
    50: 56
    51: 59
    52: 50
    53: 36
    54: 28
    55: 18
    56: 5
    57: 4
    58: 10
    59: 27
    60: 12
    61: 6
    62: 3
    63: 4
    64: 4
    65: 0
    66: 0
    67: 0
    68: 0
    69: 2
    70: 0
    71: 0
    72: 0
    73: 0
    74: 0
    75: 0
    76: 0
    77: 1
    78: 0
    79: 0
    80: 0
    81: 0
    82: 0
    83: 0
    84: 0
    85: 0
    86: 0
    87: 0
    88: 0
    89: 0
    90: 0
    91: 0
    92: 0
    93: 0
    94: 0
    95: 0
    96: 0
    97: 0
    98: 0
    99: 0
  mem-1: # Memory controller stats
   rd: 596756 # Read requests
   wr: 210410 # Write requests
   rdlat: 88306894 # Total latency experienced by read requests
   wrlat: 33739099 # Total latency experienced by write requests
   rdhits: 254 # Read row hits
   wrhits: 1172 # Write row hits
   mlh: # latency histogram for memory requests
    0: 0
    1: 0
    2: 0
    3: 0
    4: 0
    5: 0
    6: 0
    7: 0
    8: 0
    9: 0
    10: 0
    11: 5
    12: 0
    13: 372330
    14: 87179
    15: 56570
    16: 6404
    17: 20473
    18: 10917
    19: 5293
    20: 606
    21: 520
    22: 604
    23: 3581
    24: 14894
    25: 5392
    26: 2310
    27: 722
    28: 310
    29: 425
    30: 388
    31: 334
    32: 348
    33: 351
    34: 432
    35: 2591
    36: 544
    37: 314
    38: 356
    39: 322
    40: 339
    41: 315
    42: 363
    43: 219
    44: 131
    45: 86
    46: 65
    47: 124
    48: 166
    49: 102
    50: 64
    51: 57
    52: 39
    53: 42
    54: 33
    55: 7
    56: 6
    57: 5
    58: 17
    59: 32
    60: 3
    61: 6
    62: 6
    63: 4
    64: 4
    65: 2
    66: 0
    67: 0
    68: 1
    69: 2
    70: 0
    71: 1
    72: 0
    73: 0
    74: 0
    75: 0
    76: 0
    77: 0
    78: 0
    79: 0
    80: 0
    81: 0
    82: 0
    83: 0
    84: 0
    85: 0
    86: 0
    87: 0
    88: 0
    89: 0
    90: 0
    91: 0
    92: 0
    93: 0
    94: 0
    95: 0
    96: 0
    97: 0
    98: 0
    99: 0
  mem-2: # Memory controller stats
   rd: 596877 # Read requests
   wr: 210509 # Write requests
   rdlat: 88393972 # Total latency experienced by read requests
   wrlat: 33632982 # Total latency experienced by write requests
   rdhits: 251 # Read row hits
   wrhits: 1006 # Write row hits
   mlh: # latency histogram for memory requests
    0: 0
    1: 0
    2: 0
    3: 0
    4: 0
    5: 0
    6: 0
    7: 0
    8: 0
    9: 0
    10: 0
    11: 5
    12: 0
    13: 371627
    14: 87462
    15: 56442
    16: 6512
    17: 20455
    18: 11016
    19: 5327
    20: 778
    21: 659
    22: 555
    23: 3724
    24: 14785
    25: 5458
    26: 2257
    27: 742
    28: 320
    29: 432
    30: 366
    31: 345
    32: 334
    33: 381
    34: 417
    35: 2634
    36: 571
    37: 324
    38: 338
    39: 346
    40: 316
    41: 359
    42: 358
    43: 219
    44: 116
    45: 70
    46: 61
    47: 111
    48: 180
    49: 111
    50: 88
    51: 70
    52: 34
    53: 34
    54: 26
    55: 9
    56: 6
    57: 5
    58: 23
    59: 26
    60: 13
    61: 9
    62: 3
    63: 5
    64: 2
    65: 1
    66: 0
    67: 1
    68: 0
    69: 6
    70: 3
    71: 0
    72: 0
    73: 0
    74: 0
    75: 0
    76: 0
    77: 0
    78: 0
    79: 0
    80: 0
    81: 0
    82: 0
    83: 0
    84: 0
    85: 0
    86: 0
    87: 0
    88: 0
    89: 0
    90: 0
    91: 0
    92: 0
    93: 0
    94: 0
    95: 0
    96: 0
    97: 0
    98: 0
    99: 0
  mem-3: # Memory controller stats
   rd: 596767 # Read requests
   wr: 210432 # Write requests
   rdlat: 88361879 # Total latency experienced by read requests
   wrlat: 33629472 # Total latency experienced by write requests
   rdhits: 254 # Read row hits
   wrhits: 1043 # Write row hits
   mlh: # latency histogram for memory requests
    0: 0
    1: 0
    2: 0
    3: 0
    4: 0
    5: 0
    6: 0
    7: 0
    8: 0
    9: 0
    10: 0
    11: 6
    12: 0
    13: 372314
    14: 87194
    15: 56355
    16: 6122
    17: 20467
    18: 10979
    19: 5322
    20: 678
    21: 550
    22: 582
    23: 3773
    24: 14799
    25: 5480
    26: 2273
    27: 729
    28: 297
    29: 459
    30: 374
    31: 325
    32: 358
    33: 366
    34: 481
    35: 2616
    36: 550
    37: 324
    38: 347
    39: 388
    40: 365
    41: 304
    42: 386
    43: 266
    44: 137
    45: 77
    46: 57
    47: 108
    48: 152
    49: 82
    50: 61
    51: 68
    52: 42
    53: 39
    54: 29
    55: 8
    56: 2
    57: 5
    58: 14
    59: 18
    60: 8
    61: 6
    62: 2
    63: 8
    64: 6
    65: 2
    66: 1
    67: 0
    68: 0
    69: 4
    70: 0
    71: 2
    72: 0
    73: 0
    74: 0
    75: 0
    76: 0
    77: 0
    78: 0
    79: 0
    80: 0
    81: 0
    82: 0
    83: 0
    84: 0
    85: 0
    86: 0
    87: 0
    88: 0
    89: 0
    90: 0
    91: 0
    92: 0
    93: 0
    94: 0
    95: 0
    96: 0
    97: 0
    98: 0
    99: 0
 sched: # Scheduler stats
  thCr: 1 # Threads created
  thFn: 1 # Threads finished
  schedEvs: 1 # Schedule events
  waitEvs: 0 # Wait events
  handoffEvs: 0 # Handoff events
  sleepEvs: 0 # Sleep events
  idlePhases: 0 # Phases with no thread active
  idlePeriods: 0 # Periods with no thread active
  occHist: # Occupancy histogram
   0: 0
   1: 17223
  rqSzHist: # Run queue size histogram
   0: 17223
   1: 0
   2: 0
   3: 0
   4: 0
   5: 0
   6: 0
   7: 0
   8: 0
   9: 0
   10: 0
   11: 0
   12: 0
   13: 0
   14: 0
   15: 0
   16: 0
 procCycles: # Per-process unhalted core cycles
  0: 172231874
  1: 0
  2: 0
  3: 0
  4: 0
  5: 0
  6: 0
  7: 0
  8: 0
  9: 0
  10: 0
  11: 0
  12: 0
  13: 0
  14: 0
  15: 0
  16: 0
  17: 0
  18: 0
  19: 0
  20: 0
  21: 0
  22: 0
  23: 0
  24: 0
  25: 0
  26: 0
  27: 0
  28: 0
  29: 0
  30: 0
  31: 0
  32: 0
  33: 0
  34: 0
  35: 0
  36: 0
  37: 0
  38: 0
  39: 0
  40: 0
  41: 0
  42: 0
  43: 0
  44: 0
  45: 0
  46: 0
  47: 0
  48: 0
  49: 0
  50: 0
  51: 0
  52: 0
  53: 0
  54: 0
  55: 0
  56: 0
  57: 0
  58: 0
  59: 0
  60: 0
  61: 0
  62: 0
  63: 0
 procInstrs: # Per-process instructions
  0: 100002446
  1: 0
  2: 0
  3: 0
  4: 0
  5: 0
  6: 0
  7: 0
  8: 0
  9: 0
  10: 0
  11: 0
  12: 0
  13: 0
  14: 0
  15: 0
  16: 0
  17: 0
  18: 0
  19: 0
  20: 0
  21: 0
  22: 0
  23: 0
  24: 0
  25: 0
  26: 0
  27: 0
  28: 0
  29: 0
  30: 0
  31: 0
  32: 0
  33: 0
  34: 0
  35: 0
  36: 0
  37: 0
  38: 0
  39: 0
  40: 0
  41: 0
  42: 0
  43: 0
  44: 0
  45: 0
  46: 0
  47: 0
  48: 0
  49: 0
  50: 0
  51: 0
  52: 0
  53: 0
  54: 0
  55: 0
  56: 0
  57: 0
  58: 0
  59: 0
  60: 0
  61: 0
  62: 0
  63: 0
 heartbeats: # Per-process heartbeats
  0: 0
  1: 0
  2: 0
  3: 0
  4: 0
  5: 0
  6: 0
  7: 0
  8: 0
  9: 0
  10: 0
  11: 0
  12: 0
  13: 0
  14: 0
  15: 0
  16: 0
  17: 0
  18: 0
  19: 0
  20: 0
  21: 0
  22: 0
  23: 0
  24: 0
  25: 0
  26: 0
  27: 0
  28: 0
  29: 0
  30: 0
  31: 0
  32: 0
  33: 0
  34: 0
  35: 0
  36: 0
  37: 0
  38: 0
  39: 0
  40: 0
  41: 0
  42: 0
  43: 0
  44: 0
  45: 0
  46: 0
  47: 0
  48: 0
  49: 0
  50: 0
  51: 0
  52: 0
  53: 0
  54: 0
  55: 0
  56: 0
  57: 0
  58: 0
  59: 0
  60: 0
  61: 0
  62: 0
  63: 0
===
