# zsim stats
===
root: # Stats
 contention: # Contention simulation stats
  domain-0: # Domain stats
   time: 677673015 # Weave simulation time
 time: # Simulator time breakdown
  init: 16059750507143
  bound: 14772882350
  weave: 1137092347
  ff: 0
 trigger: 20000 # Reason for this stats dump
 phase: 8443 # Simulated phases
 westmere: # Core stats
  westmere-0: # Core stats
   cycles: 84430914 # Simulated unhalted cycles
   cCycles: 10048904 # Cycles due to contention stalls
   instrs: 100009111 # Simulated instructions
   uops: 132225442 # Retired micro-ops
   bbls: 1458074 # Basic blocks
   approxInstrs: 967636 # Instrs with approx uop decoding
   mispredBranches: 1055 # Mispredicted branches
   condBranches: 120271 # conditional branches
 l1i: # Cache stats
  l1i-0: # Filter cache stats
   fhGETS: 6774036 # Filtered GETS hits
   fhGETX: 0 # Filtered GETX hits
   hGETS: 4033614 # GETS hits
   hGETX: 0 # GETX hits
   mGETS: 261 # GETS misses
   mGETXIM: 0 # GETX I->M misses
   mGETXSM: 0 # GETX S->M misses (upgrade misses)
   PUTS: 0 # Clean evictions (from lower level)
   PUTX: 0 # Dirty evictions (from lower level)
   INV: 16 # Invalidates (from upper level)
   INVX: 0 # Downgrades (from upper level)
   FWD: 0 # Forwards (from upper level)
   latGETnl: 32364 # GET request latency on next level
   latGETnet: 0 # GET request latency on network to next level
 l1d: # Cache stats
  l1d-0: # Filter cache stats
   fhGETS: 37141238 # Filtered GETS hits
   fhGETX: 9740513 # Filtered GETX hits
   hGETS: 5063902 # GETS hits
   hGETX: 1468855 # GETX hits
   mGETS: 618045 # GETS misses
   mGETXIM: 140004 # GETX I->M misses
   mGETXSM: 0 # GETX S->M misses (upgrade misses)
   PUTS: 0 # Clean evictions (from lower level)
   PUTX: 0 # Dirty evictions (from lower level)
   INV: 6 # Invalidates (from upper level)
   INVX: 0 # Downgrades (from upper level)
   FWD: 0 # Forwards (from upper level)
   latGETnl: 63038814 # GET request latency on next level
   latGETnet: 0 # GET request latency on network to next level
 l2: # Cache stats
  l2-0: # Cache stats
   hGETS: 257519 # GETS hits
   hGETX: 4 # GETX hits
   mGETS: 360787 # GETS misses
   mGETXIM: 140000 # GETX I->M misses
   mGETXSM: 0 # GETX S->M misses (upgrade misses)
   PUTS: 616375 # Clean evictions (from lower level)
   PUTX: 141156 # Dirty evictions (from lower level)
   INV: 0 # Invalidates (from upper level)
   INVX: 0 # Downgrades (from upper level)
   FWD: 0 # Forwards (from upper level)
   latGETnl: 55488078 # GET request latency on next level
   latGETnet: 0 # GET request latency on network to next level
 l3: # Cache stats
  l3-0: # Cache stats
   hGETS: 13993 # GETS hits
   hGETX: 3803 # GETX hits
   mGETS: 346794 # GETS misses
   mGETXIM: 136197 # GETX I->M misses
   mGETXSM: 0 # GETX S->M misses (upgrade misses)
   PUTS: 356763 # Clean evictions (from lower level)
   PUTX: 139928 # Dirty evictions (from lower level)
   INV: 0 # Invalidates (from upper level)
   INVX: 0 # Downgrades (from upper level)
   FWD: 0 # Forwards (from upper level)
   latGETnl: 43469190 # GET request latency on next level
   latGETnet: 0 # GET request latency on network to next level
 mem: # Memory controller stats
  mem-0: # Memory controller stats
   rd: 120716 # Read requests
   wr: 33832 # Write requests
   rdlat: 17634490 # Total latency experienced by read requests
   wrlat: 5545546 # Total latency experienced by write requests
   rdhits: 9 # Read row hits
   wrhits: 64 # Write row hits
   mlh: # latency histogram for memory requests
    0: 0
    1: 0
    2: 0
    3: 0
    4: 0
    5: 0
    6: 0
    7: 0
    8: 0
    9: 0
    10: 0
    11: 0
    12: 0
    13: 77963
    14: 21434
    15: 6085
    16: 1490
    17: 4939
    18: 884
    19: 1178
    20: 838
    21: 142
    22: 517
    23: 136
    24: 315
    25: 3087
    26: 353
    27: 55
    28: 57
    29: 58
    30: 56
    31: 46
    32: 46
    33: 46
    34: 50
    35: 71
    36: 75
    37: 71
    38: 86
    39: 57
    40: 62
    41: 62
    42: 83
    43: 88
    44: 44
    45: 26
    46: 23
    47: 49
    48: 48
    49: 22
    50: 15
    51: 16
    52: 12
    53: 7
    54: 5
    55: 8
    56: 3
    57: 2
    58: 3
    59: 2
    60: 1
    61: 0
    62: 0
    63: 0
    64: 0
    65: 0
    66: 0
    67: 0
    68: 0
    69: 0
    70: 0
    71: 0
    72: 0
    73: 0
    74: 0
    75: 0
    76: 0
    77: 0
    78: 0
    79: 0
    80: 0
    81: 0
    82: 0
    83: 0
    84: 0
    85: 0
    86: 0
    87: 0
    88: 0
    89: 0
    90: 0
    91: 0
    92: 0
    93: 0
    94: 0
    95: 0
    96: 0
    97: 0
    98: 0
    99: 0
  mem-1: # Memory controller stats
   rd: 120759 # Read requests
   wr: 33839 # Write requests
   rdlat: 17677918 # Total latency experienced by read requests
   wrlat: 5559517 # Total latency experienced by write requests
   rdhits: 12 # Read row hits
   wrhits: 66 # Write row hits
   mlh: # latency histogram for memory requests
    0: 0
    1: 0
    2: 0
    3: 0
    4: 0
    5: 0
    6: 0
    7: 0
    8: 0
    9: 0
    10: 0
    11: 0
    12: 0
    13: 77837
    14: 21452
    15: 6050
    16: 1442
    17: 5001
    18: 887
    19: 1131
    20: 911
    21: 142
    22: 523
    23: 144
    24: 300
    25: 3139
    26: 334
    27: 52
    28: 59
    29: 51
    30: 60
    31: 50
    32: 56
    33: 56
    34: 51
    35: 75
    36: 75
    37: 71
    38: 73
    39: 83
    40: 85
    41: 65
    42: 79
    43: 91
    44: 49
    45: 24
    46: 31
    47: 70
    48: 66
    49: 33
    50: 10
    51: 8
    52: 4
    53: 5
    54: 2
    55: 14
    56: 7
    57: 4
    58: 5
    59: 2
    60: 0
    61: 0
    62: 0
    63: 0
    64: 0
    65: 0
    66: 0
    67: 0
    68: 0
    69: 0
    70: 0
    71: 0
    72: 0
    73: 0
    74: 0
    75: 0
    76: 0
    77: 0
    78: 0
    79: 0
    80: 0
    81: 0
    82: 0
    83: 0
    84: 0
    85: 0
    86: 0
    87: 0
    88: 0
    89: 0
    90: 0
    91: 0
    92: 0
    93: 0
    94: 0
    95: 0
    96: 0
    97: 0
    98: 0
    99: 0
  mem-2: # Memory controller stats
   rd: 120769 # Read requests
   wr: 33846 # Write requests
   rdlat: 17634622 # Total latency experienced by read requests
   wrlat: 5542550 # Total latency experienced by write requests
   rdhits: 3 # Read row hits
   wrhits: 87 # Write row hits
   mlh: # latency histogram for memory requests
    0: 0
    1: 0
    2: 0
    3: 0
    4: 0
    5: 0
    6: 0
    7: 0
    8: 0
    9: 0
    10: 0
    11: 0
    12: 0
    13: 78057
    14: 21533
    15: 5949
    16: 1450
    17: 5002
    18: 889
    19: 1136
    20: 834
    21: 129
    22: 537
    23: 175
    24: 291
    25: 3093
    26: 377
    27: 60
    28: 58
    29: 62
    30: 40
    31: 46
    32: 49
    33: 42
    34: 50
    35: 56
    36: 65
    37: 62
    38: 82
    39: 53
    40: 66
    41: 65
    42: 96
    43: 63
    44: 61
    45: 33
    46: 29
    47: 52
    48: 50
    49: 21
    50: 12
    51: 9
    52: 9
    53: 5
    54: 1
    55: 9
    56: 5
    57: 1
    58: 4
    59: 1
    60: 0
    61: 0
    62: 0
    63: 0
    64: 0
    65: 0
    66: 0
    67: 0
    68: 0
    69: 0
    70: 0
    71: 0
    72: 0
    73: 0
    74: 0
    75: 0
    76: 0
    77: 0
    78: 0
    79: 0
    80: 0
    81: 0
    82: 0
    83: 0
    84: 0
    85: 0
    86: 0
    87: 0
    88: 0
    89: 0
    90: 0
    91: 0
    92: 0
    93: 0
    94: 0
    95: 0
    96: 0
    97: 0
    98: 0
    99: 0
  mem-3: # Memory controller stats
   rd: 120744 # Read requests
   wr: 33826 # Write requests
   rdlat: 17686731 # Total latency experienced by read requests
   wrlat: 5534941 # Total latency experienced by write requests
   rdhits: 2 # Read row hits
   wrhits: 77 # Write row hits
   mlh: # latency histogram for memory requests
    0: 0
    1: 0
    2: 0
    3: 0
    4: 0
    5: 0
    6: 0
    7: 0
    8: 0
    9: 0
    10: 0
    11: 0
    12: 0
    13: 77848
    14: 21456
    15: 5971
    16: 1453
    17: 5000
    18: 893
    19: 1104
    20: 907
    21: 122
    22: 543
    23: 198
    24: 289
    25: 3133
    26: 329
    27: 59
    28: 58
    29: 60
    30: 53
    31: 53
    32: 43
    33: 63
    34: 52
    35: 70
    36: 65
    37: 80
    38: 104
    39: 78
    40: 70
    41: 57
    42: 90
    43: 65
    44: 58
    45: 36
    46: 36
    47: 68
    48: 76
    49: 28
    50: 14
    51: 16
    52: 13
    53: 5
    54: 4
    55: 10
    56: 3
    57: 3
    58: 3
    59: 4
    60: 1
    61: 0
    62: 0
    63: 0
    64: 0
    65: 0
    66: 0
    67: 0
    68: 0
    69: 0
    70: 0
    71: 0
    72: 0
    73: 0
    74: 0
    75: 0
    76: 0
    77: 0
    78: 0
    79: 0
    80: 0
    81: 0
    82: 0
    83: 0
    84: 0
    85: 0
    86: 0
    87: 0
    88: 0
    89: 0
    90: 0
    91: 0
    92: 0
    93: 0
    94: 0
    95: 0
    96: 0
    97: 0
    98: 0
    99: 0
 sched: # Scheduler stats
  thCr: 1 # Threads created
  thFn: 1 # Threads finished
  schedEvs: 1 # Schedule events
  waitEvs: 0 # Wait events
  handoffEvs: 0 # Handoff events
  sleepEvs: 0 # Sleep events
  idlePhases: 0 # Phases with no thread active
  idlePeriods: 0 # Periods with no thread active
  occHist: # Occupancy histogram
   0: 0
   1: 8443
  rqSzHist: # Run queue size histogram
   0: 8443
   1: 0
   2: 0
   3: 0
   4: 0
   5: 0
   6: 0
   7: 0
   8: 0
   9: 0
   10: 0
   11: 0
   12: 0
   13: 0
   14: 0
   15: 0
   16: 0
 procCycles: # Per-process unhalted core cycles
  0: 84430914
  1: 0
  2: 0
  3: 0
  4: 0
  5: 0
  6: 0
  7: 0
  8: 0
  9: 0
  10: 0
  11: 0
  12: 0
  13: 0
  14: 0
  15: 0
  16: 0
  17: 0
  18: 0
  19: 0
  20: 0
  21: 0
  22: 0
  23: 0
  24: 0
  25: 0
  26: 0
  27: 0
  28: 0
  29: 0
  30: 0
  31: 0
  32: 0
  33: 0
  34: 0
  35: 0
  36: 0
  37: 0
  38: 0
  39: 0
  40: 0
  41: 0
  42: 0
  43: 0
  44: 0
  45: 0
  46: 0
  47: 0
  48: 0
  49: 0
  50: 0
  51: 0
  52: 0
  53: 0
  54: 0
  55: 0
  56: 0
  57: 0
  58: 0
  59: 0
  60: 0
  61: 0
  62: 0
  63: 0
 procInstrs: # Per-process instructions
  0: 100009111
  1: 0
  2: 0
  3: 0
  4: 0
  5: 0
  6: 0
  7: 0
  8: 0
  9: 0
  10: 0
  11: 0
  12: 0
  13: 0
  14: 0
  15: 0
  16: 0
  17: 0
  18: 0
  19: 0
  20: 0
  21: 0
  22: 0
  23: 0
  24: 0
  25: 0
  26: 0
  27: 0
  28: 0
  29: 0
  30: 0
  31: 0
  32: 0
  33: 0
  34: 0
  35: 0
  36: 0
  37: 0
  38: 0
  39: 0
  40: 0
  41: 0
  42: 0
  43: 0
  44: 0
  45: 0
  46: 0
  47: 0
  48: 0
  49: 0
  50: 0
  51: 0
  52: 0
  53: 0
  54: 0
  55: 0
  56: 0
  57: 0
  58: 0
  59: 0
  60: 0
  61: 0
  62: 0
  63: 0
 heartbeats: # Per-process heartbeats
  0: 0
  1: 0
  2: 0
  3: 0
  4: 0
  5: 0
  6: 0
  7: 0
  8: 0
  9: 0
  10: 0
  11: 0
  12: 0
  13: 0
  14: 0
  15: 0
  16: 0
  17: 0
  18: 0
  19: 0
  20: 0
  21: 0
  22: 0
  23: 0
  24: 0
  25: 0
  26: 0
  27: 0
  28: 0
  29: 0
  30: 0
  31: 0
  32: 0
  33: 0
  34: 0
  35: 0
  36: 0
  37: 0
  38: 0
  39: 0
  40: 0
  41: 0
  42: 0
  43: 0
  44: 0
  45: 0
  46: 0
  47: 0
  48: 0
  49: 0
  50: 0
  51: 0
  52: 0
  53: 0
  54: 0
  55: 0
  56: 0
  57: 0
  58: 0
  59: 0
  60: 0
  61: 0
  62: 0
  63: 0
===
