# zsim stats
===
root: # Stats
 contention: # Contention simulation stats
  domain-0: # Domain stats
   time: 3293133021 # Weave simulation time
 time: # Simulator time breakdown
  init: 3921308126394
  bound: 23606326642
  weave: 4258530953
  ff: 0
 trigger: 20000 # Reason for this stats dump
 phase: 19370 # Simulated phases
 westmere: # Core stats
  westmere-0: # Core stats
   cycles: 193702208 # Simulated unhalted cycles
   cCycles: 36694905 # Cycles due to contention stalls
   instrs: 100003818 # Simulated instructions
   uops: 108851844 # Retired micro-ops
   bbls: 19685636 # Basic blocks
   approxInstrs: 1899168 # Instrs with approx uop decoding
   mispredBranches: 1215087 # Mispredicted branches
   condBranches: 18533485 # conditional branches
 l1i: # Cache stats
  l1i-0: # Filter cache stats
   fhGETS: 25869556 # Filtered GETS hits
   fhGETX: 0 # Filtered GETX hits
   hGETS: 198867 # GETS hits
   hGETX: 0 # GETX hits
   mGETS: 1884 # GETS misses
   mGETXIM: 0 # GETX I->M misses
   mGETXSM: 0 # GETX S->M misses (upgrade misses)
   PUTS: 0 # Clean evictions (from lower level)
   PUTX: 0 # Dirty evictions (from lower level)
   INV: 4 # Invalidates (from upper level)
   INVX: 0 # Downgrades (from upper level)
   FWD: 0 # Forwards (from upper level)
   latGETnl: 221454 # GET request latency on next level
   latGETnet: 0 # GET request latency on network to next level
 l1d: # Cache stats
  l1d-0: # Filter cache stats
   fhGETS: 22389077 # Filtered GETS hits
   fhGETX: 4028842 # Filtered GETX hits
   hGETS: 2213977 # GETS hits
   hGETX: 2640639 # GETX hits
   mGETS: 3356913 # GETS misses
   mGETXIM: 681359 # GETX I->M misses
   mGETXSM: 0 # GETX S->M misses (upgrade misses)
   PUTS: 0 # Clean evictions (from lower level)
   PUTX: 0 # Dirty evictions (from lower level)
   INV: 0 # Invalidates (from upper level)
   INVX: 0 # Downgrades (from upper level)
   FWD: 0 # Forwards (from upper level)
   latGETnl: 315141590 # GET request latency on next level
   latGETnet: 0 # GET request latency on network to next level
 l2: # Cache stats
  l2-0: # Cache stats
   hGETS: 622936 # GETS hits
   hGETX: 86104 # GETX hits
   mGETS: 2735861 # GETS misses
   mGETXIM: 595255 # GETX I->M misses
   mGETXSM: 0 # GETX S->M misses (upgrade misses)
   PUTS: 2298158 # Clean evictions (from lower level)
   PUTX: 1740984 # Dirty evictions (from lower level)
   INV: 0 # Invalidates (from upper level)
   INVX: 0 # Downgrades (from upper level)
   FWD: 0 # Forwards (from upper level)
   latGETnl: 274961484 # GET request latency on next level
   latGETnet: 0 # GET request latency on network to next level
 l3: # Cache stats
  l3-0: # Cache stats
   hGETS: 953779 # GETS hits
   hGETX: 210507 # GETX hits
   mGETS: 1782082 # GETS misses
   mGETXIM: 384748 # GETX I->M misses
   mGETXSM: 0 # GETX S->M misses (upgrade misses)
   PUTS: 1989123 # Clean evictions (from lower level)
   PUTX: 1337897 # Dirty evictions (from lower level)
   INV: 0 # Invalidates (from upper level)
   INVX: 0 # Downgrades (from upper level)
   FWD: 0 # Forwards (from upper level)
   latGETnl: 195014700 # GET request latency on next level
   latGETnet: 0 # GET request latency on network to next level
 mem: # Memory controller stats
  mem-0: # Memory controller stats
   rd: 539683 # Read requests
   wr: 214585 # Write requests
   rdlat: 73794528 # Total latency experienced by read requests
   wrlat: 33226331 # Total latency experienced by write requests
   rdhits: 12652 # Read row hits
   wrhits: 1998 # Write row hits
   mlh: # latency histogram for memory requests
    0: 0
    1: 0
    2: 0
    3: 0
    4: 0
    5: 0
    6: 0
    7: 0
    8: 0
    9: 0
    10: 0
    11: 653
    12: 538
    13: 467460
    14: 40186
    15: 12065
    16: 4964
    17: 1834
    18: 768
    19: 706
    20: 744
    21: 768
    22: 686
    23: 689
    24: 1378
    25: 779
    26: 173
    27: 231
    28: 247
    29: 294
    30: 295
    31: 306
    32: 319
    33: 294
    34: 322
    35: 315
    36: 304
    37: 312
    38: 319
    39: 345
    40: 311
    41: 318
    42: 304
    43: 159
    44: 63
    45: 46
    46: 55
    47: 48
    48: 56
    49: 12
    50: 5
    51: 3
    52: 6
    53: 2
    54: 0
    55: 0
    56: 0
    57: 0
    58: 0
    59: 0
    60: 0
    61: 0
    62: 1
    63: 0
    64: 0
    65: 0
    66: 0
    67: 0
    68: 0
    69: 0
    70: 0
    71: 0
    72: 0
    73: 0
    74: 0
    75: 0
    76: 0
    77: 0
    78: 0
    79: 0
    80: 0
    81: 0
    82: 0
    83: 0
    84: 0
    85: 0
    86: 0
    87: 0
    88: 0
    89: 0
    90: 0
    91: 0
    92: 0
    93: 0
    94: 0
    95: 0
    96: 0
    97: 0
    98: 0
    99: 0
  mem-1: # Memory controller stats
   rd: 542837 # Read requests
   wr: 215827 # Write requests
   rdlat: 74213328 # Total latency experienced by read requests
   wrlat: 33468788 # Total latency experienced by write requests
   rdhits: 12911 # Read row hits
   wrhits: 2012 # Write row hits
   mlh: # latency histogram for memory requests
    0: 0
    1: 0
    2: 0
    3: 0
    4: 0
    5: 0
    6: 0
    7: 0
    8: 0
    9: 0
    10: 0
    11: 701
    12: 650
    13: 470705
    14: 39938
    15: 12031
    16: 5009
    17: 1776
    18: 787
    19: 765
    20: 832
    21: 814
    22: 642
    23: 793
    24: 1186
    25: 723
    26: 173
    27: 207
    28: 235
    29: 267
    30: 268
    31: 302
    32: 314
    33: 342
    34: 304
    35: 304
    36: 360
    37: 363
    38: 337
    39: 290
    40: 301
    41: 327
    42: 319
    43: 150
    44: 73
    45: 61
    46: 56
    47: 69
    48: 34
    49: 9
    50: 9
    51: 4
    52: 3
    53: 2
    54: 2
    55: 0
    56: 0
    57: 0
    58: 0
    59: 0
    60: 0
    61: 0
    62: 0
    63: 0
    64: 0
    65: 0
    66: 0
    67: 0
    68: 0
    69: 0
    70: 0
    71: 0
    72: 0
    73: 0
    74: 0
    75: 0
    76: 0
    77: 0
    78: 0
    79: 0
    80: 0
    81: 0
    82: 0
    83: 0
    84: 0
    85: 0
    86: 0
    87: 0
    88: 0
    89: 0
    90: 0
    91: 0
    92: 0
    93: 0
    94: 0
    95: 0
    96: 0
    97: 0
    98: 0
    99: 0
  mem-2: # Memory controller stats
   rd: 540537 # Read requests
   wr: 215316 # Write requests
   rdlat: 73946443 # Total latency experienced by read requests
   wrlat: 33342478 # Total latency experienced by write requests
   rdhits: 13159 # Read row hits
   wrhits: 1885 # Write row hits
   mlh: # latency histogram for memory requests
    0: 0
    1: 0
    2: 0
    3: 0
    4: 0
    5: 0
    6: 0
    7: 0
    8: 0
    9: 0
    10: 0
    11: 744
    12: 634
    13: 465749
    14: 42122
    15: 12435
    16: 4860
    17: 1835
    18: 777
    19: 748
    20: 857
    21: 843
    22: 617
    23: 816
    24: 1217
    25: 811
    26: 192
    27: 237
    28: 229
    29: 268
    30: 298
    31: 323
    32: 314
    33: 333
    34: 308
    35: 331
    36: 332
    37: 304
    38: 343
    39: 285
    40: 290
    41: 299
    42: 330
    43: 147
    44: 61
    45: 59
    46: 51
    47: 56
    48: 50
    49: 13
    50: 7
    51: 5
    52: 2
    53: 4
    54: 1
    55: 0
    56: 0
    57: 0
    58: 0
    59: 0
    60: 0
    61: 0
    62: 0
    63: 0
    64: 0
    65: 0
    66: 0
    67: 0
    68: 0
    69: 0
    70: 0
    71: 0
    72: 0
    73: 0
    74: 0
    75: 0
    76: 0
    77: 0
    78: 0
    79: 0
    80: 0
    81: 0
    82: 0
    83: 0
    84: 0
    85: 0
    86: 0
    87: 0
    88: 0
    89: 0
    90: 0
    91: 0
    92: 0
    93: 0
    94: 0
    95: 0
    96: 0
    97: 0
    98: 0
    99: 0
  mem-3: # Memory controller stats
   rd: 543756 # Read requests
   wr: 215579 # Write requests
   rdlat: 74397166 # Total latency experienced by read requests
   wrlat: 33465403 # Total latency experienced by write requests
   rdhits: 13145 # Read row hits
   wrhits: 1939 # Write row hits
   mlh: # latency histogram for memory requests
    0: 0
    1: 0
    2: 0
    3: 0
    4: 0
    5: 0
    6: 0
    7: 0
    8: 0
    9: 1
    10: 0
    11: 688
    12: 707
    13: 470139
    14: 40981
    15: 11778
    16: 4833
    17: 1931
    18: 777
    19: 827
    20: 928
    21: 881
    22: 774
    23: 816
    24: 1270
    25: 886
    26: 201
    27: 225
    28: 225
    29: 294
    30: 338
    31: 311
    32: 338
    33: 348
    34: 271
    35: 333
    36: 350
    37: 384
    38: 290
    39: 331
    40: 238
    41: 299
    42: 302
    43: 152
    44: 65
    45: 56
    46: 57
    47: 48
    48: 43
    49: 18
    50: 8
    51: 5
    52: 3
    53: 2
    54: 2
    55: 2
    56: 0
    57: 0
    58: 0
    59: 0
    60: 0
    61: 0
    62: 0
    63: 0
    64: 0
    65: 0
    66: 0
    67: 0
    68: 0
    69: 0
    70: 0
    71: 0
    72: 0
    73: 0
    74: 0
    75: 0
    76: 0
    77: 0
    78: 0
    79: 0
    80: 0
    81: 0
    82: 0
    83: 0
    84: 0
    85: 0
    86: 0
    87: 0
    88: 0
    89: 0
    90: 0
    91: 0
    92: 0
    93: 0
    94: 0
    95: 0
    96: 0
    97: 0
    98: 0
    99: 0
 sched: # Scheduler stats
  thCr: 1 # Threads created
  thFn: 1 # Threads finished
  schedEvs: 1 # Schedule events
  waitEvs: 0 # Wait events
  handoffEvs: 0 # Handoff events
  sleepEvs: 0 # Sleep events
  idlePhases: 0 # Phases with no thread active
  idlePeriods: 0 # Periods with no thread active
  occHist: # Occupancy histogram
   0: 0
   1: 19370
  rqSzHist: # Run queue size histogram
   0: 19370
   1: 0
   2: 0
   3: 0
   4: 0
   5: 0
   6: 0
   7: 0
   8: 0
   9: 0
   10: 0
   11: 0
   12: 0
   13: 0
   14: 0
   15: 0
   16: 0
 procCycles: # Per-process unhalted core cycles
  0: 193702208
  1: 0
  2: 0
  3: 0
  4: 0
  5: 0
  6: 0
  7: 0
  8: 0
  9: 0
  10: 0
  11: 0
  12: 0
  13: 0
  14: 0
  15: 0
  16: 0
  17: 0
  18: 0
  19: 0
  20: 0
  21: 0
  22: 0
  23: 0
  24: 0
  25: 0
  26: 0
  27: 0
  28: 0
  29: 0
  30: 0
  31: 0
  32: 0
  33: 0
  34: 0
  35: 0
  36: 0
  37: 0
  38: 0
  39: 0
  40: 0
  41: 0
  42: 0
  43: 0
  44: 0
  45: 0
  46: 0
  47: 0
  48: 0
  49: 0
  50: 0
  51: 0
  52: 0
  53: 0
  54: 0
  55: 0
  56: 0
  57: 0
  58: 0
  59: 0
  60: 0
  61: 0
  62: 0
  63: 0
 procInstrs: # Per-process instructions
  0: 100003818
  1: 0
  2: 0
  3: 0
  4: 0
  5: 0
  6: 0
  7: 0
  8: 0
  9: 0
  10: 0
  11: 0
  12: 0
  13: 0
  14: 0
  15: 0
  16: 0
  17: 0
  18: 0
  19: 0
  20: 0
  21: 0
  22: 0
  23: 0
  24: 0
  25: 0
  26: 0
  27: 0
  28: 0
  29: 0
  30: 0
  31: 0
  32: 0
  33: 0
  34: 0
  35: 0
  36: 0
  37: 0
  38: 0
  39: 0
  40: 0
  41: 0
  42: 0
  43: 0
  44: 0
  45: 0
  46: 0
  47: 0
  48: 0
  49: 0
  50: 0
  51: 0
  52: 0
  53: 0
  54: 0
  55: 0
  56: 0
  57: 0
  58: 0
  59: 0
  60: 0
  61: 0
  62: 0
  63: 0
 heartbeats: # Per-process heartbeats
  0: 0
  1: 0
  2: 0
  3: 0
  4: 0
  5: 0
  6: 0
  7: 0
  8: 0
  9: 0
  10: 0
  11: 0
  12: 0
  13: 0
  14: 0
  15: 0
  16: 0
  17: 0
  18: 0
  19: 0
  20: 0
  21: 0
  22: 0
  23: 0
  24: 0
  25: 0
  26: 0
  27: 0
  28: 0
  29: 0
  30: 0
  31: 0
  32: 0
  33: 0
  34: 0
  35: 0
  36: 0
  37: 0
  38: 0
  39: 0
  40: 0
  41: 0
  42: 0
  43: 0
  44: 0
  45: 0
  46: 0
  47: 0
  48: 0
  49: 0
  50: 0
  51: 0
  52: 0
  53: 0
  54: 0
  55: 0
  56: 0
  57: 0
  58: 0
  59: 0
  60: 0
  61: 0
  62: 0
  63: 0
===
