# zsim stats
===
root: # Stats
 contention: # Contention simulation stats
  domain-0: # Domain stats
   time: 477149649 # Weave simulation time
 time: # Simulator time breakdown
  init: 137597780515
  bound: 15564035636
  weave: 788655043
  ff: 0
 trigger: 20000 # Reason for this stats dump
 phase: 9145 # Simulated phases
 westmere: # Core stats
  westmere-0: # Core stats
   cycles: 91450131 # Simulated unhalted cycles
   cCycles: 6952257 # Cycles due to contention stalls
   instrs: 100020064 # Simulated instructions
   uops: 113819803 # Retired micro-ops
   bbls: 14848337 # Basic blocks
   approxInstrs: 596117 # Instrs with approx uop decoding
   mispredBranches: 789683 # Mispredicted branches
   condBranches: 12877380 # conditional branches
 l1i: # Cache stats
  l1i-0: # Filter cache stats
   fhGETS: 19608922 # Filtered GETS hits
   fhGETX: 0 # Filtered GETX hits
   hGETS: 195 # GETS hits
   hGETX: 0 # GETX hits
   mGETS: 834 # GETS misses
   mGETXIM: 0 # GETX I->M misses
   mGETXSM: 0 # GETX S->M misses (upgrade misses)
   PUTS: 0 # Clean evictions (from lower level)
   PUTX: 0 # Dirty evictions (from lower level)
   INV: 803 # Invalidates (from upper level)
   INVX: 0 # Downgrades (from upper level)
   FWD: 0 # Forwards (from upper level)
   latGETnl: 103416 # GET request latency on next level
   latGETnet: 0 # GET request latency on network to next level
 l1d: # Cache stats
  l1d-0: # Filter cache stats
   fhGETS: 25375904 # Filtered GETS hits
   fhGETX: 11425809 # Filtered GETX hits
   hGETS: 986668 # GETS hits
   hGETX: 1640996 # GETX hits
   mGETS: 1935420 # GETS misses
   mGETXIM: 1093074 # GETX I->M misses
   mGETXSM: 0 # GETX S->M misses (upgrade misses)
   PUTS: 0 # Clean evictions (from lower level)
   PUTX: 0 # Dirty evictions (from lower level)
   INV: 1544 # Invalidates (from upper level)
   INVX: 0 # Downgrades (from upper level)
   FWD: 0 # Forwards (from upper level)
   latGETnl: 101584656 # GET request latency on next level
   latGETnet: 0 # GET request latency on network to next level
 l2: # Cache stats
  l2-0: # Cache stats
   hGETS: 947699 # GETS hits
   hGETX: 121431 # GETX hits
   mGETS: 988555 # GETS misses
   mGETXIM: 971643 # GETX I->M misses
   mGETXSM: 0 # GETX S->M misses (upgrade misses)
   PUTS: 941702 # Clean evictions (from lower level)
   PUTX: 2084736 # Dirty evictions (from lower level)
   INV: 7164 # Invalidates (from upper level)
   INVX: 0 # Downgrades (from upper level)
   FWD: 0 # Forwards (from upper level)
   latGETnl: 71394792 # GET request latency on next level
   latGETnet: 0 # GET request latency on network to next level
 l3: # Cache stats
  l3-0: # Cache stats
   hGETS: 896058 # GETS hits
   hGETX: 793584 # GETX hits
   mGETS: 92497 # GETS misses
   mGETXIM: 178059 # GETX I->M misses
   mGETXSM: 0 # GETX S->M misses (upgrade misses)
   PUTS: 573102 # Clean evictions (from lower level)
   PUTX: 1375836 # Dirty evictions (from lower level)
   INV: 0 # Invalidates (from upper level)
   INVX: 0 # Downgrades (from upper level)
   FWD: 0 # Forwards (from upper level)
   latGETnl: 24350040 # GET request latency on next level
   latGETnet: 0 # GET request latency on network to next level
 mem: # Memory controller stats
  mem-0: # Memory controller stats
   rd: 67829 # Read requests
   wr: 50025 # Write requests
   rdlat: 9250004 # Total latency experienced by read requests
   wrlat: 7388042 # Total latency experienced by write requests
   rdhits: 1602 # Read row hits
   wrhits: 652 # Write row hits
   mlh: # latency histogram for memory requests
    0: 0
    1: 0
    2: 0
    3: 0
    4: 0
    5: 0
    6: 0
    7: 0
    8: 0
    9: 0
    10: 0
    11: 192
    12: 241
    13: 60951
    14: 2313
    15: 1147
    16: 721
    17: 287
    18: 277
    19: 284
    20: 296
    21: 211
    22: 45
    23: 63
    24: 61
    25: 47
    26: 27
    27: 27
    28: 31
    29: 34
    30: 26
    31: 30
    32: 47
    33: 53
    34: 25
    35: 37
    36: 46
    37: 42
    38: 33
    39: 42
    40: 42
    41: 49
    42: 38
    43: 17
    44: 8
    45: 7
    46: 8
    47: 11
    48: 10
    49: 3
    50: 0
    51: 0
    52: 0
    53: 0
    54: 0
    55: 0
    56: 0
    57: 0
    58: 0
    59: 0
    60: 0
    61: 0
    62: 0
    63: 0
    64: 0
    65: 0
    66: 0
    67: 0
    68: 0
    69: 0
    70: 0
    71: 0
    72: 0
    73: 0
    74: 0
    75: 0
    76: 0
    77: 0
    78: 0
    79: 0
    80: 0
    81: 0
    82: 0
    83: 0
    84: 0
    85: 0
    86: 0
    87: 0
    88: 0
    89: 0
    90: 0
    91: 0
    92: 0
    93: 0
    94: 0
    95: 0
    96: 0
    97: 0
    98: 0
    99: 0
  mem-1: # Memory controller stats
   rd: 67355 # Read requests
   wr: 49849 # Write requests
   rdlat: 9196261 # Total latency experienced by read requests
   wrlat: 7413844 # Total latency experienced by write requests
   rdhits: 1692 # Read row hits
   wrhits: 629 # Write row hits
   mlh: # latency histogram for memory requests
    0: 0
    1: 0
    2: 0
    3: 0
    4: 0
    5: 0
    6: 0
    7: 0
    8: 0
    9: 0
    10: 0
    11: 208
    12: 269
    13: 60371
    14: 2329
    15: 1200
    16: 728
    17: 276
    18: 266
    19: 279
    20: 296
    21: 206
    22: 59
    23: 45
    24: 58
    25: 49
    26: 26
    27: 18
    28: 37
    29: 26
    30: 36
    31: 33
    32: 52
    33: 40
    34: 47
    35: 49
    36: 29
    37: 49
    38: 52
    39: 39
    40: 37
    41: 45
    42: 43
    43: 17
    44: 7
    45: 5
    46: 12
    47: 7
    48: 3
    49: 3
    50: 1
    51: 1
    52: 1
    53: 0
    54: 1
    55: 0
    56: 0
    57: 0
    58: 0
    59: 0
    60: 0
    61: 0
    62: 0
    63: 0
    64: 0
    65: 0
    66: 0
    67: 0
    68: 0
    69: 0
    70: 0
    71: 0
    72: 0
    73: 0
    74: 0
    75: 0
    76: 0
    77: 0
    78: 0
    79: 0
    80: 0
    81: 0
    82: 0
    83: 0
    84: 0
    85: 0
    86: 0
    87: 0
    88: 0
    89: 0
    90: 0
    91: 0
    92: 0
    93: 0
    94: 0
    95: 0
    96: 0
    97: 0
    98: 0
    99: 0
  mem-2: # Memory controller stats
   rd: 67838 # Read requests
   wr: 50143 # Write requests
   rdlat: 9259760 # Total latency experienced by read requests
   wrlat: 7469496 # Total latency experienced by write requests
   rdhits: 1960 # Read row hits
   wrhits: 677 # Write row hits
   mlh: # latency histogram for memory requests
    0: 0
    1: 0
    2: 0
    3: 0
    4: 0
    5: 0
    6: 0
    7: 0
    8: 0
    9: 0
    10: 0
    11: 215
    12: 296
    13: 60486
    14: 2403
    15: 1177
    16: 766
    17: 309
    18: 318
    19: 386
    20: 363
    21: 231
    22: 68
    23: 67
    24: 55
    25: 37
    26: 21
    27: 24
    28: 28
    29: 37
    30: 29
    31: 31
    32: 50
    33: 42
    34: 40
    35: 52
    36: 36
    37: 49
    38: 33
    39: 37
    40: 39
    41: 38
    42: 37
    43: 7
    44: 6
    45: 9
    46: 4
    47: 5
    48: 4
    49: 1
    50: 2
    51: 0
    52: 0
    53: 0
    54: 0
    55: 0
    56: 0
    57: 0
    58: 0
    59: 0
    60: 0
    61: 0
    62: 0
    63: 0
    64: 0
    65: 0
    66: 0
    67: 0
    68: 0
    69: 0
    70: 0
    71: 0
    72: 0
    73: 0
    74: 0
    75: 0
    76: 0
    77: 0
    78: 0
    79: 0
    80: 0
    81: 0
    82: 0
    83: 0
    84: 0
    85: 0
    86: 0
    87: 0
    88: 0
    89: 0
    90: 0
    91: 0
    92: 0
    93: 0
    94: 0
    95: 0
    96: 0
    97: 0
    98: 0
    99: 0
  mem-3: # Memory controller stats
   rd: 67534 # Read requests
   wr: 49960 # Write requests
   rdlat: 9203839 # Total latency experienced by read requests
   wrlat: 7419233 # Total latency experienced by write requests
   rdhits: 1648 # Read row hits
   wrhits: 606 # Write row hits
   mlh: # latency histogram for memory requests
    0: 0
    1: 0
    2: 0
    3: 0
    4: 0
    5: 0
    6: 0
    7: 0
    8: 0
    9: 0
    10: 0
    11: 209
    12: 248
    13: 60622
    14: 2321
    15: 1171
    16: 720
    17: 269
    18: 294
    19: 300
    20: 294
    21: 225
    22: 50
    23: 59
    24: 49
    25: 45
    26: 31
    27: 28
    28: 25
    29: 22
    30: 47
    31: 27
    32: 44
    33: 35
    34: 71
    35: 45
    36: 37
    37: 48
    38: 29
    39: 24
    40: 40
    41: 41
    42: 31
    43: 12
    44: 7
    45: 5
    46: 1
    47: 3
    48: 1
    49: 1
    50: 2
    51: 0
    52: 0
    53: 0
    54: 0
    55: 0
    56: 0
    57: 0
    58: 0
    59: 0
    60: 1
    61: 0
    62: 0
    63: 0
    64: 0
    65: 0
    66: 0
    67: 0
    68: 0
    69: 0
    70: 0
    71: 0
    72: 0
    73: 0
    74: 0
    75: 0
    76: 0
    77: 0
    78: 0
    79: 0
    80: 0
    81: 0
    82: 0
    83: 0
    84: 0
    85: 0
    86: 0
    87: 0
    88: 0
    89: 0
    90: 0
    91: 0
    92: 0
    93: 0
    94: 0
    95: 0
    96: 0
    97: 0
    98: 0
    99: 0
 sched: # Scheduler stats
  thCr: 1 # Threads created
  thFn: 1 # Threads finished
  schedEvs: 1 # Schedule events
  waitEvs: 0 # Wait events
  handoffEvs: 0 # Handoff events
  sleepEvs: 0 # Sleep events
  idlePhases: 0 # Phases with no thread active
  idlePeriods: 0 # Periods with no thread active
  occHist: # Occupancy histogram
   0: 0
   1: 9145
  rqSzHist: # Run queue size histogram
   0: 9145
   1: 0
   2: 0
   3: 0
   4: 0
   5: 0
   6: 0
   7: 0
   8: 0
   9: 0
   10: 0
   11: 0
   12: 0
   13: 0
   14: 0
   15: 0
   16: 0
 procCycles: # Per-process unhalted core cycles
  0: 91450131
  1: 0
  2: 0
  3: 0
  4: 0
  5: 0
  6: 0
  7: 0
  8: 0
  9: 0
  10: 0
  11: 0
  12: 0
  13: 0
  14: 0
  15: 0
  16: 0
  17: 0
  18: 0
  19: 0
  20: 0
  21: 0
  22: 0
  23: 0
  24: 0
  25: 0
  26: 0
  27: 0
  28: 0
  29: 0
  30: 0
  31: 0
  32: 0
  33: 0
  34: 0
  35: 0
  36: 0
  37: 0
  38: 0
  39: 0
  40: 0
  41: 0
  42: 0
  43: 0
  44: 0
  45: 0
  46: 0
  47: 0
  48: 0
  49: 0
  50: 0
  51: 0
  52: 0
  53: 0
  54: 0
  55: 0
  56: 0
  57: 0
  58: 0
  59: 0
  60: 0
  61: 0
  62: 0
  63: 0
 procInstrs: # Per-process instructions
  0: 100020064
  1: 0
  2: 0
  3: 0
  4: 0
  5: 0
  6: 0
  7: 0
  8: 0
  9: 0
  10: 0
  11: 0
  12: 0
  13: 0
  14: 0
  15: 0
  16: 0
  17: 0
  18: 0
  19: 0
  20: 0
  21: 0
  22: 0
  23: 0
  24: 0
  25: 0
  26: 0
  27: 0
  28: 0
  29: 0
  30: 0
  31: 0
  32: 0
  33: 0
  34: 0
  35: 0
  36: 0
  37: 0
  38: 0
  39: 0
  40: 0
  41: 0
  42: 0
  43: 0
  44: 0
  45: 0
  46: 0
  47: 0
  48: 0
  49: 0
  50: 0
  51: 0
  52: 0
  53: 0
  54: 0
  55: 0
  56: 0
  57: 0
  58: 0
  59: 0
  60: 0
  61: 0
  62: 0
  63: 0
 heartbeats: # Per-process heartbeats
  0: 0
  1: 0
  2: 0
  3: 0
  4: 0
  5: 0
  6: 0
  7: 0
  8: 0
  9: 0
  10: 0
  11: 0
  12: 0
  13: 0
  14: 0
  15: 0
  16: 0
  17: 0
  18: 0
  19: 0
  20: 0
  21: 0
  22: 0
  23: 0
  24: 0
  25: 0
  26: 0
  27: 0
  28: 0
  29: 0
  30: 0
  31: 0
  32: 0
  33: 0
  34: 0
  35: 0
  36: 0
  37: 0
  38: 0
  39: 0
  40: 0
  41: 0
  42: 0
  43: 0
  44: 0
  45: 0
  46: 0
  47: 0
  48: 0
  49: 0
  50: 0
  51: 0
  52: 0
  53: 0
  54: 0
  55: 0
  56: 0
  57: 0
  58: 0
  59: 0
  60: 0
  61: 0
  62: 0
  63: 0
===
