# zsim stats
===
root: # Stats
 contention: # Contention simulation stats
  domain-0: # Domain stats
   time: 385154960 # Weave simulation time
 time: # Simulator time breakdown
  init: 3126020432937
  bound: 7728558710
  weave: 714040349
  ff: 0
 trigger: 20000 # Reason for this stats dump
 phase: 8426 # Simulated phases
 westmere: # Core stats
  westmere-0: # Core stats
   cycles: 84260939 # Simulated unhalted cycles
   cCycles: 9988167 # Cycles due to contention stalls
   instrs: 100007092 # Simulated instructions
   uops: 132222803 # Retired micro-ops
   bbls: 1458045 # Basic blocks
   approxInstrs: 967614 # Instrs with approx uop decoding
   mispredBranches: 1057 # Mispredicted branches
   condBranches: 120270 # conditional branches
 l1i: # Cache stats
  l1i-0: # Filter cache stats
   fhGETS: 6773893 # Filtered GETS hits
   fhGETX: 0 # Filtered GETX hits
   hGETS: 4033550 # GETS hits
   hGETX: 0 # GETX hits
   mGETS: 265 # GETS misses
   mGETXIM: 0 # GETX I->M misses
   mGETXSM: 0 # GETX S->M misses (upgrade misses)
   PUTS: 0 # Clean evictions (from lower level)
   PUTX: 0 # Dirty evictions (from lower level)
   INV: 20 # Invalidates (from upper level)
   INVX: 0 # Downgrades (from upper level)
   FWD: 0 # Forwards (from upper level)
   latGETnl: 32860 # GET request latency on next level
   latGETnet: 0 # GET request latency on network to next level
 l1d: # Cache stats
  l1d-0: # Filter cache stats
   fhGETS: 37115439 # Filtered GETS hits
   fhGETX: 9789013 # Filtered GETX hits
   hGETS: 5089276 # GETS hits
   hGETX: 1420142 # GETX hits
   mGETS: 617651 # GETS misses
   mGETXIM: 139989 # GETX I->M misses
   mGETXSM: 0 # GETX S->M misses (upgrade misses)
   PUTS: 0 # Clean evictions (from lower level)
   PUTX: 0 # Dirty evictions (from lower level)
   INV: 5 # Invalidates (from upper level)
   INVX: 0 # Downgrades (from upper level)
   FWD: 0 # Forwards (from upper level)
   latGETnl: 62692970 # GET request latency on next level
   latGETnet: 0 # GET request latency on network to next level
 l2: # Cache stats
  l2-0: # Cache stats
   hGETS: 257340 # GETS hits
   hGETX: 0 # GETX hits
   mGETS: 360576 # GETS misses
   mGETXIM: 139989 # GETX I->M misses
   mGETXSM: 0 # GETX S->M misses (upgrade misses)
   PUTS: 616480 # Clean evictions (from lower level)
   PUTX: 140643 # Dirty evictions (from lower level)
   INV: 0 # Invalidates (from upper level)
   INVX: 0 # Downgrades (from upper level)
   FWD: 0 # Forwards (from upper level)
   latGETnl: 55146780 # GET request latency on next level
   latGETnet: 0 # GET request latency on network to next level
 l3: # Cache stats
  l3-0: # Cache stats
   hGETS: 16825 # GETS hits
   hGETX: 4482 # GETX hits
   mGETS: 343751 # GETS misses
   mGETXIM: 135507 # GETX I->M misses
   mGETXSM: 0 # GETX S->M misses (upgrade misses)
   PUTS: 356568 # Clean evictions (from lower level)
   PUTX: 139901 # Dirty evictions (from lower level)
   INV: 0 # Invalidates (from upper level)
   INVX: 0 # Downgrades (from upper level)
   FWD: 0 # Forwards (from upper level)
   latGETnl: 43133220 # GET request latency on next level
   latGETnet: 0 # GET request latency on network to next level
 mem: # Memory controller stats
  mem-0: # Memory controller stats
   rd: 119802 # Read requests
   wr: 33787 # Write requests
   rdlat: 17498875 # Total latency experienced by read requests
   wrlat: 5573652 # Total latency experienced by write requests
   rdhits: 8 # Read row hits
   wrhits: 75 # Write row hits
   mlh: # latency histogram for memory requests
    0: 0
    1: 0
    2: 0
    3: 0
    4: 0
    5: 0
    6: 0
    7: 0
    8: 0
    9: 0
    10: 0
    11: 0
    12: 0
    13: 77128
    14: 21128
    15: 6227
    16: 1570
    17: 5009
    18: 858
    19: 1060
    20: 940
    21: 176
    22: 445
    23: 141
    24: 318
    25: 3023
    26: 347
    27: 106
    28: 134
    29: 78
    30: 77
    31: 50
    32: 44
    33: 52
    34: 48
    35: 79
    36: 60
    37: 81
    38: 65
    39: 60
    40: 80
    41: 59
    42: 68
    43: 67
    44: 50
    45: 25
    46: 12
    47: 28
    48: 38
    49: 18
    50: 11
    51: 7
    52: 6
    53: 5
    54: 5
    55: 7
    56: 2
    57: 0
    58: 4
    59: 3
    60: 2
    61: 0
    62: 1
    63: 0
    64: 0
    65: 0
    66: 0
    67: 0
    68: 0
    69: 0
    70: 0
    71: 0
    72: 0
    73: 0
    74: 0
    75: 0
    76: 0
    77: 0
    78: 0
    79: 0
    80: 0
    81: 0
    82: 0
    83: 0
    84: 0
    85: 0
    86: 0
    87: 0
    88: 0
    89: 0
    90: 0
    91: 0
    92: 0
    93: 0
    94: 0
    95: 0
    96: 0
    97: 0
    98: 0
    99: 0
  mem-1: # Memory controller stats
   rd: 119814 # Read requests
   wr: 33796 # Write requests
   rdlat: 17496083 # Total latency experienced by read requests
   wrlat: 5573360 # Total latency experienced by write requests
   rdhits: 11 # Read row hits
   wrhits: 81 # Write row hits
   mlh: # latency histogram for memory requests
    0: 0
    1: 0
    2: 0
    3: 0
    4: 0
    5: 0
    6: 0
    7: 0
    8: 0
    9: 0
    10: 0
    11: 0
    12: 0
    13: 77228
    14: 20974
    15: 6340
    16: 1590
    17: 5055
    18: 905
    19: 1037
    20: 876
    21: 162
    22: 452
    23: 134
    24: 368
    25: 2972
    26: 315
    27: 95
    28: 116
    29: 63
    30: 52
    31: 58
    32: 40
    33: 46
    34: 52
    35: 74
    36: 59
    37: 76
    38: 88
    39: 71
    40: 78
    41: 54
    42: 78
    43: 67
    44: 26
    45: 24
    46: 28
    47: 41
    48: 53
    49: 22
    50: 15
    51: 10
    52: 4
    53: 1
    54: 0
    55: 8
    56: 1
    57: 3
    58: 2
    59: 1
    60: 0
    61: 0
    62: 0
    63: 0
    64: 0
    65: 0
    66: 0
    67: 0
    68: 0
    69: 0
    70: 0
    71: 0
    72: 0
    73: 0
    74: 0
    75: 0
    76: 0
    77: 0
    78: 0
    79: 0
    80: 0
    81: 0
    82: 0
    83: 0
    84: 0
    85: 0
    86: 0
    87: 0
    88: 0
    89: 0
    90: 0
    91: 0
    92: 0
    93: 0
    94: 0
    95: 0
    96: 0
    97: 0
    98: 0
    99: 0
  mem-2: # Memory controller stats
   rd: 119846 # Read requests
   wr: 33801 # Write requests
   rdlat: 17499592 # Total latency experienced by read requests
   wrlat: 5572967 # Total latency experienced by write requests
   rdhits: 2 # Read row hits
   wrhits: 50 # Write row hits
   mlh: # latency histogram for memory requests
    0: 0
    1: 0
    2: 0
    3: 0
    4: 0
    5: 0
    6: 0
    7: 0
    8: 0
    9: 0
    10: 0
    11: 0
    12: 0
    13: 77257
    14: 21183
    15: 6173
    16: 1495
    17: 4968
    18: 890
    19: 1040
    20: 887
    21: 167
    22: 470
    23: 210
    24: 331
    25: 3083
    26: 337
    27: 99
    28: 119
    29: 71
    30: 56
    31: 50
    32: 32
    33: 46
    34: 51
    35: 66
    36: 58
    37: 63
    38: 74
    39: 76
    40: 60
    41: 68
    42: 75
    43: 65
    44: 49
    45: 29
    46: 15
    47: 41
    48: 23
    49: 20
    50: 17
    51: 12
    52: 12
    53: 2
    54: 0
    55: 3
    56: 0
    57: 2
    58: 1
    59: 0
    60: 0
    61: 0
    62: 0
    63: 0
    64: 0
    65: 0
    66: 0
    67: 0
    68: 0
    69: 0
    70: 0
    71: 0
    72: 0
    73: 0
    74: 0
    75: 0
    76: 0
    77: 0
    78: 0
    79: 0
    80: 0
    81: 0
    82: 0
    83: 0
    84: 0
    85: 0
    86: 0
    87: 0
    88: 0
    89: 0
    90: 0
    91: 0
    92: 0
    93: 0
    94: 0
    95: 0
    96: 0
    97: 0
    98: 0
    99: 0
  mem-3: # Memory controller stats
   rd: 119794 # Read requests
   wr: 33784 # Write requests
   rdlat: 17497239 # Total latency experienced by read requests
   wrlat: 5555238 # Total latency experienced by write requests
   rdhits: 2 # Read row hits
   wrhits: 57 # Write row hits
   mlh: # latency histogram for memory requests
    0: 0
    1: 0
    2: 0
    3: 0
    4: 0
    5: 0
    6: 0
    7: 0
    8: 0
    9: 0
    10: 0
    11: 0
    12: 0
    13: 77268
    14: 21047
    15: 6294
    16: 1536
    17: 4997
    18: 916
    19: 1015
    20: 857
    21: 149
    22: 450
    23: 184
    24: 361
    25: 3034
    26: 304
    27: 95
    28: 114
    29: 58
    30: 42
    31: 46
    32: 48
    33: 57
    34: 56
    35: 70
    36: 53
    37: 55
    38: 72
    39: 62
    40: 71
    41: 69
    42: 65
    43: 60
    44: 38
    45: 22
    46: 28
    47: 46
    48: 57
    49: 26
    50: 17
    51: 17
    52: 12
    53: 6
    54: 4
    55: 8
    56: 0
    57: 3
    58: 3
    59: 2
    60: 0
    61: 0
    62: 0
    63: 0
    64: 0
    65: 0
    66: 0
    67: 0
    68: 0
    69: 0
    70: 0
    71: 0
    72: 0
    73: 0
    74: 0
    75: 0
    76: 0
    77: 0
    78: 0
    79: 0
    80: 0
    81: 0
    82: 0
    83: 0
    84: 0
    85: 0
    86: 0
    87: 0
    88: 0
    89: 0
    90: 0
    91: 0
    92: 0
    93: 0
    94: 0
    95: 0
    96: 0
    97: 0
    98: 0
    99: 0
 sched: # Scheduler stats
  thCr: 1 # Threads created
  thFn: 1 # Threads finished
  schedEvs: 1 # Schedule events
  waitEvs: 0 # Wait events
  handoffEvs: 0 # Handoff events
  sleepEvs: 0 # Sleep events
  idlePhases: 0 # Phases with no thread active
  idlePeriods: 0 # Periods with no thread active
  occHist: # Occupancy histogram
   0: 0
   1: 8426
  rqSzHist: # Run queue size histogram
   0: 8426
   1: 0
   2: 0
   3: 0
   4: 0
   5: 0
   6: 0
   7: 0
   8: 0
   9: 0
   10: 0
   11: 0
   12: 0
   13: 0
   14: 0
   15: 0
   16: 0
 procCycles: # Per-process unhalted core cycles
  0: 84260939
  1: 0
  2: 0
  3: 0
  4: 0
  5: 0
  6: 0
  7: 0
  8: 0
  9: 0
  10: 0
  11: 0
  12: 0
  13: 0
  14: 0
  15: 0
  16: 0
  17: 0
  18: 0
  19: 0
  20: 0
  21: 0
  22: 0
  23: 0
  24: 0
  25: 0
  26: 0
  27: 0
  28: 0
  29: 0
  30: 0
  31: 0
  32: 0
  33: 0
  34: 0
  35: 0
  36: 0
  37: 0
  38: 0
  39: 0
  40: 0
  41: 0
  42: 0
  43: 0
  44: 0
  45: 0
  46: 0
  47: 0
  48: 0
  49: 0
  50: 0
  51: 0
  52: 0
  53: 0
  54: 0
  55: 0
  56: 0
  57: 0
  58: 0
  59: 0
  60: 0
  61: 0
  62: 0
  63: 0
 procInstrs: # Per-process instructions
  0: 100007092
  1: 0
  2: 0
  3: 0
  4: 0
  5: 0
  6: 0
  7: 0
  8: 0
  9: 0
  10: 0
  11: 0
  12: 0
  13: 0
  14: 0
  15: 0
  16: 0
  17: 0
  18: 0
  19: 0
  20: 0
  21: 0
  22: 0
  23: 0
  24: 0
  25: 0
  26: 0
  27: 0
  28: 0
  29: 0
  30: 0
  31: 0
  32: 0
  33: 0
  34: 0
  35: 0
  36: 0
  37: 0
  38: 0
  39: 0
  40: 0
  41: 0
  42: 0
  43: 0
  44: 0
  45: 0
  46: 0
  47: 0
  48: 0
  49: 0
  50: 0
  51: 0
  52: 0
  53: 0
  54: 0
  55: 0
  56: 0
  57: 0
  58: 0
  59: 0
  60: 0
  61: 0
  62: 0
  63: 0
 heartbeats: # Per-process heartbeats
  0: 0
  1: 0
  2: 0
  3: 0
  4: 0
  5: 0
  6: 0
  7: 0
  8: 0
  9: 0
  10: 0
  11: 0
  12: 0
  13: 0
  14: 0
  15: 0
  16: 0
  17: 0
  18: 0
  19: 0
  20: 0
  21: 0
  22: 0
  23: 0
  24: 0
  25: 0
  26: 0
  27: 0
  28: 0
  29: 0
  30: 0
  31: 0
  32: 0
  33: 0
  34: 0
  35: 0
  36: 0
  37: 0
  38: 0
  39: 0
  40: 0
  41: 0
  42: 0
  43: 0
  44: 0
  45: 0
  46: 0
  47: 0
  48: 0
  49: 0
  50: 0
  51: 0
  52: 0
  53: 0
  54: 0
  55: 0
  56: 0
  57: 0
  58: 0
  59: 0
  60: 0
  61: 0
  62: 0
  63: 0
===
