# zsim stats
===
root: # Stats
 contention: # Contention simulation stats
  domain-0: # Domain stats
   time: 556588562 # Weave simulation time
 time: # Simulator time breakdown
  init: 118934691272
  bound: 15769360535
  weave: 1078844068
  ff: 0
 trigger: 20000 # Reason for this stats dump
 phase: 9157 # Simulated phases
 westmere: # Core stats
  westmere-0: # Core stats
   cycles: 91570002 # Simulated unhalted cycles
   cCycles: 7032713 # Cycles due to contention stalls
   instrs: 100027474 # Simulated instructions
   uops: 113827237 # Retired micro-ops
   bbls: 14849568 # Basic blocks
   approxInstrs: 596117 # Instrs with approx uop decoding
   mispredBranches: 789691 # Mispredicted branches
   condBranches: 12878603 # conditional branches
 l1i: # Cache stats
  l1i-0: # Filter cache stats
   fhGETS: 19611439 # Filtered GETS hits
   fhGETX: 0 # Filtered GETX hits
   hGETS: 198 # GETS hits
   hGETX: 0 # GETX hits
   mGETS: 162 # GETS misses
   mGETXIM: 0 # GETX I->M misses
   mGETXSM: 0 # GETX S->M misses (upgrade misses)
   PUTS: 0 # Clean evictions (from lower level)
   PUTX: 0 # Dirty evictions (from lower level)
   INV: 0 # Invalidates (from upper level)
   INVX: 0 # Downgrades (from upper level)
   FWD: 0 # Forwards (from upper level)
   latGETnl: 20088 # GET request latency on next level
   latGETnet: 0 # GET request latency on network to next level
 l1d: # Cache stats
  l1d-0: # Filter cache stats
   fhGETS: 25376576 # Filtered GETS hits
   fhGETX: 11439825 # Filtered GETX hits
   hGETS: 987365 # GETS hits
   hGETX: 1628134 # GETX hits
   mGETS: 1935298 # GETS misses
   mGETXIM: 1093143 # GETX I->M misses
   mGETXSM: 0 # GETX S->M misses (upgrade misses)
   PUTS: 0 # Clean evictions (from lower level)
   PUTX: 0 # Dirty evictions (from lower level)
   INV: 0 # Invalidates (from upper level)
   INVX: 0 # Downgrades (from upper level)
   FWD: 0 # Forwards (from upper level)
   latGETnl: 102779692 # GET request latency on next level
   latGETnet: 0 # GET request latency on network to next level
 l2: # Cache stats
  l2-0: # Cache stats
   hGETS: 939796 # GETS hits
   hGETX: 118987 # GETX hits
   mGETS: 995664 # GETS misses
   mGETXIM: 974156 # GETX I->M misses
   mGETXSM: 0 # GETX S->M misses (upgrade misses)
   PUTS: 942967 # Clean evictions (from lower level)
   PUTX: 2084962 # Dirty evictions (from lower level)
   INV: 0 # Invalidates (from upper level)
   INVX: 0 # Downgrades (from upper level)
   FWD: 0 # Forwards (from upper level)
   latGETnl: 72513750 # GET request latency on next level
   latGETnet: 0 # GET request latency on network to next level
 l3: # Cache stats
  l3-0: # Cache stats
   hGETS: 897519 # GETS hits
   hGETX: 791878 # GETX hits
   mGETS: 98145 # GETS misses
   mGETXIM: 182278 # GETX I->M misses
   mGETXSM: 0 # GETX S->M misses (upgrade misses)
   PUTS: 580521 # Clean evictions (from lower level)
   PUTX: 1385203 # Dirty evictions (from lower level)
   INV: 0 # Invalidates (from upper level)
   INVX: 0 # Downgrades (from upper level)
   FWD: 0 # Forwards (from upper level)
   latGETnl: 25238070 # GET request latency on next level
   latGETnet: 0 # GET request latency on network to next level
 mem: # Memory controller stats
  mem-0: # Memory controller stats
   rd: 70036 # Read requests
   wr: 53970 # Write requests
   rdlat: 9592596 # Total latency experienced by read requests
   wrlat: 8096414 # Total latency experienced by write requests
   rdhits: 2471 # Read row hits
   wrhits: 899 # Write row hits
   mlh: # latency histogram for memory requests
    0: 0
    1: 0
    2: 0
    3: 0
    4: 0
    5: 0
    6: 0
    7: 0
    8: 0
    9: 0
    10: 0
    11: 263
    12: 340
    13: 61654
    14: 2580
    15: 1423
    16: 861
    17: 366
    18: 418
    19: 463
    20: 414
    21: 304
    22: 70
    23: 74
    24: 55
    25: 52
    26: 31
    27: 25
    28: 36
    29: 32
    30: 35
    31: 33
    32: 51
    33: 45
    34: 39
    35: 37
    36: 32
    37: 53
    38: 34
    39: 31
    40: 42
    41: 44
    42: 36
    43: 21
    44: 7
    45: 13
    46: 8
    47: 4
    48: 8
    49: 2
    50: 0
    51: 0
    52: 0
    53: 0
    54: 0
    55: 0
    56: 0
    57: 0
    58: 0
    59: 0
    60: 0
    61: 0
    62: 0
    63: 0
    64: 0
    65: 0
    66: 0
    67: 0
    68: 0
    69: 0
    70: 0
    71: 0
    72: 0
    73: 0
    74: 0
    75: 0
    76: 0
    77: 0
    78: 0
    79: 0
    80: 0
    81: 0
    82: 0
    83: 0
    84: 0
    85: 0
    86: 0
    87: 0
    88: 0
    89: 0
    90: 0
    91: 0
    92: 0
    93: 0
    94: 0
    95: 0
    96: 0
    97: 0
    98: 0
    99: 0
  mem-1: # Memory controller stats
   rd: 70305 # Read requests
   wr: 54449 # Write requests
   rdlat: 9645531 # Total latency experienced by read requests
   wrlat: 8204846 # Total latency experienced by write requests
   rdhits: 2699 # Read row hits
   wrhits: 976 # Write row hits
   mlh: # latency histogram for memory requests
    0: 0
    1: 0
    2: 0
    3: 0
    4: 0
    5: 0
    6: 0
    7: 0
    8: 0
    9: 0
    10: 0
    11: 267
    12: 405
    13: 61643
    14: 2673
    15: 1408
    16: 875
    17: 441
    18: 425
    19: 515
    20: 424
    21: 267
    22: 59
    23: 53
    24: 59
    25: 62
    26: 24
    27: 21
    28: 30
    29: 41
    30: 48
    31: 36
    32: 36
    33: 50
    34: 62
    35: 40
    36: 36
    37: 46
    38: 44
    39: 39
    40: 38
    41: 44
    42: 31
    43: 17
    44: 4
    45: 8
    46: 5
    47: 10
    48: 8
    49: 2
    50: 3
    51: 3
    52: 3
    53: 0
    54: 0
    55: 0
    56: 0
    57: 0
    58: 0
    59: 0
    60: 0
    61: 0
    62: 0
    63: 0
    64: 0
    65: 0
    66: 0
    67: 0
    68: 0
    69: 0
    70: 0
    71: 0
    72: 0
    73: 0
    74: 0
    75: 0
    76: 0
    77: 0
    78: 0
    79: 0
    80: 0
    81: 0
    82: 0
    83: 0
    84: 0
    85: 0
    86: 0
    87: 0
    88: 0
    89: 0
    90: 0
    91: 0
    92: 0
    93: 0
    94: 0
    95: 0
    96: 0
    97: 0
    98: 0
    99: 0
  mem-2: # Memory controller stats
   rd: 70388 # Read requests
   wr: 54589 # Write requests
   rdlat: 9663902 # Total latency experienced by read requests
   wrlat: 8232308 # Total latency experienced by write requests
   rdhits: 2747 # Read row hits
   wrhits: 900 # Write row hits
   mlh: # latency histogram for memory requests
    0: 0
    1: 0
    2: 0
    3: 0
    4: 0
    5: 0
    6: 0
    7: 0
    8: 0
    9: 0
    10: 0
    11: 279
    12: 390
    13: 61640
    14: 2620
    15: 1409
    16: 853
    17: 443
    18: 491
    19: 504
    20: 489
    21: 287
    22: 78
    23: 47
    24: 57
    25: 57
    26: 27
    27: 35
    28: 27
    29: 32
    30: 38
    31: 46
    32: 42
    33: 40
    34: 45
    35: 39
    36: 32
    37: 57
    38: 41
    39: 41
    40: 46
    41: 43
    42: 41
    43: 28
    44: 10
    45: 9
    46: 6
    47: 8
    48: 6
    49: 2
    50: 0
    51: 1
    52: 0
    53: 1
    54: 0
    55: 0
    56: 0
    57: 0
    58: 0
    59: 0
    60: 0
    61: 0
    62: 1
    63: 0
    64: 0
    65: 0
    66: 0
    67: 0
    68: 0
    69: 0
    70: 0
    71: 0
    72: 0
    73: 0
    74: 0
    75: 0
    76: 0
    77: 0
    78: 0
    79: 0
    80: 0
    81: 0
    82: 0
    83: 0
    84: 0
    85: 0
    86: 0
    87: 0
    88: 0
    89: 0
    90: 0
    91: 0
    92: 0
    93: 0
    94: 0
    95: 0
    96: 0
    97: 0
    98: 0
    99: 0
  mem-3: # Memory controller stats
   rd: 69694 # Read requests
   wr: 53901 # Write requests
   rdlat: 9540918 # Total latency experienced by read requests
   wrlat: 8042298 # Total latency experienced by write requests
   rdhits: 2342 # Read row hits
   wrhits: 794 # Write row hits
   mlh: # latency histogram for memory requests
    0: 0
    1: 0
    2: 0
    3: 0
    4: 0
    5: 0
    6: 0
    7: 0
    8: 0
    9: 0
    10: 0
    11: 273
    12: 304
    13: 61667
    14: 2448
    15: 1329
    16: 775
    17: 377
    18: 416
    19: 470
    20: 446
    21: 286
    22: 54
    23: 58
    24: 65
    25: 43
    26: 24
    27: 21
    28: 30
    29: 26
    30: 41
    31: 32
    32: 35
    33: 51
    34: 50
    35: 50
    36: 41
    37: 43
    38: 45
    39: 37
    40: 35
    41: 43
    42: 43
    43: 12
    44: 10
    45: 6
    46: 4
    47: 4
    48: 0
    49: 0
    50: 0
    51: 0
    52: 0
    53: 0
    54: 0
    55: 0
    56: 0
    57: 0
    58: 0
    59: 0
    60: 0
    61: 0
    62: 0
    63: 0
    64: 0
    65: 0
    66: 0
    67: 0
    68: 0
    69: 0
    70: 0
    71: 0
    72: 0
    73: 0
    74: 0
    75: 0
    76: 0
    77: 0
    78: 0
    79: 0
    80: 0
    81: 0
    82: 0
    83: 0
    84: 0
    85: 0
    86: 0
    87: 0
    88: 0
    89: 0
    90: 0
    91: 0
    92: 0
    93: 0
    94: 0
    95: 0
    96: 0
    97: 0
    98: 0
    99: 0
 sched: # Scheduler stats
  thCr: 1 # Threads created
  thFn: 1 # Threads finished
  schedEvs: 1 # Schedule events
  waitEvs: 0 # Wait events
  handoffEvs: 0 # Handoff events
  sleepEvs: 0 # Sleep events
  idlePhases: 0 # Phases with no thread active
  idlePeriods: 0 # Periods with no thread active
  occHist: # Occupancy histogram
   0: 0
   1: 9157
  rqSzHist: # Run queue size histogram
   0: 9157
   1: 0
   2: 0
   3: 0
   4: 0
   5: 0
   6: 0
   7: 0
   8: 0
   9: 0
   10: 0
   11: 0
   12: 0
   13: 0
   14: 0
   15: 0
   16: 0
 procCycles: # Per-process unhalted core cycles
  0: 91570002
  1: 0
  2: 0
  3: 0
  4: 0
  5: 0
  6: 0
  7: 0
  8: 0
  9: 0
  10: 0
  11: 0
  12: 0
  13: 0
  14: 0
  15: 0
  16: 0
  17: 0
  18: 0
  19: 0
  20: 0
  21: 0
  22: 0
  23: 0
  24: 0
  25: 0
  26: 0
  27: 0
  28: 0
  29: 0
  30: 0
  31: 0
  32: 0
  33: 0
  34: 0
  35: 0
  36: 0
  37: 0
  38: 0
  39: 0
  40: 0
  41: 0
  42: 0
  43: 0
  44: 0
  45: 0
  46: 0
  47: 0
  48: 0
  49: 0
  50: 0
  51: 0
  52: 0
  53: 0
  54: 0
  55: 0
  56: 0
  57: 0
  58: 0
  59: 0
  60: 0
  61: 0
  62: 0
  63: 0
 procInstrs: # Per-process instructions
  0: 100027474
  1: 0
  2: 0
  3: 0
  4: 0
  5: 0
  6: 0
  7: 0
  8: 0
  9: 0
  10: 0
  11: 0
  12: 0
  13: 0
  14: 0
  15: 0
  16: 0
  17: 0
  18: 0
  19: 0
  20: 0
  21: 0
  22: 0
  23: 0
  24: 0
  25: 0
  26: 0
  27: 0
  28: 0
  29: 0
  30: 0
  31: 0
  32: 0
  33: 0
  34: 0
  35: 0
  36: 0
  37: 0
  38: 0
  39: 0
  40: 0
  41: 0
  42: 0
  43: 0
  44: 0
  45: 0
  46: 0
  47: 0
  48: 0
  49: 0
  50: 0
  51: 0
  52: 0
  53: 0
  54: 0
  55: 0
  56: 0
  57: 0
  58: 0
  59: 0
  60: 0
  61: 0
  62: 0
  63: 0
 heartbeats: # Per-process heartbeats
  0: 0
  1: 0
  2: 0
  3: 0
  4: 0
  5: 0
  6: 0
  7: 0
  8: 0
  9: 0
  10: 0
  11: 0
  12: 0
  13: 0
  14: 0
  15: 0
  16: 0
  17: 0
  18: 0
  19: 0
  20: 0
  21: 0
  22: 0
  23: 0
  24: 0
  25: 0
  26: 0
  27: 0
  28: 0
  29: 0
  30: 0
  31: 0
  32: 0
  33: 0
  34: 0
  35: 0
  36: 0
  37: 0
  38: 0
  39: 0
  40: 0
  41: 0
  42: 0
  43: 0
  44: 0
  45: 0
  46: 0
  47: 0
  48: 0
  49: 0
  50: 0
  51: 0
  52: 0
  53: 0
  54: 0
  55: 0
  56: 0
  57: 0
  58: 0
  59: 0
  60: 0
  61: 0
  62: 0
  63: 0
===
