# zsim stats
===
root: # Stats
 contention: # Contention simulation stats
  domain-0: # Domain stats
   time: 412530066 # Weave simulation time
 time: # Simulator time breakdown
  init: 6921259769417
  bound: 15338635778
  weave: 1377548326
  ff: 0
 trigger: 20000 # Reason for this stats dump
 phase: 6431 # Simulated phases
 westmere: # Core stats
  westmere-0: # Core stats
   cycles: 64310043 # Simulated unhalted cycles
   cCycles: 3136708 # Cycles due to contention stalls
   instrs: 100001453 # Simulated instructions
   uops: 117273796 # Retired micro-ops
   bbls: 29919748 # Basic blocks
   approxInstrs: 323404 # Instrs with approx uop decoding
   mispredBranches: 241031 # Mispredicted branches
   condBranches: 22422832 # conditional branches
 l1i: # Cache stats
  l1i-0: # Filter cache stats
   fhGETS: 27943112 # Filtered GETS hits
   fhGETX: 0 # Filtered GETX hits
   hGETS: 2841167 # GETS hits
   hGETX: 0 # GETX hits
   mGETS: 409499 # GETS misses
   mGETXIM: 0 # GETX I->M misses
   mGETXSM: 0 # GETX S->M misses (upgrade misses)
   PUTS: 0 # Clean evictions (from lower level)
   PUTX: 0 # Dirty evictions (from lower level)
   INV: 8 # Invalidates (from upper level)
   INVX: 0 # Downgrades (from upper level)
   FWD: 0 # Forwards (from upper level)
   latGETnl: 5127182 # GET request latency on next level
   latGETnet: 0 # GET request latency on network to next level
 l1d: # Cache stats
  l1d-0: # Filter cache stats
   fhGETS: 25826459 # Filtered GETS hits
   fhGETX: 9245202 # Filtered GETX hits
   hGETS: 4075383 # GETS hits
   hGETX: 1276356 # GETX hits
   mGETS: 1339050 # GETS misses
   mGETXIM: 203013 # GETX I->M misses
   mGETXSM: 0 # GETX S->M misses (upgrade misses)
   PUTS: 0 # Clean evictions (from lower level)
   PUTX: 0 # Dirty evictions (from lower level)
   INV: 0 # Invalidates (from upper level)
   INVX: 0 # Downgrades (from upper level)
   FWD: 0 # Forwards (from upper level)
   latGETnl: 39533388 # GET request latency on next level
   latGETnet: 0 # GET request latency on network to next level
 l2: # Cache stats
  l2-0: # Cache stats
   hGETS: 1537331 # GETS hits
   hGETX: 31816 # GETX hits
   mGETS: 211218 # GETS misses
   mGETXIM: 171197 # GETX I->M misses
   mGETXSM: 0 # GETX S->M misses (upgrade misses)
   PUTS: 1615671 # Clean evictions (from lower level)
   PUTX: 334859 # Dirty evictions (from lower level)
   INV: 0 # Invalidates (from upper level)
   INVX: 0 # Downgrades (from upper level)
   FWD: 0 # Forwards (from upper level)
   latGETnl: 25144950 # GET request latency on next level
   latGETnet: 0 # GET request latency on network to next level
 l3: # Cache stats
  l3-0: # Cache stats
   hGETS: 150689 # GETS hits
   hGETX: 54315 # GETX hits
   mGETS: 60529 # GETS misses
   mGETXIM: 116882 # GETX I->M misses
   mGETXSM: 0 # GETX S->M misses (upgrade misses)
   PUTS: 126485 # Clean evictions (from lower level)
   PUTX: 251834 # Dirty evictions (from lower level)
   INV: 0 # Invalidates (from upper level)
   INVX: 0 # Downgrades (from upper level)
   FWD: 0 # Forwards (from upper level)
   latGETnl: 15966990 # GET request latency on next level
   latGETnet: 0 # GET request latency on network to next level
 mem: # Memory controller stats
  mem-0: # Memory controller stats
   rd: 44183 # Read requests
   wr: 30997 # Write requests
   rdlat: 5971624 # Total latency experienced by read requests
   wrlat: 4831106 # Total latency experienced by write requests
   rdhits: 50 # Read row hits
   wrhits: 49 # Write row hits
   mlh: # latency histogram for memory requests
    0: 0
    1: 0
    2: 0
    3: 0
    4: 0
    5: 0
    6: 0
    7: 0
    8: 0
    9: 0
    10: 0
    11: 0
    12: 2
    13: 41449
    14: 896
    15: 681
    16: 430
    17: 40
    18: 23
    19: 30
    20: 28
    21: 24
    22: 23
    23: 28
    24: 45
    25: 34
    26: 21
    27: 15
    28: 17
    29: 27
    30: 23
    31: 28
    32: 22
    33: 23
    34: 19
    35: 28
    36: 32
    37: 32
    38: 22
    39: 29
    40: 27
    41: 28
    42: 31
    43: 11
    44: 4
    45: 4
    46: 1
    47: 2
    48: 2
    49: 1
    50: 1
    51: 0
    52: 0
    53: 0
    54: 0
    55: 0
    56: 0
    57: 0
    58: 0
    59: 0
    60: 0
    61: 0
    62: 0
    63: 0
    64: 0
    65: 0
    66: 0
    67: 0
    68: 0
    69: 0
    70: 0
    71: 0
    72: 0
    73: 0
    74: 0
    75: 0
    76: 0
    77: 0
    78: 0
    79: 0
    80: 0
    81: 0
    82: 0
    83: 0
    84: 0
    85: 0
    86: 0
    87: 0
    88: 0
    89: 0
    90: 0
    91: 0
    92: 0
    93: 0
    94: 0
    95: 0
    96: 0
    97: 0
    98: 0
    99: 0
  mem-1: # Memory controller stats
   rd: 44374 # Read requests
   wr: 31124 # Write requests
   rdlat: 5996128 # Total latency experienced by read requests
   wrlat: 4857070 # Total latency experienced by write requests
   rdhits: 59 # Read row hits
   wrhits: 51 # Write row hits
   mlh: # latency histogram for memory requests
    0: 0
    1: 0
    2: 0
    3: 0
    4: 0
    5: 0
    6: 0
    7: 0
    8: 0
    9: 0
    10: 0
    11: 1
    12: 5
    13: 41588
    14: 934
    15: 671
    16: 435
    17: 42
    18: 33
    19: 31
    20: 32
    21: 32
    22: 27
    23: 24
    24: 38
    25: 33
    26: 15
    27: 18
    28: 21
    29: 14
    30: 29
    31: 36
    32: 30
    33: 27
    34: 23
    35: 32
    36: 25
    37: 20
    38: 30
    39: 28
    40: 28
    41: 24
    42: 14
    43: 15
    44: 9
    45: 5
    46: 2
    47: 1
    48: 2
    49: 0
    50: 0
    51: 0
    52: 0
    53: 0
    54: 0
    55: 0
    56: 0
    57: 0
    58: 0
    59: 0
    60: 0
    61: 0
    62: 0
    63: 0
    64: 0
    65: 0
    66: 0
    67: 0
    68: 0
    69: 0
    70: 0
    71: 0
    72: 0
    73: 0
    74: 0
    75: 0
    76: 0
    77: 0
    78: 0
    79: 0
    80: 0
    81: 0
    82: 0
    83: 0
    84: 0
    85: 0
    86: 0
    87: 0
    88: 0
    89: 0
    90: 0
    91: 0
    92: 0
    93: 0
    94: 0
    95: 0
    96: 0
    97: 0
    98: 0
    99: 0
  mem-2: # Memory controller stats
   rd: 44462 # Read requests
   wr: 31155 # Write requests
   rdlat: 6010252 # Total latency experienced by read requests
   wrlat: 4870772 # Total latency experienced by write requests
   rdhits: 60 # Read row hits
   wrhits: 54 # Write row hits
   mlh: # latency histogram for memory requests
    0: 0
    1: 0
    2: 0
    3: 0
    4: 0
    5: 0
    6: 0
    7: 0
    8: 0
    9: 0
    10: 0
    11: 4
    12: 6
    13: 41653
    14: 881
    15: 699
    16: 478
    17: 43
    18: 27
    19: 21
    20: 40
    21: 30
    22: 30
    23: 26
    24: 37
    25: 34
    26: 11
    27: 20
    28: 27
    29: 26
    30: 21
    31: 27
    32: 34
    33: 27
    34: 24
    35: 28
    36: 25
    37: 39
    38: 24
    39: 22
    40: 22
    41: 16
    42: 19
    43: 16
    44: 13
    45: 2
    46: 2
    47: 3
    48: 4
    49: 1
    50: 0
    51: 0
    52: 0
    53: 0
    54: 0
    55: 0
    56: 0
    57: 0
    58: 0
    59: 0
    60: 0
    61: 0
    62: 0
    63: 0
    64: 0
    65: 0
    66: 0
    67: 0
    68: 0
    69: 0
    70: 0
    71: 0
    72: 0
    73: 0
    74: 0
    75: 0
    76: 0
    77: 0
    78: 0
    79: 0
    80: 0
    81: 0
    82: 0
    83: 0
    84: 0
    85: 0
    86: 0
    87: 0
    88: 0
    89: 0
    90: 0
    91: 0
    92: 0
    93: 0
    94: 0
    95: 0
    96: 0
    97: 0
    98: 0
    99: 0
  mem-3: # Memory controller stats
   rd: 44392 # Read requests
   wr: 31158 # Write requests
   rdlat: 5999016 # Total latency experienced by read requests
   wrlat: 4876414 # Total latency experienced by write requests
   rdhits: 43 # Read row hits
   wrhits: 61 # Write row hits
   mlh: # latency histogram for memory requests
    0: 0
    1: 0
    2: 0
    3: 0
    4: 0
    5: 0
    6: 0
    7: 0
    8: 0
    9: 0
    10: 0
    11: 6
    12: 3
    13: 41574
    14: 915
    15: 700
    16: 450
    17: 48
    18: 30
    19: 40
    20: 28
    21: 29
    22: 24
    23: 20
    24: 36
    25: 47
    26: 14
    27: 32
    28: 12
    29: 31
    30: 13
    31: 16
    32: 37
    33: 25
    34: 22
    35: 25
    36: 30
    37: 24
    38: 30
    39: 37
    40: 22
    41: 26
    42: 19
    43: 14
    44: 3
    45: 4
    46: 3
    47: 1
    48: 2
    49: 0
    50: 0
    51: 0
    52: 0
    53: 0
    54: 0
    55: 0
    56: 0
    57: 0
    58: 0
    59: 0
    60: 0
    61: 0
    62: 0
    63: 0
    64: 0
    65: 0
    66: 0
    67: 0
    68: 0
    69: 0
    70: 0
    71: 0
    72: 0
    73: 0
    74: 0
    75: 0
    76: 0
    77: 0
    78: 0
    79: 0
    80: 0
    81: 0
    82: 0
    83: 0
    84: 0
    85: 0
    86: 0
    87: 0
    88: 0
    89: 0
    90: 0
    91: 0
    92: 0
    93: 0
    94: 0
    95: 0
    96: 0
    97: 0
    98: 0
    99: 0
 sched: # Scheduler stats
  thCr: 1 # Threads created
  thFn: 1 # Threads finished
  schedEvs: 1 # Schedule events
  waitEvs: 0 # Wait events
  handoffEvs: 0 # Handoff events
  sleepEvs: 0 # Sleep events
  idlePhases: 0 # Phases with no thread active
  idlePeriods: 0 # Periods with no thread active
  occHist: # Occupancy histogram
   0: 0
   1: 6431
  rqSzHist: # Run queue size histogram
   0: 6431
   1: 0
   2: 0
   3: 0
   4: 0
   5: 0
   6: 0
   7: 0
   8: 0
   9: 0
   10: 0
   11: 0
   12: 0
   13: 0
   14: 0
   15: 0
   16: 0
 procCycles: # Per-process unhalted core cycles
  0: 64310043
  1: 0
  2: 0
  3: 0
  4: 0
  5: 0
  6: 0
  7: 0
  8: 0
  9: 0
  10: 0
  11: 0
  12: 0
  13: 0
  14: 0
  15: 0
  16: 0
  17: 0
  18: 0
  19: 0
  20: 0
  21: 0
  22: 0
  23: 0
  24: 0
  25: 0
  26: 0
  27: 0
  28: 0
  29: 0
  30: 0
  31: 0
  32: 0
  33: 0
  34: 0
  35: 0
  36: 0
  37: 0
  38: 0
  39: 0
  40: 0
  41: 0
  42: 0
  43: 0
  44: 0
  45: 0
  46: 0
  47: 0
  48: 0
  49: 0
  50: 0
  51: 0
  52: 0
  53: 0
  54: 0
  55: 0
  56: 0
  57: 0
  58: 0
  59: 0
  60: 0
  61: 0
  62: 0
  63: 0
 procInstrs: # Per-process instructions
  0: 100001453
  1: 0
  2: 0
  3: 0
  4: 0
  5: 0
  6: 0
  7: 0
  8: 0
  9: 0
  10: 0
  11: 0
  12: 0
  13: 0
  14: 0
  15: 0
  16: 0
  17: 0
  18: 0
  19: 0
  20: 0
  21: 0
  22: 0
  23: 0
  24: 0
  25: 0
  26: 0
  27: 0
  28: 0
  29: 0
  30: 0
  31: 0
  32: 0
  33: 0
  34: 0
  35: 0
  36: 0
  37: 0
  38: 0
  39: 0
  40: 0
  41: 0
  42: 0
  43: 0
  44: 0
  45: 0
  46: 0
  47: 0
  48: 0
  49: 0
  50: 0
  51: 0
  52: 0
  53: 0
  54: 0
  55: 0
  56: 0
  57: 0
  58: 0
  59: 0
  60: 0
  61: 0
  62: 0
  63: 0
 heartbeats: # Per-process heartbeats
  0: 0
  1: 0
  2: 0
  3: 0
  4: 0
  5: 0
  6: 0
  7: 0
  8: 0
  9: 0
  10: 0
  11: 0
  12: 0
  13: 0
  14: 0
  15: 0
  16: 0
  17: 0
  18: 0
  19: 0
  20: 0
  21: 0
  22: 0
  23: 0
  24: 0
  25: 0
  26: 0
  27: 0
  28: 0
  29: 0
  30: 0
  31: 0
  32: 0
  33: 0
  34: 0
  35: 0
  36: 0
  37: 0
  38: 0
  39: 0
  40: 0
  41: 0
  42: 0
  43: 0
  44: 0
  45: 0
  46: 0
  47: 0
  48: 0
  49: 0
  50: 0
  51: 0
  52: 0
  53: 0
  54: 0
  55: 0
  56: 0
  57: 0
  58: 0
  59: 0
  60: 0
  61: 0
  62: 0
  63: 0
===
