# zsim stats
===
root: # Stats
 contention: # Contention simulation stats
  domain-0: # Domain stats
   time: 563182941 # Weave simulation time
 time: # Simulator time breakdown
  init: 1414544237218
  bound: 20109728734
  weave: 2005307330
  ff: 0
 trigger: 20000 # Reason for this stats dump
 phase: 12829 # Simulated phases
 westmere: # Core stats
  westmere-0: # Core stats
   cycles: 128290046 # Simulated unhalted cycles
   cCycles: 9540358 # Cycles due to contention stalls
   instrs: 100001829 # Simulated instructions
   uops: 119457677 # Retired micro-ops
   bbls: 22477138 # Basic blocks
   approxInstrs: 235105 # Instrs with approx uop decoding
   mispredBranches: 1130174 # Mispredicted branches
   condBranches: 17108253 # conditional branches
 l1i: # Cache stats
  l1i-0: # Filter cache stats
   fhGETS: 25057211 # Filtered GETS hits
   fhGETX: 0 # Filtered GETX hits
   hGETS: 2001716 # GETS hits
   hGETX: 0 # GETX hits
   mGETS: 689707 # GETS misses
   mGETXIM: 0 # GETX I->M misses
   mGETXSM: 0 # GETX S->M misses (upgrade misses)
   PUTS: 0 # Clean evictions (from lower level)
   PUTX: 0 # Dirty evictions (from lower level)
   INV: 14 # Invalidates (from upper level)
   INVX: 0 # Downgrades (from upper level)
   FWD: 0 # Forwards (from upper level)
   latGETnl: 8572738 # GET request latency on next level
   latGETnet: 0 # GET request latency on network to next level
 l1d: # Cache stats
  l1d-0: # Filter cache stats
   fhGETS: 23275318 # Filtered GETS hits
   fhGETX: 15450042 # Filtered GETX hits
   hGETS: 1991902 # GETS hits
   hGETX: 1004035 # GETX hits
   mGETS: 1514792 # GETS misses
   mGETXIM: 1572719 # GETX I->M misses
   mGETXSM: 0 # GETX S->M misses (upgrade misses)
   PUTS: 0 # Clean evictions (from lower level)
   PUTX: 0 # Dirty evictions (from lower level)
   INV: 2 # Invalidates (from upper level)
   INVX: 0 # Downgrades (from upper level)
   FWD: 0 # Forwards (from upper level)
   latGETnl: 101881966 # GET request latency on next level
   latGETnet: 0 # GET request latency on network to next level
 l2: # Cache stats
  l2-0: # Cache stats
   hGETS: 1052627 # GETS hits
   hGETX: 956160 # GETX hits
   mGETS: 1151872 # GETS misses
   mGETXIM: 616559 # GETX I->M misses
   mGETXSM: 0 # GETX S->M misses (upgrade misses)
   PUTS: 1903940 # Clean evictions (from lower level)
   PUTX: 1872238 # Dirty evictions (from lower level)
   INV: 6 # Invalidates (from upper level)
   INVX: 0 # Downgrades (from upper level)
   FWD: 0 # Forwards (from upper level)
   latGETnl: 72682524 # GET request latency on next level
   latGETnet: 0 # GET request latency on network to next level
 l3: # Cache stats
  l3-0: # Cache stats
   hGETS: 871617 # GETS hits
   hGETX: 560812 # GETX hits
   mGETS: 280255 # GETS misses
   mGETXIM: 55747 # GETX I->M misses
   mGETXSM: 0 # GETX S->M misses (upgrade misses)
   PUTS: 989952 # Clean evictions (from lower level)
   PUTX: 774377 # Dirty evictions (from lower level)
   INV: 0 # Invalidates (from upper level)
   INVX: 0 # Downgrades (from upper level)
   FWD: 0 # Forwards (from upper level)
   latGETnl: 30240180 # GET request latency on next level
   latGETnet: 0 # GET request latency on network to next level
 mem: # Memory controller stats
  mem-0: # Memory controller stats
   rd: 85078 # Read requests
   wr: 18240 # Write requests
   rdlat: 11398920 # Total latency experienced by read requests
   wrlat: 2653906 # Total latency experienced by write requests
   rdhits: 34 # Read row hits
   wrhits: 23 # Write row hits
   mlh: # latency histogram for memory requests
    0: 0
    1: 0
    2: 0
    3: 0
    4: 0
    5: 0
    6: 0
    7: 0
    8: 0
    9: 0
    10: 0
    11: 2
    12: 7
    13: 82674
    14: 594
    15: 420
    16: 182
    17: 52
    18: 41
    19: 73
    20: 52
    21: 51
    22: 40
    23: 42
    24: 36
    25: 47
    26: 48
    27: 36
    28: 43
    29: 30
    30: 39
    31: 49
    32: 42
    33: 45
    34: 48
    35: 50
    36: 42
    37: 42
    38: 54
    39: 43
    40: 41
    41: 43
    42: 40
    43: 16
    44: 1
    45: 1
    46: 4
    47: 3
    48: 1
    49: 0
    50: 0
    51: 0
    52: 0
    53: 3
    54: 0
    55: 0
    56: 0
    57: 0
    58: 0
    59: 1
    60: 0
    61: 0
    62: 0
    63: 0
    64: 0
    65: 0
    66: 0
    67: 0
    68: 0
    69: 0
    70: 0
    71: 0
    72: 0
    73: 0
    74: 0
    75: 0
    76: 0
    77: 0
    78: 0
    79: 0
    80: 0
    81: 0
    82: 0
    83: 0
    84: 0
    85: 0
    86: 0
    87: 0
    88: 0
    89: 0
    90: 0
    91: 0
    92: 0
    93: 0
    94: 0
    95: 0
    96: 0
    97: 0
    98: 0
    99: 0
  mem-1: # Memory controller stats
   rd: 82934 # Read requests
   wr: 18400 # Write requests
   rdlat: 11136937 # Total latency experienced by read requests
   wrlat: 2677844 # Total latency experienced by write requests
   rdhits: 31 # Read row hits
   wrhits: 20 # Write row hits
   mlh: # latency histogram for memory requests
    0: 0
    1: 0
    2: 0
    3: 0
    4: 0
    5: 0
    6: 0
    7: 0
    8: 0
    9: 0
    10: 0
    11: 3
    12: 6
    13: 80352
    14: 682
    15: 421
    16: 192
    17: 52
    18: 51
    19: 53
    20: 50
    21: 49
    22: 44
    23: 29
    24: 52
    25: 54
    26: 44
    27: 36
    28: 36
    29: 52
    30: 41
    31: 50
    32: 51
    33: 44
    34: 56
    35: 49
    36: 60
    37: 57
    38: 46
    39: 58
    40: 41
    41: 40
    42: 52
    43: 21
    44: 1
    45: 1
    46: 2
    47: 4
    48: 2
    49: 0
    50: 0
    51: 0
    52: 0
    53: 0
    54: 0
    55: 0
    56: 0
    57: 0
    58: 0
    59: 0
    60: 0
    61: 0
    62: 0
    63: 0
    64: 0
    65: 0
    66: 0
    67: 0
    68: 0
    69: 0
    70: 0
    71: 0
    72: 0
    73: 0
    74: 0
    75: 0
    76: 0
    77: 0
    78: 0
    79: 0
    80: 0
    81: 0
    82: 0
    83: 0
    84: 0
    85: 0
    86: 0
    87: 0
    88: 0
    89: 0
    90: 0
    91: 0
    92: 0
    93: 0
    94: 0
    95: 0
    96: 0
    97: 0
    98: 0
    99: 0
  mem-2: # Memory controller stats
   rd: 85189 # Read requests
   wr: 18181 # Write requests
   rdlat: 11422132 # Total latency experienced by read requests
   wrlat: 2646762 # Total latency experienced by write requests
   rdhits: 63 # Read row hits
   wrhits: 18 # Write row hits
   mlh: # latency histogram for memory requests
    0: 0
    1: 0
    2: 0
    3: 0
    4: 0
    5: 0
    6: 0
    7: 0
    8: 0
    9: 0
    10: 0
    11: 18
    12: 15
    13: 82719
    14: 545
    15: 463
    16: 195
    17: 58
    18: 39
    19: 51
    20: 58
    21: 50
    22: 44
    23: 44
    24: 52
    25: 42
    26: 34
    27: 41
    28: 42
    29: 43
    30: 41
    31: 41
    32: 62
    33: 44
    34: 51
    35: 48
    36: 56
    37: 49
    38: 42
    39: 46
    40: 47
    41: 44
    42: 41
    43: 11
    44: 4
    45: 5
    46: 1
    47: 2
    48: 1
    49: 0
    50: 0
    51: 0
    52: 0
    53: 0
    54: 0
    55: 0
    56: 0
    57: 0
    58: 0
    59: 0
    60: 0
    61: 0
    62: 0
    63: 0
    64: 0
    65: 0
    66: 0
    67: 0
    68: 0
    69: 0
    70: 0
    71: 0
    72: 0
    73: 0
    74: 0
    75: 0
    76: 0
    77: 0
    78: 0
    79: 0
    80: 0
    81: 0
    82: 0
    83: 0
    84: 0
    85: 0
    86: 0
    87: 0
    88: 0
    89: 0
    90: 0
    91: 0
    92: 0
    93: 0
    94: 0
    95: 0
    96: 0
    97: 0
    98: 0
    99: 0
  mem-3: # Memory controller stats
   rd: 82801 # Read requests
   wr: 18236 # Write requests
   rdlat: 11097438 # Total latency experienced by read requests
   wrlat: 2642958 # Total latency experienced by write requests
   rdhits: 50 # Read row hits
   wrhits: 21 # Write row hits
   mlh: # latency histogram for memory requests
    0: 0
    1: 0
    2: 0
    3: 0
    4: 0
    5: 0
    6: 0
    7: 0
    8: 0
    9: 0
    10: 0
    11: 19
    12: 10
    13: 80297
    14: 688
    15: 428
    16: 179
    17: 46
    18: 47
    19: 62
    20: 64
    21: 46
    22: 41
    23: 32
    24: 39
    25: 47
    26: 36
    27: 24
    28: 44
    29: 51
    30: 32
    31: 38
    32: 47
    33: 60
    34: 49
    35: 56
    36: 46
    37: 42
    38: 42
    39: 45
    40: 38
    41: 41
    42: 36
    43: 16
    44: 3
    45: 7
    46: 1
    47: 2
    48: 0
    49: 0
    50: 0
    51: 0
    52: 0
    53: 0
    54: 0
    55: 0
    56: 0
    57: 0
    58: 0
    59: 0
    60: 0
    61: 0
    62: 0
    63: 0
    64: 0
    65: 0
    66: 0
    67: 0
    68: 0
    69: 0
    70: 0
    71: 0
    72: 0
    73: 0
    74: 0
    75: 0
    76: 0
    77: 0
    78: 0
    79: 0
    80: 0
    81: 0
    82: 0
    83: 0
    84: 0
    85: 0
    86: 0
    87: 0
    88: 0
    89: 0
    90: 0
    91: 0
    92: 0
    93: 0
    94: 0
    95: 0
    96: 0
    97: 0
    98: 0
    99: 0
 sched: # Scheduler stats
  thCr: 1 # Threads created
  thFn: 1 # Threads finished
  schedEvs: 1 # Schedule events
  waitEvs: 0 # Wait events
  handoffEvs: 0 # Handoff events
  sleepEvs: 0 # Sleep events
  idlePhases: 0 # Phases with no thread active
  idlePeriods: 0 # Periods with no thread active
  occHist: # Occupancy histogram
   0: 0
   1: 12829
  rqSzHist: # Run queue size histogram
   0: 12829
   1: 0
   2: 0
   3: 0
   4: 0
   5: 0
   6: 0
   7: 0
   8: 0
   9: 0
   10: 0
   11: 0
   12: 0
   13: 0
   14: 0
   15: 0
   16: 0
 procCycles: # Per-process unhalted core cycles
  0: 128290046
  1: 0
  2: 0
  3: 0
  4: 0
  5: 0
  6: 0
  7: 0
  8: 0
  9: 0
  10: 0
  11: 0
  12: 0
  13: 0
  14: 0
  15: 0
  16: 0
  17: 0
  18: 0
  19: 0
  20: 0
  21: 0
  22: 0
  23: 0
  24: 0
  25: 0
  26: 0
  27: 0
  28: 0
  29: 0
  30: 0
  31: 0
  32: 0
  33: 0
  34: 0
  35: 0
  36: 0
  37: 0
  38: 0
  39: 0
  40: 0
  41: 0
  42: 0
  43: 0
  44: 0
  45: 0
  46: 0
  47: 0
  48: 0
  49: 0
  50: 0
  51: 0
  52: 0
  53: 0
  54: 0
  55: 0
  56: 0
  57: 0
  58: 0
  59: 0
  60: 0
  61: 0
  62: 0
  63: 0
 procInstrs: # Per-process instructions
  0: 100001829
  1: 0
  2: 0
  3: 0
  4: 0
  5: 0
  6: 0
  7: 0
  8: 0
  9: 0
  10: 0
  11: 0
  12: 0
  13: 0
  14: 0
  15: 0
  16: 0
  17: 0
  18: 0
  19: 0
  20: 0
  21: 0
  22: 0
  23: 0
  24: 0
  25: 0
  26: 0
  27: 0
  28: 0
  29: 0
  30: 0
  31: 0
  32: 0
  33: 0
  34: 0
  35: 0
  36: 0
  37: 0
  38: 0
  39: 0
  40: 0
  41: 0
  42: 0
  43: 0
  44: 0
  45: 0
  46: 0
  47: 0
  48: 0
  49: 0
  50: 0
  51: 0
  52: 0
  53: 0
  54: 0
  55: 0
  56: 0
  57: 0
  58: 0
  59: 0
  60: 0
  61: 0
  62: 0
  63: 0
 heartbeats: # Per-process heartbeats
  0: 0
  1: 0
  2: 0
  3: 0
  4: 0
  5: 0
  6: 0
  7: 0
  8: 0
  9: 0
  10: 0
  11: 0
  12: 0
  13: 0
  14: 0
  15: 0
  16: 0
  17: 0
  18: 0
  19: 0
  20: 0
  21: 0
  22: 0
  23: 0
  24: 0
  25: 0
  26: 0
  27: 0
  28: 0
  29: 0
  30: 0
  31: 0
  32: 0
  33: 0
  34: 0
  35: 0
  36: 0
  37: 0
  38: 0
  39: 0
  40: 0
  41: 0
  42: 0
  43: 0
  44: 0
  45: 0
  46: 0
  47: 0
  48: 0
  49: 0
  50: 0
  51: 0
  52: 0
  53: 0
  54: 0
  55: 0
  56: 0
  57: 0
  58: 0
  59: 0
  60: 0
  61: 0
  62: 0
  63: 0
===
