# zsim stats
===
root: # Stats
 contention: # Contention simulation stats
  domain-0: # Domain stats
   time: 2120384113 # Weave simulation time
 time: # Simulator time breakdown
  init: 2613527223557
  bound: 14207795544
  weave: 3018814983
  ff: 0
 trigger: 20000 # Reason for this stats dump
 phase: 12620 # Simulated phases
 westmere: # Core stats
  westmere-0: # Core stats
   cycles: 126202004 # Simulated unhalted cycles
   cCycles: 26269511 # Cycles due to contention stalls
   instrs: 100007252 # Simulated instructions
   uops: 109270459 # Retired micro-ops
   bbls: 5331636 # Basic blocks
   approxInstrs: 0 # Instrs with approx uop decoding
   mispredBranches: 92 # Mispredicted branches
   condBranches: 4635105 # conditional branches
 l1i: # Cache stats
  l1i-0: # Filter cache stats
   fhGETS: 9919813 # Filtered GETS hits
   fhGETX: 0 # Filtered GETX hits
   hGETS: 0 # GETS hits
   hGETX: 0 # GETX hits
   mGETS: 565 # GETS misses
   mGETXIM: 0 # GETX I->M misses
   mGETXSM: 0 # GETX S->M misses (upgrade misses)
   PUTS: 0 # Clean evictions (from lower level)
   PUTX: 0 # Dirty evictions (from lower level)
   INV: 551 # Invalidates (from upper level)
   INVX: 0 # Downgrades (from upper level)
   FWD: 0 # Forwards (from upper level)
   latGETnl: 70060 # GET request latency on next level
   latGETnet: 0 # GET request latency on network to next level
 l1d: # Cache stats
  l1d-0: # Filter cache stats
   fhGETS: 24278992 # Filtered GETS hits
   fhGETX: 6133006 # Filtered GETX hits
   hGETS: 572644 # GETS hits
   hGETX: 763806 # GETX hits
   mGETS: 1455332 # GETS misses
   mGETXIM: 40102 # GETX I->M misses
   mGETXSM: 0 # GETX S->M misses (upgrade misses)
   PUTS: 0 # Clean evictions (from lower level)
   PUTX: 0 # Dirty evictions (from lower level)
   INV: 316 # Invalidates (from upper level)
   INVX: 0 # Downgrades (from upper level)
   FWD: 0 # Forwards (from upper level)
   latGETnl: 185363640 # GET request latency on next level
   latGETnet: 0 # GET request latency on network to next level
 l2: # Cache stats
  l2-0: # Cache stats
   hGETS: 539 # GETS hits
   hGETX: 0 # GETX hits
   mGETS: 1455358 # GETS misses
   mGETXIM: 40102 # GETX I->M misses
   mGETXSM: 0 # GETX S->M misses (upgrade misses)
   PUTS: 868074 # Clean evictions (from lower level)
   PUTX: 626532 # Dirty evictions (from lower level)
   INV: 888 # Invalidates (from upper level)
   INVX: 0 # Downgrades (from upper level)
   FWD: 0 # Forwards (from upper level)
   latGETnl: 170473710 # GET request latency on next level
   latGETnet: 0 # GET request latency on network to next level
 l3: # Cache stats
  l3-0: # Cache stats
   hGETS: 57 # GETS hits
   hGETX: 40 # GETX hits
   mGETS: 1455301 # GETS misses
   mGETXIM: 40062 # GETX I->M misses
   mGETXSM: 0 # GETX S->M misses (upgrade misses)
   PUTS: 866702 # Clean evictions (from lower level)
   PUTX: 623774 # Dirty evictions (from lower level)
   INV: 0 # Invalidates (from upper level)
   INVX: 0 # Downgrades (from upper level)
   FWD: 0 # Forwards (from upper level)
   latGETnl: 134582670 # GET request latency on next level
   latGETnet: 0 # GET request latency on network to next level
 mem: # Memory controller stats
  mem-0: # Memory controller stats
   rd: 445982 # Read requests
   wr: 169804 # Write requests
   rdlat: 60303752 # Total latency experienced by read requests
   wrlat: 28190112 # Total latency experienced by write requests
   rdhits: 1757 # Read row hits
   wrhits: 5257 # Write row hits
   mlh: # latency histogram for memory requests
    0: 0
    1: 0
    2: 0
    3: 0
    4: 0
    5: 0
    6: 0
    7: 0
    8: 0
    9: 0
    10: 0
    11: 0
    12: 0
    13: 417901
    14: 14044
    15: 3104
    16: 1816
    17: 438
    18: 281
    19: 365
    20: 349
    21: 394
    22: 935
    23: 1168
    24: 438
    25: 307
    26: 257
    27: 216
    28: 328
    29: 266
    30: 254
    31: 161
    32: 318
    33: 380
    34: 290
    35: 255
    36: 247
    37: 237
    38: 213
    39: 224
    40: 207
    41: 204
    42: 154
    43: 78
    44: 22
    45: 53
    46: 32
    47: 15
    48: 10
    49: 3
    50: 3
    51: 4
    52: 5
    53: 4
    54: 1
    55: 0
    56: 0
    57: 0
    58: 0
    59: 0
    60: 1
    61: 0
    62: 0
    63: 0
    64: 0
    65: 0
    66: 0
    67: 0
    68: 0
    69: 0
    70: 0
    71: 0
    72: 0
    73: 0
    74: 0
    75: 0
    76: 0
    77: 0
    78: 0
    79: 0
    80: 0
    81: 0
    82: 0
    83: 0
    84: 0
    85: 0
    86: 0
    87: 0
    88: 0
    89: 0
    90: 0
    91: 0
    92: 0
    93: 0
    94: 0
    95: 0
    96: 0
    97: 0
    98: 0
    99: 0
  mem-1: # Memory controller stats
   rd: 293393 # Read requests
   wr: 169777 # Write requests
   rdlat: 39831779 # Total latency experienced by read requests
   wrlat: 27492503 # Total latency experienced by write requests
   rdhits: 1755 # Read row hits
   wrhits: 4117 # Write row hits
   mlh: # latency histogram for memory requests
    0: 0
    1: 0
    2: 0
    3: 0
    4: 0
    5: 0
    6: 0
    7: 0
    8: 0
    9: 0
    10: 0
    11: 0
    12: 0
    13: 266676
    14: 11185
    15: 5562
    16: 2222
    17: 783
    18: 321
    19: 293
    20: 262
    21: 693
    22: 701
    23: 312
    24: 1074
    25: 357
    26: 78
    27: 76
    28: 154
    29: 394
    30: 330
    31: 144
    32: 140
    33: 153
    34: 106
    35: 169
    36: 192
    37: 155
    38: 158
    39: 157
    40: 120
    41: 104
    42: 130
    43: 49
    44: 42
    45: 21
    46: 17
    47: 36
    48: 17
    49: 3
    50: 4
    51: 1
    52: 1
    53: 1
    54: 0
    55: 0
    56: 0
    57: 0
    58: 0
    59: 0
    60: 0
    61: 0
    62: 0
    63: 0
    64: 0
    65: 0
    66: 0
    67: 0
    68: 0
    69: 0
    70: 0
    71: 0
    72: 0
    73: 0
    74: 0
    75: 0
    76: 0
    77: 0
    78: 0
    79: 0
    80: 0
    81: 0
    82: 0
    83: 0
    84: 0
    85: 0
    86: 0
    87: 0
    88: 0
    89: 0
    90: 0
    91: 0
    92: 0
    93: 0
    94: 0
    95: 0
    96: 0
    97: 0
    98: 0
    99: 0
  mem-2: # Memory controller stats
   rd: 309968 # Read requests
   wr: 110083 # Write requests
   rdlat: 41436145 # Total latency experienced by read requests
   wrlat: 15966296 # Total latency experienced by write requests
   rdhits: 1760 # Read row hits
   wrhits: 1039 # Write row hits
   mlh: # latency histogram for memory requests
    0: 0
    1: 0
    2: 0
    3: 0
    4: 0
    5: 0
    6: 0
    7: 0
    8: 0
    9: 0
    10: 0
    11: 0
    12: 1
    13: 302453
    14: 2540
    15: 532
    16: 370
    17: 17
    18: 9
    19: 140
    20: 148
    21: 238
    22: 86
    23: 210
    24: 134
    25: 95
    26: 128
    27: 441
    28: 408
    29: 158
    30: 165
    31: 106
    32: 132
    33: 165
    34: 129
    35: 108
    36: 126
    37: 130
    38: 153
    39: 144
    40: 140
    41: 153
    42: 128
    43: 39
    44: 11
    45: 15
    46: 4
    47: 4
    48: 5
    49: 2
    50: 1
    51: 0
    52: 0
    53: 0
    54: 0
    55: 0
    56: 0
    57: 0
    58: 0
    59: 0
    60: 0
    61: 0
    62: 0
    63: 0
    64: 0
    65: 0
    66: 0
    67: 0
    68: 0
    69: 0
    70: 0
    71: 0
    72: 0
    73: 0
    74: 0
    75: 0
    76: 0
    77: 0
    78: 0
    79: 0
    80: 0
    81: 0
    82: 0
    83: 0
    84: 0
    85: 0
    86: 0
    87: 0
    88: 0
    89: 0
    90: 0
    91: 0
    92: 0
    93: 0
    94: 0
    95: 0
    96: 0
    97: 0
    98: 0
    99: 0
  mem-3: # Memory controller stats
   rd: 445994 # Read requests
   wr: 169748 # Write requests
   rdlat: 60453610 # Total latency experienced by read requests
   wrlat: 28372410 # Total latency experienced by write requests
   rdhits: 1758 # Read row hits
   wrhits: 5321 # Write row hits
   mlh: # latency histogram for memory requests
    0: 0
    1: 0
    2: 0
    3: 0
    4: 0
    5: 0
    6: 0
    7: 0
    8: 0
    9: 0
    10: 0
    11: 0
    12: 0
    13: 424807
    14: 5606
    15: 3506
    16: 1840
    17: 569
    18: 365
    19: 237
    20: 592
    21: 1008
    22: 942
    23: 1048
    24: 414
    25: 232
    26: 302
    27: 492
    28: 424
    29: 477
    30: 323
    31: 206
    32: 231
    33: 188
    34: 273
    35: 178
    36: 221
    37: 196
    38: 191
    39: 194
    40: 176
    41: 211
    42: 186
    43: 96
    44: 21
    45: 51
    46: 57
    47: 108
    48: 10
    49: 4
    50: 2
    51: 5
    52: 3
    53: 1
    54: 1
    55: 0
    56: 0
    57: 0
    58: 0
    59: 0
    60: 0
    61: 0
    62: 0
    63: 0
    64: 0
    65: 0
    66: 0
    67: 0
    68: 0
    69: 0
    70: 0
    71: 0
    72: 0
    73: 0
    74: 0
    75: 0
    76: 0
    77: 0
    78: 0
    79: 0
    80: 0
    81: 0
    82: 0
    83: 0
    84: 0
    85: 0
    86: 0
    87: 0
    88: 0
    89: 0
    90: 0
    91: 0
    92: 0
    93: 0
    94: 0
    95: 0
    96: 0
    97: 0
    98: 0
    99: 0
 sched: # Scheduler stats
  thCr: 1 # Threads created
  thFn: 1 # Threads finished
  schedEvs: 1 # Schedule events
  waitEvs: 0 # Wait events
  handoffEvs: 0 # Handoff events
  sleepEvs: 0 # Sleep events
  idlePhases: 0 # Phases with no thread active
  idlePeriods: 0 # Periods with no thread active
  occHist: # Occupancy histogram
   0: 0
   1: 12620
  rqSzHist: # Run queue size histogram
   0: 12620
   1: 0
   2: 0
   3: 0
   4: 0
   5: 0
   6: 0
   7: 0
   8: 0
   9: 0
   10: 0
   11: 0
   12: 0
   13: 0
   14: 0
   15: 0
   16: 0
 procCycles: # Per-process unhalted core cycles
  0: 126202004
  1: 0
  2: 0
  3: 0
  4: 0
  5: 0
  6: 0
  7: 0
  8: 0
  9: 0
  10: 0
  11: 0
  12: 0
  13: 0
  14: 0
  15: 0
  16: 0
  17: 0
  18: 0
  19: 0
  20: 0
  21: 0
  22: 0
  23: 0
  24: 0
  25: 0
  26: 0
  27: 0
  28: 0
  29: 0
  30: 0
  31: 0
  32: 0
  33: 0
  34: 0
  35: 0
  36: 0
  37: 0
  38: 0
  39: 0
  40: 0
  41: 0
  42: 0
  43: 0
  44: 0
  45: 0
  46: 0
  47: 0
  48: 0
  49: 0
  50: 0
  51: 0
  52: 0
  53: 0
  54: 0
  55: 0
  56: 0
  57: 0
  58: 0
  59: 0
  60: 0
  61: 0
  62: 0
  63: 0
 procInstrs: # Per-process instructions
  0: 100007252
  1: 0
  2: 0
  3: 0
  4: 0
  5: 0
  6: 0
  7: 0
  8: 0
  9: 0
  10: 0
  11: 0
  12: 0
  13: 0
  14: 0
  15: 0
  16: 0
  17: 0
  18: 0
  19: 0
  20: 0
  21: 0
  22: 0
  23: 0
  24: 0
  25: 0
  26: 0
  27: 0
  28: 0
  29: 0
  30: 0
  31: 0
  32: 0
  33: 0
  34: 0
  35: 0
  36: 0
  37: 0
  38: 0
  39: 0
  40: 0
  41: 0
  42: 0
  43: 0
  44: 0
  45: 0
  46: 0
  47: 0
  48: 0
  49: 0
  50: 0
  51: 0
  52: 0
  53: 0
  54: 0
  55: 0
  56: 0
  57: 0
  58: 0
  59: 0
  60: 0
  61: 0
  62: 0
  63: 0
 heartbeats: # Per-process heartbeats
  0: 0
  1: 0
  2: 0
  3: 0
  4: 0
  5: 0
  6: 0
  7: 0
  8: 0
  9: 0
  10: 0
  11: 0
  12: 0
  13: 0
  14: 0
  15: 0
  16: 0
  17: 0
  18: 0
  19: 0
  20: 0
  21: 0
  22: 0
  23: 0
  24: 0
  25: 0
  26: 0
  27: 0
  28: 0
  29: 0
  30: 0
  31: 0
  32: 0
  33: 0
  34: 0
  35: 0
  36: 0
  37: 0
  38: 0
  39: 0
  40: 0
  41: 0
  42: 0
  43: 0
  44: 0
  45: 0
  46: 0
  47: 0
  48: 0
  49: 0
  50: 0
  51: 0
  52: 0
  53: 0
  54: 0
  55: 0
  56: 0
  57: 0
  58: 0
  59: 0
  60: 0
  61: 0
  62: 0
  63: 0
===
