# zsim stats
===
root: # Stats
 contention: # Contention simulation stats
  domain-0: # Domain stats
   time: 265893487 # Weave simulation time
 time: # Simulator time breakdown
  init: 6643670702420
  bound: 13302063687
  weave: 703756447
  ff: 0
 trigger: 20000 # Reason for this stats dump
 phase: 6319 # Simulated phases
 westmere: # Core stats
  westmere-0: # Core stats
   cycles: 63190637 # Simulated unhalted cycles
   cCycles: 5077636 # Cycles due to contention stalls
   instrs: 100009328 # Simulated instructions
   uops: 142682878 # Retired micro-ops
   bbls: 4786242 # Basic blocks
   approxInstrs: 437 # Instrs with approx uop decoding
   mispredBranches: 23035 # Mispredicted branches
   condBranches: 4718612 # conditional branches
 l1i: # Cache stats
  l1i-0: # Filter cache stats
   fhGETS: 9440551 # Filtered GETS hits
   fhGETX: 0 # Filtered GETX hits
   hGETS: 20043 # GETS hits
   hGETX: 0 # GETX hits
   mGETS: 2432 # GETS misses
   mGETXIM: 0 # GETX I->M misses
   mGETXSM: 0 # GETX S->M misses (upgrade misses)
   PUTS: 0 # Clean evictions (from lower level)
   PUTX: 0 # Dirty evictions (from lower level)
   INV: 772 # Invalidates (from upper level)
   INVX: 0 # Downgrades (from upper level)
   FWD: 0 # Forwards (from upper level)
   latGETnl: 186608 # GET request latency on next level
   latGETnet: 0 # GET request latency on network to next level
 l1d: # Cache stats
  l1d-0: # Filter cache stats
   fhGETS: 27153297 # Filtered GETS hits
   fhGETX: 9096010 # Filtered GETX hits
   hGETS: 15681519 # GETS hits
   hGETX: 5959181 # GETX hits
   mGETS: 242415 # GETS misses
   mGETXIM: 291883 # GETX I->M misses
   mGETXSM: 0 # GETX S->M misses (upgrade misses)
   PUTS: 0 # Clean evictions (from lower level)
   PUTX: 0 # Dirty evictions (from lower level)
   INV: 839 # Invalidates (from upper level)
   INVX: 0 # Downgrades (from upper level)
   FWD: 0 # Forwards (from upper level)
   latGETnl: 25757986 # GET request latency on next level
   latGETnet: 0 # GET request latency on network to next level
 l2: # Cache stats
  l2-0: # Cache stats
   hGETS: 213573 # GETS hits
   hGETX: 1596 # GETX hits
   mGETS: 31274 # GETS misses
   mGETXIM: 290287 # GETX I->M misses
   mGETXSM: 0 # GETX S->M misses (upgrade misses)
   PUTS: 241719 # Clean evictions (from lower level)
   PUTX: 292502 # Dirty evictions (from lower level)
   INV: 3144 # Invalidates (from upper level)
   INVX: 0 # Downgrades (from upper level)
   FWD: 0 # Forwards (from upper level)
   latGETnl: 20577294 # GET request latency on next level
   latGETnet: 0 # GET request latency on network to next level
 l3: # Cache stats
  l3-0: # Cache stats
   hGETS: 24981 # GETS hits
   hGETX: 153693 # GETX hits
   mGETS: 6293 # GETS misses
   mGETXIM: 136594 # GETX I->M misses
   mGETXSM: 0 # GETX S->M misses (upgrade misses)
   PUTS: 26655 # Clean evictions (from lower level)
   PUTX: 287680 # Dirty evictions (from lower level)
   INV: 0 # Invalidates (from upper level)
   INVX: 0 # Downgrades (from upper level)
   FWD: 0 # Forwards (from upper level)
   latGETnl: 12859830 # GET request latency on next level
   latGETnet: 0 # GET request latency on network to next level
 mem: # Memory controller stats
  mem-0: # Memory controller stats
   rd: 35769 # Read requests
   wr: 26578 # Write requests
   rdlat: 5380753 # Total latency experienced by read requests
   wrlat: 3914260 # Total latency experienced by write requests
   rdhits: 6 # Read row hits
   wrhits: 296 # Write row hits
   mlh: # latency histogram for memory requests
    0: 0
    1: 0
    2: 0
    3: 0
    4: 0
    5: 0
    6: 0
    7: 0
    8: 0
    9: 0
    10: 0
    11: 2
    12: 2
    13: 26801
    14: 3428
    15: 44
    16: 42
    17: 13
    18: 16
    19: 21
    20: 11
    21: 7
    22: 40
    23: 4918
    24: 21
    25: 34
    26: 16
    27: 19
    28: 19
    29: 18
    30: 6
    31: 13
    32: 30
    33: 18
    34: 18
    35: 17
    36: 23
    37: 22
    38: 15
    39: 14
    40: 17
    41: 14
    42: 11
    43: 8
    44: 6
    45: 1
    46: 4
    47: 26
    48: 8
    49: 6
    50: 8
    51: 4
    52: 7
    53: 1
    54: 0
    55: 0
    56: 0
    57: 0
    58: 0
    59: 0
    60: 0
    61: 0
    62: 0
    63: 0
    64: 0
    65: 0
    66: 0
    67: 0
    68: 0
    69: 0
    70: 0
    71: 0
    72: 0
    73: 0
    74: 0
    75: 0
    76: 0
    77: 0
    78: 0
    79: 0
    80: 0
    81: 0
    82: 0
    83: 0
    84: 0
    85: 0
    86: 0
    87: 0
    88: 0
    89: 0
    90: 0
    91: 0
    92: 0
    93: 0
    94: 0
    95: 0
    96: 0
    97: 0
    98: 0
    99: 0
  mem-1: # Memory controller stats
   rd: 35771 # Read requests
   wr: 26574 # Write requests
   rdlat: 5393982 # Total latency experienced by read requests
   wrlat: 3914141 # Total latency experienced by write requests
   rdhits: 5 # Read row hits
   wrhits: 309 # Write row hits
   mlh: # latency histogram for memory requests
    0: 0
    1: 0
    2: 0
    3: 0
    4: 0
    5: 0
    6: 0
    7: 0
    8: 0
    9: 0
    10: 0
    11: 0
    12: 1
    13: 26766
    14: 3403
    15: 47
    16: 37
    17: 16
    18: 17
    19: 21
    20: 12
    21: 17
    22: 31
    23: 4911
    24: 23
    25: 43
    26: 20
    27: 31
    28: 31
    29: 23
    30: 19
    31: 25
    32: 12
    33: 17
    34: 20
    35: 24
    36: 13
    37: 16
    38: 9
    39: 16
    40: 15
    41: 19
    42: 23
    43: 5
    44: 6
    45: 5
    46: 6
    47: 34
    48: 8
    49: 6
    50: 3
    51: 8
    52: 11
    53: 1
    54: 0
    55: 0
    56: 0
    57: 0
    58: 0
    59: 0
    60: 0
    61: 0
    62: 0
    63: 0
    64: 0
    65: 0
    66: 0
    67: 0
    68: 0
    69: 0
    70: 0
    71: 0
    72: 0
    73: 0
    74: 0
    75: 0
    76: 0
    77: 0
    78: 0
    79: 0
    80: 0
    81: 0
    82: 0
    83: 0
    84: 0
    85: 0
    86: 0
    87: 0
    88: 0
    89: 0
    90: 0
    91: 0
    92: 0
    93: 0
    94: 0
    95: 0
    96: 0
    97: 0
    98: 0
    99: 0
  mem-2: # Memory controller stats
   rd: 35679 # Read requests
   wr: 26555 # Write requests
   rdlat: 5380966 # Total latency experienced by read requests
   wrlat: 3912816 # Total latency experienced by write requests
   rdhits: 3 # Read row hits
   wrhits: 304 # Write row hits
   mlh: # latency histogram for memory requests
    0: 0
    1: 0
    2: 0
    3: 0
    4: 0
    5: 0
    6: 0
    7: 0
    8: 0
    9: 0
    10: 0
    11: 1
    12: 0
    13: 26653
    14: 3418
    15: 59
    16: 36
    17: 13
    18: 12
    19: 15
    20: 10
    21: 20
    22: 38
    23: 4905
    24: 36
    25: 60
    26: 24
    27: 20
    28: 31
    29: 13
    30: 14
    31: 15
    32: 25
    33: 21
    34: 12
    35: 15
    36: 22
    37: 17
    38: 22
    39: 23
    40: 14
    41: 5
    42: 12
    43: 10
    44: 1
    45: 3
    46: 6
    47: 39
    48: 10
    49: 13
    50: 5
    51: 6
    52: 1
    53: 4
    54: 0
    55: 0
    56: 0
    57: 0
    58: 0
    59: 0
    60: 0
    61: 0
    62: 0
    63: 0
    64: 0
    65: 0
    66: 0
    67: 0
    68: 0
    69: 0
    70: 0
    71: 0
    72: 0
    73: 0
    74: 0
    75: 0
    76: 0
    77: 0
    78: 0
    79: 0
    80: 0
    81: 0
    82: 0
    83: 0
    84: 0
    85: 0
    86: 0
    87: 0
    88: 0
    89: 0
    90: 0
    91: 0
    92: 0
    93: 0
    94: 0
    95: 0
    96: 0
    97: 0
    98: 0
    99: 0
  mem-3: # Memory controller stats
   rd: 35668 # Read requests
   wr: 26551 # Write requests
   rdlat: 5371150 # Total latency experienced by read requests
   wrlat: 3913282 # Total latency experienced by write requests
   rdhits: 7 # Read row hits
   wrhits: 303 # Write row hits
   mlh: # latency histogram for memory requests
    0: 0
    1: 0
    2: 0
    3: 0
    4: 0
    5: 0
    6: 0
    7: 0
    8: 0
    9: 0
    10: 0
    11: 2
    12: 2
    13: 26669
    14: 3405
    15: 61
    16: 43
    17: 22
    18: 11
    19: 11
    20: 15
    21: 14
    22: 45
    23: 4925
    24: 20
    25: 41
    26: 14
    27: 28
    28: 30
    29: 17
    30: 12
    31: 11
    32: 18
    33: 24
    34: 14
    35: 24
    36: 27
    37: 18
    38: 19
    39: 17
    40: 12
    41: 6
    42: 8
    43: 9
    44: 5
    45: 5
    46: 6
    47: 30
    48: 10
    49: 6
    50: 5
    51: 1
    52: 3
    53: 3
    54: 0
    55: 0
    56: 0
    57: 0
    58: 0
    59: 0
    60: 0
    61: 0
    62: 0
    63: 0
    64: 0
    65: 0
    66: 0
    67: 0
    68: 0
    69: 0
    70: 0
    71: 0
    72: 0
    73: 0
    74: 0
    75: 0
    76: 0
    77: 0
    78: 0
    79: 0
    80: 0
    81: 0
    82: 0
    83: 0
    84: 0
    85: 0
    86: 0
    87: 0
    88: 0
    89: 0
    90: 0
    91: 0
    92: 0
    93: 0
    94: 0
    95: 0
    96: 0
    97: 0
    98: 0
    99: 0
 sched: # Scheduler stats
  thCr: 1 # Threads created
  thFn: 1 # Threads finished
  schedEvs: 1 # Schedule events
  waitEvs: 0 # Wait events
  handoffEvs: 0 # Handoff events
  sleepEvs: 0 # Sleep events
  idlePhases: 0 # Phases with no thread active
  idlePeriods: 0 # Periods with no thread active
  occHist: # Occupancy histogram
   0: 0
   1: 6319
  rqSzHist: # Run queue size histogram
   0: 6319
   1: 0
   2: 0
   3: 0
   4: 0
   5: 0
   6: 0
   7: 0
   8: 0
   9: 0
   10: 0
   11: 0
   12: 0
   13: 0
   14: 0
   15: 0
   16: 0
 procCycles: # Per-process unhalted core cycles
  0: 63190637
  1: 0
  2: 0
  3: 0
  4: 0
  5: 0
  6: 0
  7: 0
  8: 0
  9: 0
  10: 0
  11: 0
  12: 0
  13: 0
  14: 0
  15: 0
  16: 0
  17: 0
  18: 0
  19: 0
  20: 0
  21: 0
  22: 0
  23: 0
  24: 0
  25: 0
  26: 0
  27: 0
  28: 0
  29: 0
  30: 0
  31: 0
  32: 0
  33: 0
  34: 0
  35: 0
  36: 0
  37: 0
  38: 0
  39: 0
  40: 0
  41: 0
  42: 0
  43: 0
  44: 0
  45: 0
  46: 0
  47: 0
  48: 0
  49: 0
  50: 0
  51: 0
  52: 0
  53: 0
  54: 0
  55: 0
  56: 0
  57: 0
  58: 0
  59: 0
  60: 0
  61: 0
  62: 0
  63: 0
 procInstrs: # Per-process instructions
  0: 100009328
  1: 0
  2: 0
  3: 0
  4: 0
  5: 0
  6: 0
  7: 0
  8: 0
  9: 0
  10: 0
  11: 0
  12: 0
  13: 0
  14: 0
  15: 0
  16: 0
  17: 0
  18: 0
  19: 0
  20: 0
  21: 0
  22: 0
  23: 0
  24: 0
  25: 0
  26: 0
  27: 0
  28: 0
  29: 0
  30: 0
  31: 0
  32: 0
  33: 0
  34: 0
  35: 0
  36: 0
  37: 0
  38: 0
  39: 0
  40: 0
  41: 0
  42: 0
  43: 0
  44: 0
  45: 0
  46: 0
  47: 0
  48: 0
  49: 0
  50: 0
  51: 0
  52: 0
  53: 0
  54: 0
  55: 0
  56: 0
  57: 0
  58: 0
  59: 0
  60: 0
  61: 0
  62: 0
  63: 0
 heartbeats: # Per-process heartbeats
  0: 0
  1: 0
  2: 0
  3: 0
  4: 0
  5: 0
  6: 0
  7: 0
  8: 0
  9: 0
  10: 0
  11: 0
  12: 0
  13: 0
  14: 0
  15: 0
  16: 0
  17: 0
  18: 0
  19: 0
  20: 0
  21: 0
  22: 0
  23: 0
  24: 0
  25: 0
  26: 0
  27: 0
  28: 0
  29: 0
  30: 0
  31: 0
  32: 0
  33: 0
  34: 0
  35: 0
  36: 0
  37: 0
  38: 0
  39: 0
  40: 0
  41: 0
  42: 0
  43: 0
  44: 0
  45: 0
  46: 0
  47: 0
  48: 0
  49: 0
  50: 0
  51: 0
  52: 0
  53: 0
  54: 0
  55: 0
  56: 0
  57: 0
  58: 0
  59: 0
  60: 0
  61: 0
  62: 0
  63: 0
===
